15:16:25:622  INFO 1620 --- [main] com.hmall.pay.PayApplication             : Starting PayApplication using Java 11.0.23 on LAPTOP-PVVFBTR9 with PID 1620 (D:\IdeaProjects\hmall\pay-service\target\classes started by GHR in D:\IdeaProjects\hmall)
15:16:25:627 DEBUG 1620 --- [main] com.hmall.pay.PayApplication             : Running with Spring Boot v2.7.12, Spring v5.3.27
15:16:25:628  INFO 1620 --- [main] com.hmall.pay.PayApplication             : The following 1 profile is active: "local"
15:16:27:040  INFO 1620 --- [main] o.s.cloud.context.scope.GenericScope     : BeanFactory id=01d8b01a-9dca-395a-8a21-45a8fef661c6
15:16:27:626  INFO 1620 --- [main] o.s.b.w.embedded.tomcat.TomcatWebServer  : Tomcat initialized with port(s): 8086 (http)
15:16:27:629  INFO 1620 --- [main] o.a.catalina.core.AprLifecycleListener   : Loaded Apache Tomcat Native library [1.2.39] using APR version [1.7.4].
15:16:27:630  INFO 1620 --- [main] o.a.catalina.core.AprLifecycleListener   : APR capabilities: IPv6 [true], sendfile [true], accept filters [false], random [true], UDS [true].
15:16:27:631  INFO 1620 --- [main] o.a.catalina.core.AprLifecycleListener   : APR/OpenSSL configuration: useAprConnector [false], useOpenSSL [true]
15:16:27:638  INFO 1620 --- [main] o.a.catalina.core.AprLifecycleListener   : OpenSSL successfully initialized [OpenSSL 3.0.11 19 Sep 2023]
15:16:27:654  INFO 1620 --- [main] o.apache.catalina.core.StandardService   : Starting service [Tomcat]
15:16:27:654  INFO 1620 --- [main] org.apache.catalina.core.StandardEngine  : Starting Servlet engine: [Apache Tomcat/9.0.75]
15:16:27:846  INFO 1620 --- [main] o.a.c.c.C.[Tomcat].[localhost].[/]       : Initializing Spring embedded WebApplicationContext
15:16:27:846  INFO 1620 --- [main] w.s.c.ServletWebServerApplicationContext : Root WebApplicationContext: initialization completed in 2144 ms
15:16:28:056  INFO 1620 --- [main] o.s.c.openfeign.FeignClientFactoryBean   : For 'user-service' URL not provided. Will try picking an instance via load-balancing.
15:16:28:111  INFO 1620 --- [main] o.s.c.openfeign.FeignClientFactoryBean   : For 'trade-service' URL not provided. Will try picking an instance via load-balancing.
15:16:32:136  INFO 1620 --- [main] o.s.cloud.commons.util.InetUtils         : Cannot determine local hostname
15:16:32:162  INFO 1620 --- [main] pertySourcedRequestMappingHandlerMapping : Mapped URL path [/v2/api-docs] onto method [springfox.documentation.swagger2.web.Swagger2ControllerWebMvc#getDocumentation(String, HttpServletRequest)]
15:16:33:760  INFO 1620 --- [main] o.s.cloud.commons.util.InetUtils         : Cannot determine local hostname
15:16:33:962  INFO 1620 --- [main] com.alibaba.nacos.common.remote.client   : [RpcClientFactory] create a new rpc client of 6e5f0bb8-1bf1-4f41-a4b9-dc9130960880
15:16:34:021  INFO 1620 --- [main] org.reflections.Reflections              : Reflections took 25 ms to scan 1 urls, producing 3 keys and 6 values 
15:16:34:055  INFO 1620 --- [main] org.reflections.Reflections              : Reflections took 12 ms to scan 1 urls, producing 4 keys and 9 values 
15:16:34:064  INFO 1620 --- [main] org.reflections.Reflections              : Reflections took 5 ms to scan 1 urls, producing 3 keys and 10 values 
15:16:34:064  WARN 1620 --- [main] org.reflections.Reflections              : given scan urls are empty. set urls in the configuration
15:16:34:075  INFO 1620 --- [main] org.reflections.Reflections              : Reflections took 4 ms to scan 1 urls, producing 1 keys and 5 values 
15:16:34:086  INFO 1620 --- [main] org.reflections.Reflections              : Reflections took 7 ms to scan 1 urls, producing 1 keys and 7 values 
15:16:34:095  INFO 1620 --- [main] org.reflections.Reflections              : Reflections took 7 ms to scan 1 urls, producing 2 keys and 8 values 
15:16:34:098  WARN 1620 --- [main] org.reflections.Reflections              : given scan urls are empty. set urls in the configuration
15:16:34:098  INFO 1620 --- [main] com.alibaba.nacos.common.remote.client   : [6e5f0bb8-1bf1-4f41-a4b9-dc9130960880] RpcClient init label, labels = {module=naming, source=sdk}
15:16:34:101  INFO 1620 --- [main] com.alibaba.nacos.common.remote.client   : [6e5f0bb8-1bf1-4f41-a4b9-dc9130960880] RpcClient init, ServerListFactory = com.alibaba.nacos.client.naming.core.ServerListManager
15:16:34:101  INFO 1620 --- [main] com.alibaba.nacos.common.remote.client   : [6e5f0bb8-1bf1-4f41-a4b9-dc9130960880] Registry connection listener to current client:com.alibaba.nacos.client.naming.remote.gprc.redo.NamingGrpcRedoService
15:16:34:101  INFO 1620 --- [main] com.alibaba.nacos.common.remote.client   : [6e5f0bb8-1bf1-4f41-a4b9-dc9130960880] Register server push request handler:com.alibaba.nacos.client.naming.remote.gprc.NamingPushRequestHandler
15:16:34:103  INFO 1620 --- [main] com.alibaba.nacos.common.remote.client   : [6e5f0bb8-1bf1-4f41-a4b9-dc9130960880] Try to connect to server on start up, server: {serverIp = '192.168.21.135', server main port = 8848}
15:16:36:171  INFO 1620 --- [main] com.alibaba.nacos.common.remote.client   : [6e5f0bb8-1bf1-4f41-a4b9-dc9130960880] Success to connect to server [192.168.21.135:8848] on start up, connectionId = 1729235795939_192.168.21.1_61145
15:16:36:172  INFO 1620 --- [com.alibaba.nacos.client.remote.worker] com.alibaba.nacos.common.remote.client   : [6e5f0bb8-1bf1-4f41-a4b9-dc9130960880] Notify connected event to listeners.
15:16:36:172  INFO 1620 --- [main] com.alibaba.nacos.common.remote.client   : [6e5f0bb8-1bf1-4f41-a4b9-dc9130960880] Register server push request handler:com.alibaba.nacos.common.remote.client.RpcClient$ConnectResetRequestHandler
15:16:36:174  INFO 1620 --- [main] com.alibaba.nacos.common.remote.client   : [6e5f0bb8-1bf1-4f41-a4b9-dc9130960880] Register server push request handler:com.alibaba.nacos.common.remote.client.RpcClient$$Lambda$978/0x000000080069b840
15:16:36:245  INFO 1620 --- [main] o.s.b.w.embedded.tomcat.TomcatWebServer  : Tomcat started on port(s): 8086 (http) with context path ''
15:16:36:267  INFO 1620 --- [main] c.a.c.n.registry.NacosServiceRegistry    : nacos registry, DEFAULT_GROUP pay-service 192.168.41.1:8086 register finished
15:16:36:734  INFO 1620 --- [nacos-grpc-client-executor-10] com.alibaba.nacos.common.remote.client   : [6e5f0bb8-1bf1-4f41-a4b9-dc9130960880] Receive server push request, request = NotifySubscriberRequest, requestId = 6
15:16:36:736  INFO 1620 --- [nacos-grpc-client-executor-10] com.alibaba.nacos.common.remote.client   : [6e5f0bb8-1bf1-4f41-a4b9-dc9130960880] Ack server push request, request = NotifySubscriberRequest, requestId = 6
15:16:37:773  INFO 1620 --- [main] o.s.cloud.commons.util.InetUtils         : Cannot determine local hostname
15:16:37:775  INFO 1620 --- [main] d.s.w.p.DocumentationPluginsBootstrapper : Documentation plugins bootstrapped
15:16:37:776  INFO 1620 --- [main] d.s.w.p.DocumentationPluginsBootstrapper : Found 1 custom documentation plugin(s)
15:16:37:817  INFO 1620 --- [main] s.d.s.w.s.ApiListingReferenceScanner     : Scanning for api listing references
15:16:37:957  INFO 1620 --- [main] com.hmall.pay.PayApplication             : Started PayApplication in 14.531 seconds (JVM running for 15.632)
15:38:12:856  WARN 1620 --- [Thread-4] c.a.nacos.common.notify.NotifyCenter     : [NotifyCenter] Start destroying Publisher
15:38:12:856  WARN 1620 --- [Thread-7] c.a.n.common.http.HttpClientBeanHolder   : [HttpClientBeanHolder] Start destroying common HttpClient
15:38:12:856  WARN 1620 --- [Thread-4] c.a.nacos.common.notify.NotifyCenter     : [NotifyCenter] Destruction of the end
15:38:12:856  WARN 1620 --- [Thread-7] c.a.n.common.http.HttpClientBeanHolder   : [HttpClientBeanHolder] Destruction of the end
15:38:13:293  INFO 1620 --- [SpringApplicationShutdownHook] c.a.c.n.registry.NacosServiceRegistry    : De-registering from Nacos Server now...
15:38:13:297  INFO 1620 --- [SpringApplicationShutdownHook] c.a.c.n.registry.NacosServiceRegistry    : De-registration finished.
15:38:13:625  INFO 1620 --- [SpringApplicationShutdownHook] com.alibaba.nacos.common.remote.client   : Shutdown rpc client, set status to shutdown
15:38:13:627  INFO 1620 --- [SpringApplicationShutdownHook] com.alibaba.nacos.common.remote.client   : Shutdown client event executor java.util.concurrent.ScheduledThreadPoolExecutor@193bf2f2[Running, pool size = 2, active threads = 2, queued tasks = 0, completed tasks = 0]
15:38:13:627  INFO 1620 --- [SpringApplicationShutdownHook] com.alibaba.nacos.common.remote.client   : Close current connection 1729235795939_192.168.21.1_61145
15:38:13:628  INFO 1620 --- [nacos-grpc-client-executor-303] c.a.n.c.remote.client.grpc.GrpcClient    : [1729235795939_192.168.21.1_61145]Ignore complete event,isRunning:false,isAbandon=false
15:38:13:630  INFO 1620 --- [SpringApplicationShutdownHook] c.a.n.c.remote.client.grpc.GrpcClient    : Shutdown grpc executor java.util.concurrent.ThreadPoolExecutor@57140885[Running, pool size = 6, active threads = 0, queued tasks = 0, completed tasks = 304]
15:39:16:869  INFO 6448 --- [main] com.hmall.pay.PayApplication             : Starting PayApplication using Java 11.0.23 on LAPTOP-PVVFBTR9 with PID 6448 (D:\IdeaProjects\hmall\pay-service\target\classes started by GHR in D:\IdeaProjects\hmall)
15:39:16:869 DEBUG 6448 --- [main] com.hmall.pay.PayApplication             : Running with Spring Boot v2.7.12, Spring v5.3.27
15:39:16:869  INFO 6448 --- [main] com.hmall.pay.PayApplication             : The following 1 profile is active: "local"
15:39:17:547  INFO 6448 --- [main] o.s.cloud.context.scope.GenericScope     : BeanFactory id=01d8b01a-9dca-395a-8a21-45a8fef661c6
15:39:17:806  INFO 6448 --- [main] o.s.b.w.embedded.tomcat.TomcatWebServer  : Tomcat initialized with port(s): 8086 (http)
15:39:17:807  INFO 6448 --- [main] o.a.catalina.core.AprLifecycleListener   : Loaded Apache Tomcat Native library [1.2.39] using APR version [1.7.4].
15:39:17:807  INFO 6448 --- [main] o.a.catalina.core.AprLifecycleListener   : APR capabilities: IPv6 [true], sendfile [true], accept filters [false], random [true], UDS [true].
15:39:17:807  INFO 6448 --- [main] o.a.catalina.core.AprLifecycleListener   : APR/OpenSSL configuration: useAprConnector [false], useOpenSSL [true]
15:39:17:810  INFO 6448 --- [main] o.a.catalina.core.AprLifecycleListener   : OpenSSL successfully initialized [OpenSSL 3.0.11 19 Sep 2023]
15:39:17:815  INFO 6448 --- [main] o.apache.catalina.core.StandardService   : Starting service [Tomcat]
15:39:17:816  INFO 6448 --- [main] org.apache.catalina.core.StandardEngine  : Starting Servlet engine: [Apache Tomcat/9.0.75]
15:39:17:914  INFO 6448 --- [main] o.a.c.c.C.[Tomcat].[localhost].[/]       : Initializing Spring embedded WebApplicationContext
15:39:17:914  INFO 6448 --- [main] w.s.c.ServletWebServerApplicationContext : Root WebApplicationContext: initialization completed in 1014 ms
15:39:18:031  INFO 6448 --- [main] o.s.c.openfeign.FeignClientFactoryBean   : For 'user-service' URL not provided. Will try picking an instance via load-balancing.
15:39:18:065  INFO 6448 --- [main] o.s.c.openfeign.FeignClientFactoryBean   : For 'trade-service' URL not provided. Will try picking an instance via load-balancing.
15:39:20:610  INFO 6448 --- [main] o.s.cloud.commons.util.InetUtils         : Cannot determine local hostname
15:39:20:625  INFO 6448 --- [main] pertySourcedRequestMappingHandlerMapping : Mapped URL path [/v2/api-docs] onto method [springfox.documentation.swagger2.web.Swagger2ControllerWebMvc#getDocumentation(String, HttpServletRequest)]
15:39:21:963  INFO 6448 --- [main] o.s.cloud.commons.util.InetUtils         : Cannot determine local hostname
15:39:22:074  INFO 6448 --- [main] com.alibaba.nacos.common.remote.client   : [RpcClientFactory] create a new rpc client of 440f52e4-a90b-4224-a6e4-f1bbd950a8c5
15:39:22:109  INFO 6448 --- [main] org.reflections.Reflections              : Reflections took 19 ms to scan 1 urls, producing 3 keys and 6 values 
15:39:22:128  INFO 6448 --- [main] org.reflections.Reflections              : Reflections took 7 ms to scan 1 urls, producing 4 keys and 9 values 
15:39:22:137  INFO 6448 --- [main] org.reflections.Reflections              : Reflections took 6 ms to scan 1 urls, producing 3 keys and 10 values 
15:39:22:140  WARN 6448 --- [main] org.reflections.Reflections              : given scan urls are empty. set urls in the configuration
15:39:22:145  INFO 6448 --- [main] org.reflections.Reflections              : Reflections took 5 ms to scan 1 urls, producing 1 keys and 5 values 
15:39:22:154  INFO 6448 --- [main] org.reflections.Reflections              : Reflections took 6 ms to scan 1 urls, producing 1 keys and 7 values 
15:39:22:158  INFO 6448 --- [main] org.reflections.Reflections              : Reflections took 1 ms to scan 1 urls, producing 2 keys and 8 values 
15:39:22:164  WARN 6448 --- [main] org.reflections.Reflections              : given scan urls are empty. set urls in the configuration
15:39:22:166  INFO 6448 --- [main] com.alibaba.nacos.common.remote.client   : [440f52e4-a90b-4224-a6e4-f1bbd950a8c5] RpcClient init label, labels = {module=naming, source=sdk}
15:39:22:166  INFO 6448 --- [main] com.alibaba.nacos.common.remote.client   : [440f52e4-a90b-4224-a6e4-f1bbd950a8c5] RpcClient init, ServerListFactory = com.alibaba.nacos.client.naming.core.ServerListManager
15:39:22:166  INFO 6448 --- [main] com.alibaba.nacos.common.remote.client   : [440f52e4-a90b-4224-a6e4-f1bbd950a8c5] Registry connection listener to current client:com.alibaba.nacos.client.naming.remote.gprc.redo.NamingGrpcRedoService
15:39:22:166  INFO 6448 --- [main] com.alibaba.nacos.common.remote.client   : [440f52e4-a90b-4224-a6e4-f1bbd950a8c5] Register server push request handler:com.alibaba.nacos.client.naming.remote.gprc.NamingPushRequestHandler
15:39:22:169  INFO 6448 --- [main] com.alibaba.nacos.common.remote.client   : [440f52e4-a90b-4224-a6e4-f1bbd950a8c5] Try to connect to server on start up, server: {serverIp = '192.168.21.135', server main port = 8848}
15:39:23:616  INFO 6448 --- [main] com.alibaba.nacos.common.remote.client   : [440f52e4-a90b-4224-a6e4-f1bbd950a8c5] Success to connect to server [192.168.21.135:8848] on start up, connectionId = 1729237163421_192.168.21.1_63458
15:39:23:616  INFO 6448 --- [com.alibaba.nacos.client.remote.worker] com.alibaba.nacos.common.remote.client   : [440f52e4-a90b-4224-a6e4-f1bbd950a8c5] Notify connected event to listeners.
15:39:23:616  INFO 6448 --- [main] com.alibaba.nacos.common.remote.client   : [440f52e4-a90b-4224-a6e4-f1bbd950a8c5] Register server push request handler:com.alibaba.nacos.common.remote.client.RpcClient$ConnectResetRequestHandler
15:39:23:616  INFO 6448 --- [main] com.alibaba.nacos.common.remote.client   : [440f52e4-a90b-4224-a6e4-f1bbd950a8c5] Register server push request handler:com.alibaba.nacos.common.remote.client.RpcClient$$Lambda$978/0x000000080069a040
15:39:23:675  INFO 6448 --- [main] o.s.b.w.embedded.tomcat.TomcatWebServer  : Tomcat started on port(s): 8086 (http) with context path ''
15:39:23:689  INFO 6448 --- [main] c.a.c.n.registry.NacosServiceRegistry    : nacos registry, DEFAULT_GROUP pay-service 192.168.41.1:8086 register finished
15:39:24:224  INFO 6448 --- [nacos-grpc-client-executor-9] com.alibaba.nacos.common.remote.client   : [440f52e4-a90b-4224-a6e4-f1bbd950a8c5] Receive server push request, request = NotifySubscriberRequest, requestId = 43
15:39:24:228  INFO 6448 --- [nacos-grpc-client-executor-9] com.alibaba.nacos.common.remote.client   : [440f52e4-a90b-4224-a6e4-f1bbd950a8c5] Ack server push request, request = NotifySubscriberRequest, requestId = 43
15:39:25:081  INFO 6448 --- [main] o.s.cloud.commons.util.InetUtils         : Cannot determine local hostname
15:39:25:082  INFO 6448 --- [main] d.s.w.p.DocumentationPluginsBootstrapper : Documentation plugins bootstrapped
15:39:25:083  INFO 6448 --- [main] d.s.w.p.DocumentationPluginsBootstrapper : Found 1 custom documentation plugin(s)
15:39:25:099  INFO 6448 --- [main] s.d.s.w.s.ApiListingReferenceScanner     : Scanning for api listing references
15:39:25:165  INFO 6448 --- [main] com.hmall.pay.PayApplication             : Started PayApplication in 10.062 seconds (JVM running for 10.886)
15:51:33:740  WARN 6448 --- [Thread-7] c.a.n.common.http.HttpClientBeanHolder   : [HttpClientBeanHolder] Start destroying common HttpClient
15:51:33:740  WARN 6448 --- [Thread-4] c.a.nacos.common.notify.NotifyCenter     : [NotifyCenter] Start destroying Publisher
15:51:33:740  WARN 6448 --- [Thread-4] c.a.nacos.common.notify.NotifyCenter     : [NotifyCenter] Destruction of the end
15:51:33:740  WARN 6448 --- [Thread-7] c.a.n.common.http.HttpClientBeanHolder   : [HttpClientBeanHolder] Destruction of the end
15:51:34:128  INFO 6448 --- [SpringApplicationShutdownHook] c.a.c.n.registry.NacosServiceRegistry    : De-registering from Nacos Server now...
15:51:34:133  INFO 6448 --- [SpringApplicationShutdownHook] c.a.c.n.registry.NacosServiceRegistry    : De-registration finished.
15:51:34:460  INFO 6448 --- [SpringApplicationShutdownHook] com.alibaba.nacos.common.remote.client   : Shutdown rpc client, set status to shutdown
15:51:34:460  INFO 6448 --- [SpringApplicationShutdownHook] com.alibaba.nacos.common.remote.client   : Shutdown client event executor java.util.concurrent.ScheduledThreadPoolExecutor@10669fb9[Running, pool size = 2, active threads = 2, queued tasks = 0, completed tasks = 0]
15:51:34:462  INFO 6448 --- [SpringApplicationShutdownHook] com.alibaba.nacos.common.remote.client   : Close current connection 1729237163421_192.168.21.1_63458
15:51:34:462  INFO 6448 --- [nacos-grpc-client-executor-180] c.a.n.c.remote.client.grpc.GrpcClient    : [1729237163421_192.168.21.1_63458]Ignore complete event,isRunning:false,isAbandon=false
15:51:34:466  INFO 6448 --- [SpringApplicationShutdownHook] c.a.n.c.remote.client.grpc.GrpcClient    : Shutdown grpc executor java.util.concurrent.ThreadPoolExecutor@421178eb[Running, pool size = 6, active threads = 0, queued tasks = 0, completed tasks = 181]
15:52:00:117  INFO 12596 --- [main] com.hmall.pay.PayApplication             : Starting PayApplication using Java 11.0.23 on LAPTOP-PVVFBTR9 with PID 12596 (D:\IdeaProjects\hmall\pay-service\target\classes started by GHR in D:\IdeaProjects\hmall)
15:52:00:123 DEBUG 12596 --- [main] com.hmall.pay.PayApplication             : Running with Spring Boot v2.7.12, Spring v5.3.27
15:52:00:125  INFO 12596 --- [main] com.hmall.pay.PayApplication             : The following 1 profile is active: "local"
15:52:01:323  INFO 12596 --- [main] o.s.cloud.context.scope.GenericScope     : BeanFactory id=01d8b01a-9dca-395a-8a21-45a8fef661c6
15:52:01:861  INFO 12596 --- [main] o.s.b.w.embedded.tomcat.TomcatWebServer  : Tomcat initialized with port(s): 8086 (http)
15:52:01:862  INFO 12596 --- [main] o.a.catalina.core.AprLifecycleListener   : Loaded Apache Tomcat Native library [1.2.39] using APR version [1.7.4].
15:52:01:862  INFO 12596 --- [main] o.a.catalina.core.AprLifecycleListener   : APR capabilities: IPv6 [true], sendfile [true], accept filters [false], random [true], UDS [true].
15:52:01:862  INFO 12596 --- [main] o.a.catalina.core.AprLifecycleListener   : APR/OpenSSL configuration: useAprConnector [false], useOpenSSL [true]
15:52:01:868  INFO 12596 --- [main] o.a.catalina.core.AprLifecycleListener   : OpenSSL successfully initialized [OpenSSL 3.0.11 19 Sep 2023]
15:52:01:876  INFO 12596 --- [main] o.apache.catalina.core.StandardService   : Starting service [Tomcat]
15:52:01:877  INFO 12596 --- [main] org.apache.catalina.core.StandardEngine  : Starting Servlet engine: [Apache Tomcat/9.0.75]
15:52:02:030  INFO 12596 --- [main] o.a.c.c.C.[Tomcat].[localhost].[/]       : Initializing Spring embedded WebApplicationContext
15:52:02:030  INFO 12596 --- [main] w.s.c.ServletWebServerApplicationContext : Root WebApplicationContext: initialization completed in 1849 ms
15:52:02:223  INFO 12596 --- [main] o.s.c.openfeign.FeignClientFactoryBean   : For 'user-service' URL not provided. Will try picking an instance via load-balancing.
15:52:02:269  INFO 12596 --- [main] o.s.c.openfeign.FeignClientFactoryBean   : For 'trade-service' URL not provided. Will try picking an instance via load-balancing.
15:52:05:574  INFO 12596 --- [main] o.s.cloud.commons.util.InetUtils         : Cannot determine local hostname
15:52:05:597  INFO 12596 --- [main] pertySourcedRequestMappingHandlerMapping : Mapped URL path [/v2/api-docs] onto method [springfox.documentation.swagger2.web.Swagger2ControllerWebMvc#getDocumentation(String, HttpServletRequest)]
15:52:07:219  INFO 12596 --- [main] o.s.cloud.commons.util.InetUtils         : Cannot determine local hostname
15:52:07:360  INFO 12596 --- [main] com.alibaba.nacos.common.remote.client   : [RpcClientFactory] create a new rpc client of 4799236e-2006-47a1-af56-544ba6c0f6e5
15:52:07:392  INFO 12596 --- [main] org.reflections.Reflections              : Reflections took 18 ms to scan 1 urls, producing 3 keys and 6 values 
15:52:07:419  INFO 12596 --- [main] org.reflections.Reflections              : Reflections took 12 ms to scan 1 urls, producing 4 keys and 9 values 
15:52:07:431  INFO 12596 --- [main] org.reflections.Reflections              : Reflections took 8 ms to scan 1 urls, producing 3 keys and 10 values 
15:52:07:435  WARN 12596 --- [main] org.reflections.Reflections              : given scan urls are empty. set urls in the configuration
15:52:07:444  INFO 12596 --- [main] org.reflections.Reflections              : Reflections took 8 ms to scan 1 urls, producing 1 keys and 5 values 
15:52:07:454  INFO 12596 --- [main] org.reflections.Reflections              : Reflections took 8 ms to scan 1 urls, producing 1 keys and 7 values 
15:52:07:463  INFO 12596 --- [main] org.reflections.Reflections              : Reflections took 6 ms to scan 1 urls, producing 2 keys and 8 values 
15:52:07:465  WARN 12596 --- [main] org.reflections.Reflections              : given scan urls are empty. set urls in the configuration
15:52:07:466  INFO 12596 --- [main] com.alibaba.nacos.common.remote.client   : [4799236e-2006-47a1-af56-544ba6c0f6e5] RpcClient init label, labels = {module=naming, source=sdk}
15:52:07:468  INFO 12596 --- [main] com.alibaba.nacos.common.remote.client   : [4799236e-2006-47a1-af56-544ba6c0f6e5] RpcClient init, ServerListFactory = com.alibaba.nacos.client.naming.core.ServerListManager
15:52:07:469  INFO 12596 --- [main] com.alibaba.nacos.common.remote.client   : [4799236e-2006-47a1-af56-544ba6c0f6e5] Registry connection listener to current client:com.alibaba.nacos.client.naming.remote.gprc.redo.NamingGrpcRedoService
15:52:07:469  INFO 12596 --- [main] com.alibaba.nacos.common.remote.client   : [4799236e-2006-47a1-af56-544ba6c0f6e5] Register server push request handler:com.alibaba.nacos.client.naming.remote.gprc.NamingPushRequestHandler
15:52:07:470  INFO 12596 --- [main] com.alibaba.nacos.common.remote.client   : [4799236e-2006-47a1-af56-544ba6c0f6e5] Try to connect to server on start up, server: {serverIp = '192.168.21.135', server main port = 8848}
15:52:09:534  INFO 12596 --- [main] com.alibaba.nacos.common.remote.client   : [4799236e-2006-47a1-af56-544ba6c0f6e5] Success to connect to server [192.168.21.135:8848] on start up, connectionId = 1729237929346_192.168.21.1_65360
15:52:09:534  INFO 12596 --- [com.alibaba.nacos.client.remote.worker] com.alibaba.nacos.common.remote.client   : [4799236e-2006-47a1-af56-544ba6c0f6e5] Notify connected event to listeners.
15:52:09:535  INFO 12596 --- [main] com.alibaba.nacos.common.remote.client   : [4799236e-2006-47a1-af56-544ba6c0f6e5] Register server push request handler:com.alibaba.nacos.common.remote.client.RpcClient$ConnectResetRequestHandler
15:52:09:536  INFO 12596 --- [main] com.alibaba.nacos.common.remote.client   : [4799236e-2006-47a1-af56-544ba6c0f6e5] Register server push request handler:com.alibaba.nacos.common.remote.client.RpcClient$$Lambda$978/0x000000080069a040
15:52:09:591  INFO 12596 --- [main] o.s.b.w.embedded.tomcat.TomcatWebServer  : Tomcat started on port(s): 8086 (http) with context path ''
15:52:09:605  INFO 12596 --- [main] c.a.c.n.registry.NacosServiceRegistry    : nacos registry, DEFAULT_GROUP pay-service 192.168.41.1:8086 register finished
15:52:10:157  INFO 12596 --- [nacos-grpc-client-executor-9] com.alibaba.nacos.common.remote.client   : [4799236e-2006-47a1-af56-544ba6c0f6e5] Receive server push request, request = NotifySubscriberRequest, requestId = 68
15:52:10:160  INFO 12596 --- [nacos-grpc-client-executor-9] com.alibaba.nacos.common.remote.client   : [4799236e-2006-47a1-af56-544ba6c0f6e5] Ack server push request, request = NotifySubscriberRequest, requestId = 68
15:52:10:987  INFO 12596 --- [main] o.s.cloud.commons.util.InetUtils         : Cannot determine local hostname
15:52:10:987  INFO 12596 --- [main] d.s.w.p.DocumentationPluginsBootstrapper : Documentation plugins bootstrapped
15:52:10:990  INFO 12596 --- [main] d.s.w.p.DocumentationPluginsBootstrapper : Found 1 custom documentation plugin(s)
15:52:11:007  INFO 12596 --- [main] s.d.s.w.s.ApiListingReferenceScanner     : Scanning for api listing references
15:52:11:077  INFO 12596 --- [main] com.hmall.pay.PayApplication             : Started PayApplication in 12.959 seconds (JVM running for 13.904)
16:01:50:470  WARN 12596 --- [Thread-7] c.a.n.common.http.HttpClientBeanHolder   : [HttpClientBeanHolder] Start destroying common HttpClient
16:01:50:470  WARN 12596 --- [Thread-4] c.a.nacos.common.notify.NotifyCenter     : [NotifyCenter] Start destroying Publisher
16:01:50:470  WARN 12596 --- [Thread-4] c.a.nacos.common.notify.NotifyCenter     : [NotifyCenter] Destruction of the end
16:01:50:470  WARN 12596 --- [Thread-7] c.a.n.common.http.HttpClientBeanHolder   : [HttpClientBeanHolder] Destruction of the end
16:01:50:859  INFO 12596 --- [SpringApplicationShutdownHook] c.a.c.n.registry.NacosServiceRegistry    : De-registering from Nacos Server now...
16:01:50:864  INFO 12596 --- [SpringApplicationShutdownHook] c.a.c.n.registry.NacosServiceRegistry    : De-registration finished.
16:01:51:195  INFO 12596 --- [SpringApplicationShutdownHook] com.alibaba.nacos.common.remote.client   : Shutdown rpc client, set status to shutdown
16:01:51:195  INFO 12596 --- [SpringApplicationShutdownHook] com.alibaba.nacos.common.remote.client   : Shutdown client event executor java.util.concurrent.ScheduledThreadPoolExecutor@365fefa0[Running, pool size = 2, active threads = 2, queued tasks = 0, completed tasks = 0]
16:01:51:195  INFO 12596 --- [SpringApplicationShutdownHook] com.alibaba.nacos.common.remote.client   : Close current connection 1729237929346_192.168.21.1_65360
16:01:51:198  INFO 12596 --- [nacos-grpc-client-executor-146] c.a.n.c.remote.client.grpc.GrpcClient    : [1729237929346_192.168.21.1_65360]Ignore complete event,isRunning:false,isAbandon=false
16:01:51:200  INFO 12596 --- [SpringApplicationShutdownHook] c.a.n.c.remote.client.grpc.GrpcClient    : Shutdown grpc executor java.util.concurrent.ThreadPoolExecutor@145512ac[Running, pool size = 5, active threads = 0, queued tasks = 0, completed tasks = 147]
16:02:25:576  INFO 17208 --- [main] com.hmall.pay.PayApplication             : Starting PayApplication using Java 11.0.23 on LAPTOP-PVVFBTR9 with PID 17208 (D:\IdeaProjects\hmall\pay-service\target\classes started by GHR in D:\IdeaProjects\hmall)
16:02:25:576 DEBUG 17208 --- [main] com.hmall.pay.PayApplication             : Running with Spring Boot v2.7.12, Spring v5.3.27
16:02:25:576  INFO 17208 --- [main] com.hmall.pay.PayApplication             : The following 1 profile is active: "local"
16:02:26:807  INFO 17208 --- [main] o.s.cloud.context.scope.GenericScope     : BeanFactory id=01d8b01a-9dca-395a-8a21-45a8fef661c6
16:02:27:155  INFO 17208 --- [main] o.s.b.w.embedded.tomcat.TomcatWebServer  : Tomcat initialized with port(s): 8086 (http)
16:02:27:155  INFO 17208 --- [main] o.a.catalina.core.AprLifecycleListener   : Loaded Apache Tomcat Native library [1.2.39] using APR version [1.7.4].
16:02:27:155  INFO 17208 --- [main] o.a.catalina.core.AprLifecycleListener   : APR capabilities: IPv6 [true], sendfile [true], accept filters [false], random [true], UDS [true].
16:02:27:155  INFO 17208 --- [main] o.a.catalina.core.AprLifecycleListener   : APR/OpenSSL configuration: useAprConnector [false], useOpenSSL [true]
16:02:27:160  INFO 17208 --- [main] o.a.catalina.core.AprLifecycleListener   : OpenSSL successfully initialized [OpenSSL 3.0.11 19 Sep 2023]
16:02:27:169  INFO 17208 --- [main] o.apache.catalina.core.StandardService   : Starting service [Tomcat]
16:02:27:169  INFO 17208 --- [main] org.apache.catalina.core.StandardEngine  : Starting Servlet engine: [Apache Tomcat/9.0.75]
16:02:27:295  INFO 17208 --- [main] o.a.c.c.C.[Tomcat].[localhost].[/]       : Initializing Spring embedded WebApplicationContext
16:02:27:295  INFO 17208 --- [main] w.s.c.ServletWebServerApplicationContext : Root WebApplicationContext: initialization completed in 1663 ms
16:02:27:459  INFO 17208 --- [main] o.s.c.openfeign.FeignClientFactoryBean   : For 'user-service' URL not provided. Will try picking an instance via load-balancing.
16:02:27:510  INFO 17208 --- [main] o.s.c.openfeign.FeignClientFactoryBean   : For 'trade-service' URL not provided. Will try picking an instance via load-balancing.
16:02:31:070  INFO 17208 --- [main] o.s.cloud.commons.util.InetUtils         : Cannot determine local hostname
16:02:31:087  INFO 17208 --- [main] pertySourcedRequestMappingHandlerMapping : Mapped URL path [/v2/api-docs] onto method [springfox.documentation.swagger2.web.Swagger2ControllerWebMvc#getDocumentation(String, HttpServletRequest)]
16:02:32:642  INFO 17208 --- [main] o.s.cloud.commons.util.InetUtils         : Cannot determine local hostname
16:02:32:749  INFO 17208 --- [main] com.alibaba.nacos.common.remote.client   : [RpcClientFactory] create a new rpc client of 273f8026-d342-499c-8f16-a9c48c6d12b3
16:02:32:775  INFO 17208 --- [main] org.reflections.Reflections              : Reflections took 17 ms to scan 1 urls, producing 3 keys and 6 values 
16:02:32:789  INFO 17208 --- [main] org.reflections.Reflections              : Reflections took 4 ms to scan 1 urls, producing 4 keys and 9 values 
16:02:32:799  INFO 17208 --- [main] org.reflections.Reflections              : Reflections took 6 ms to scan 1 urls, producing 3 keys and 10 values 
16:02:32:800  WARN 17208 --- [main] org.reflections.Reflections              : given scan urls are empty. set urls in the configuration
16:02:32:806  INFO 17208 --- [main] org.reflections.Reflections              : Reflections took 5 ms to scan 1 urls, producing 1 keys and 5 values 
16:02:32:812  INFO 17208 --- [main] org.reflections.Reflections              : Reflections took 5 ms to scan 1 urls, producing 1 keys and 7 values 
16:02:32:820  INFO 17208 --- [main] org.reflections.Reflections              : Reflections took 6 ms to scan 1 urls, producing 2 keys and 8 values 
16:02:32:822  WARN 17208 --- [main] org.reflections.Reflections              : given scan urls are empty. set urls in the configuration
16:02:32:822  INFO 17208 --- [main] com.alibaba.nacos.common.remote.client   : [273f8026-d342-499c-8f16-a9c48c6d12b3] RpcClient init label, labels = {module=naming, source=sdk}
16:02:32:824  INFO 17208 --- [main] com.alibaba.nacos.common.remote.client   : [273f8026-d342-499c-8f16-a9c48c6d12b3] RpcClient init, ServerListFactory = com.alibaba.nacos.client.naming.core.ServerListManager
16:02:32:824  INFO 17208 --- [main] com.alibaba.nacos.common.remote.client   : [273f8026-d342-499c-8f16-a9c48c6d12b3] Registry connection listener to current client:com.alibaba.nacos.client.naming.remote.gprc.redo.NamingGrpcRedoService
16:02:32:824  INFO 17208 --- [main] com.alibaba.nacos.common.remote.client   : [273f8026-d342-499c-8f16-a9c48c6d12b3] Register server push request handler:com.alibaba.nacos.client.naming.remote.gprc.NamingPushRequestHandler
16:02:32:825  INFO 17208 --- [main] com.alibaba.nacos.common.remote.client   : [273f8026-d342-499c-8f16-a9c48c6d12b3] Try to connect to server on start up, server: {serverIp = '192.168.21.135', server main port = 8848}
16:02:34:024  INFO 17208 --- [main] com.alibaba.nacos.common.remote.client   : [273f8026-d342-499c-8f16-a9c48c6d12b3] Success to connect to server [192.168.21.135:8848] on start up, connectionId = 1729238553848_192.168.21.1_50537
16:02:34:024  INFO 17208 --- [com.alibaba.nacos.client.remote.worker] com.alibaba.nacos.common.remote.client   : [273f8026-d342-499c-8f16-a9c48c6d12b3] Notify connected event to listeners.
16:02:34:024  INFO 17208 --- [main] com.alibaba.nacos.common.remote.client   : [273f8026-d342-499c-8f16-a9c48c6d12b3] Register server push request handler:com.alibaba.nacos.common.remote.client.RpcClient$ConnectResetRequestHandler
16:02:34:026  INFO 17208 --- [main] com.alibaba.nacos.common.remote.client   : [273f8026-d342-499c-8f16-a9c48c6d12b3] Register server push request handler:com.alibaba.nacos.common.remote.client.RpcClient$$Lambda$978/0x000000080069a040
16:02:34:081  INFO 17208 --- [main] o.s.b.w.embedded.tomcat.TomcatWebServer  : Tomcat started on port(s): 8086 (http) with context path ''
16:02:34:091  INFO 17208 --- [main] c.a.c.n.registry.NacosServiceRegistry    : nacos registry, DEFAULT_GROUP pay-service 192.168.41.1:8086 register finished
16:02:34:633  INFO 17208 --- [nacos-grpc-client-executor-9] com.alibaba.nacos.common.remote.client   : [273f8026-d342-499c-8f16-a9c48c6d12b3] Receive server push request, request = NotifySubscriberRequest, requestId = 95
16:02:34:635  INFO 17208 --- [nacos-grpc-client-executor-9] com.alibaba.nacos.common.remote.client   : [273f8026-d342-499c-8f16-a9c48c6d12b3] Ack server push request, request = NotifySubscriberRequest, requestId = 95
16:02:35:455  INFO 17208 --- [main] o.s.cloud.commons.util.InetUtils         : Cannot determine local hostname
16:02:35:455  INFO 17208 --- [main] d.s.w.p.DocumentationPluginsBootstrapper : Documentation plugins bootstrapped
16:02:35:458  INFO 17208 --- [main] d.s.w.p.DocumentationPluginsBootstrapper : Found 1 custom documentation plugin(s)
16:02:35:480  INFO 17208 --- [main] s.d.s.w.s.ApiListingReferenceScanner     : Scanning for api listing references
16:02:35:553  INFO 17208 --- [main] com.hmall.pay.PayApplication             : Started PayApplication in 11.954 seconds (JVM running for 12.942)
16:26:34:937  WARN 17208 --- [Thread-4] c.a.nacos.common.notify.NotifyCenter     : [NotifyCenter] Start destroying Publisher
16:26:34:937  WARN 17208 --- [Thread-7] c.a.n.common.http.HttpClientBeanHolder   : [HttpClientBeanHolder] Start destroying common HttpClient
16:26:34:938  WARN 17208 --- [Thread-4] c.a.nacos.common.notify.NotifyCenter     : [NotifyCenter] Destruction of the end
16:26:34:938  WARN 17208 --- [Thread-7] c.a.n.common.http.HttpClientBeanHolder   : [HttpClientBeanHolder] Destruction of the end
16:26:35:304  INFO 17208 --- [SpringApplicationShutdownHook] c.a.c.n.registry.NacosServiceRegistry    : De-registering from Nacos Server now...
16:26:35:308  INFO 17208 --- [SpringApplicationShutdownHook] c.a.c.n.registry.NacosServiceRegistry    : De-registration finished.
16:26:35:389  INFO 17208 --- [SpringApplicationShutdownHook] com.alibaba.nacos.common.remote.client   : Shutdown rpc client, set status to shutdown
16:26:35:390  INFO 17208 --- [SpringApplicationShutdownHook] com.alibaba.nacos.common.remote.client   : Shutdown client event executor java.util.concurrent.ScheduledThreadPoolExecutor@41318df[Running, pool size = 2, active threads = 2, queued tasks = 0, completed tasks = 0]
16:26:35:390  INFO 17208 --- [SpringApplicationShutdownHook] com.alibaba.nacos.common.remote.client   : Close current connection 1729238553848_192.168.21.1_50537
16:26:35:392  INFO 17208 --- [nacos-grpc-client-executor-345] c.a.n.c.remote.client.grpc.GrpcClient    : [1729238553848_192.168.21.1_50537]Ignore complete event,isRunning:false,isAbandon=false
16:26:35:394  INFO 17208 --- [SpringApplicationShutdownHook] c.a.n.c.remote.client.grpc.GrpcClient    : Shutdown grpc executor java.util.concurrent.ThreadPoolExecutor@3aaaf934[Running, pool size = 5, active threads = 0, queued tasks = 0, completed tasks = 346]
16:26:40:821  INFO 19600 --- [main] com.hmall.pay.PayApplication             : Starting PayApplication using Java 11.0.23 on LAPTOP-PVVFBTR9 with PID 19600 (D:\IdeaProjects\hmall\pay-service\target\classes started by GHR in D:\IdeaProjects\hmall)
16:26:40:823 DEBUG 19600 --- [main] com.hmall.pay.PayApplication             : Running with Spring Boot v2.7.12, Spring v5.3.27
16:26:40:824  INFO 19600 --- [main] com.hmall.pay.PayApplication             : The following 1 profile is active: "local"
16:26:41:676  INFO 19600 --- [main] o.s.cloud.context.scope.GenericScope     : BeanFactory id=01d8b01a-9dca-395a-8a21-45a8fef661c6
16:26:41:938  INFO 19600 --- [main] o.s.b.w.embedded.tomcat.TomcatWebServer  : Tomcat initialized with port(s): 8086 (http)
16:26:41:938  INFO 19600 --- [main] o.a.catalina.core.AprLifecycleListener   : Loaded Apache Tomcat Native library [1.2.39] using APR version [1.7.4].
16:26:41:940  INFO 19600 --- [main] o.a.catalina.core.AprLifecycleListener   : APR capabilities: IPv6 [true], sendfile [true], accept filters [false], random [true], UDS [true].
16:26:41:940  INFO 19600 --- [main] o.a.catalina.core.AprLifecycleListener   : APR/OpenSSL configuration: useAprConnector [false], useOpenSSL [true]
16:26:41:942  INFO 19600 --- [main] o.a.catalina.core.AprLifecycleListener   : OpenSSL successfully initialized [OpenSSL 3.0.11 19 Sep 2023]
16:26:41:949  INFO 19600 --- [main] o.apache.catalina.core.StandardService   : Starting service [Tomcat]
16:26:41:949  INFO 19600 --- [main] org.apache.catalina.core.StandardEngine  : Starting Servlet engine: [Apache Tomcat/9.0.75]
16:26:42:055  INFO 19600 --- [main] o.a.c.c.C.[Tomcat].[localhost].[/]       : Initializing Spring embedded WebApplicationContext
16:26:42:056  INFO 19600 --- [main] w.s.c.ServletWebServerApplicationContext : Root WebApplicationContext: initialization completed in 1197 ms
16:26:42:201  INFO 19600 --- [main] o.s.c.openfeign.FeignClientFactoryBean   : For 'user-service' URL not provided. Will try picking an instance via load-balancing.
16:26:42:236  INFO 19600 --- [main] o.s.c.openfeign.FeignClientFactoryBean   : For 'trade-service' URL not provided. Will try picking an instance via load-balancing.
16:26:45:220  INFO 19600 --- [main] o.s.cloud.commons.util.InetUtils         : Cannot determine local hostname
16:26:45:251  INFO 19600 --- [main] pertySourcedRequestMappingHandlerMapping : Mapped URL path [/v2/api-docs] onto method [springfox.documentation.swagger2.web.Swagger2ControllerWebMvc#getDocumentation(String, HttpServletRequest)]
16:26:46:768  INFO 19600 --- [main] o.s.cloud.commons.util.InetUtils         : Cannot determine local hostname
16:26:46:928  INFO 19600 --- [main] com.alibaba.nacos.common.remote.client   : [RpcClientFactory] create a new rpc client of bd832cbe-337c-4dd9-8ff1-c33c8f580db3
16:26:46:968  INFO 19600 --- [main] org.reflections.Reflections              : Reflections took 23 ms to scan 1 urls, producing 3 keys and 6 values 
16:26:46:992  INFO 19600 --- [main] org.reflections.Reflections              : Reflections took 8 ms to scan 1 urls, producing 4 keys and 9 values 
16:26:47:002  INFO 19600 --- [main] org.reflections.Reflections              : Reflections took 5 ms to scan 1 urls, producing 3 keys and 10 values 
16:26:47:005  WARN 19600 --- [main] org.reflections.Reflections              : given scan urls are empty. set urls in the configuration
16:26:47:010  INFO 19600 --- [main] org.reflections.Reflections              : Reflections took 4 ms to scan 1 urls, producing 1 keys and 5 values 
16:26:47:022  INFO 19600 --- [main] org.reflections.Reflections              : Reflections took 6 ms to scan 1 urls, producing 1 keys and 7 values 
16:26:47:028  INFO 19600 --- [main] org.reflections.Reflections              : Reflections took 6 ms to scan 1 urls, producing 2 keys and 8 values 
16:26:47:031  WARN 19600 --- [main] org.reflections.Reflections              : given scan urls are empty. set urls in the configuration
16:26:47:032  INFO 19600 --- [main] com.alibaba.nacos.common.remote.client   : [bd832cbe-337c-4dd9-8ff1-c33c8f580db3] RpcClient init label, labels = {module=naming, source=sdk}
16:26:47:033  INFO 19600 --- [main] com.alibaba.nacos.common.remote.client   : [bd832cbe-337c-4dd9-8ff1-c33c8f580db3] RpcClient init, ServerListFactory = com.alibaba.nacos.client.naming.core.ServerListManager
16:26:47:033  INFO 19600 --- [main] com.alibaba.nacos.common.remote.client   : [bd832cbe-337c-4dd9-8ff1-c33c8f580db3] Registry connection listener to current client:com.alibaba.nacos.client.naming.remote.gprc.redo.NamingGrpcRedoService
16:26:47:033  INFO 19600 --- [main] com.alibaba.nacos.common.remote.client   : [bd832cbe-337c-4dd9-8ff1-c33c8f580db3] Register server push request handler:com.alibaba.nacos.client.naming.remote.gprc.NamingPushRequestHandler
16:26:47:033  INFO 19600 --- [main] com.alibaba.nacos.common.remote.client   : [bd832cbe-337c-4dd9-8ff1-c33c8f580db3] Try to connect to server on start up, server: {serverIp = '192.168.21.135', server main port = 8848}
16:26:48:597  INFO 19600 --- [main] com.alibaba.nacos.common.remote.client   : [bd832cbe-337c-4dd9-8ff1-c33c8f580db3] Success to connect to server [192.168.21.135:8848] on start up, connectionId = 1729240008422_192.168.21.1_52863
16:26:48:597  INFO 19600 --- [com.alibaba.nacos.client.remote.worker] com.alibaba.nacos.common.remote.client   : [bd832cbe-337c-4dd9-8ff1-c33c8f580db3] Notify connected event to listeners.
16:26:48:597  INFO 19600 --- [main] com.alibaba.nacos.common.remote.client   : [bd832cbe-337c-4dd9-8ff1-c33c8f580db3] Register server push request handler:com.alibaba.nacos.common.remote.client.RpcClient$ConnectResetRequestHandler
16:26:48:599  INFO 19600 --- [main] com.alibaba.nacos.common.remote.client   : [bd832cbe-337c-4dd9-8ff1-c33c8f580db3] Register server push request handler:com.alibaba.nacos.common.remote.client.RpcClient$$Lambda$978/0x000000080069a440
16:26:48:642  INFO 19600 --- [main] o.s.b.w.embedded.tomcat.TomcatWebServer  : Tomcat started on port(s): 8086 (http) with context path ''
16:26:48:651  INFO 19600 --- [main] c.a.c.n.registry.NacosServiceRegistry    : nacos registry, DEFAULT_GROUP pay-service 192.168.41.1:8086 register finished
16:26:49:175  INFO 19600 --- [nacos-grpc-client-executor-10] com.alibaba.nacos.common.remote.client   : [bd832cbe-337c-4dd9-8ff1-c33c8f580db3] Receive server push request, request = NotifySubscriberRequest, requestId = 118
16:26:49:178  INFO 19600 --- [nacos-grpc-client-executor-10] com.alibaba.nacos.common.remote.client   : [bd832cbe-337c-4dd9-8ff1-c33c8f580db3] Ack server push request, request = NotifySubscriberRequest, requestId = 118
16:26:50:027  INFO 19600 --- [main] o.s.cloud.commons.util.InetUtils         : Cannot determine local hostname
16:26:50:028  INFO 19600 --- [main] d.s.w.p.DocumentationPluginsBootstrapper : Documentation plugins bootstrapped
16:26:50:028  INFO 19600 --- [main] d.s.w.p.DocumentationPluginsBootstrapper : Found 1 custom documentation plugin(s)
16:26:50:058  INFO 19600 --- [main] s.d.s.w.s.ApiListingReferenceScanner     : Scanning for api listing references
16:26:50:152  INFO 19600 --- [main] com.hmall.pay.PayApplication             : Started PayApplication in 11.099 seconds (JVM running for 11.887)
16:37:26:785  WARN 19600 --- [Thread-7] c.a.n.common.http.HttpClientBeanHolder   : [HttpClientBeanHolder] Start destroying common HttpClient
16:37:26:785  WARN 19600 --- [Thread-4] c.a.nacos.common.notify.NotifyCenter     : [NotifyCenter] Start destroying Publisher
16:37:26:785  WARN 19600 --- [Thread-4] c.a.nacos.common.notify.NotifyCenter     : [NotifyCenter] Destruction of the end
16:37:26:785  WARN 19600 --- [Thread-7] c.a.n.common.http.HttpClientBeanHolder   : [HttpClientBeanHolder] Destruction of the end
16:37:27:016  INFO 19600 --- [SpringApplicationShutdownHook] c.a.c.n.registry.NacosServiceRegistry    : De-registering from Nacos Server now...
16:37:27:020  INFO 19600 --- [SpringApplicationShutdownHook] c.a.c.n.registry.NacosServiceRegistry    : De-registration finished.
16:37:27:345  INFO 19600 --- [SpringApplicationShutdownHook] com.alibaba.nacos.common.remote.client   : Shutdown rpc client, set status to shutdown
16:37:27:345  INFO 19600 --- [SpringApplicationShutdownHook] com.alibaba.nacos.common.remote.client   : Shutdown client event executor java.util.concurrent.ScheduledThreadPoolExecutor@676629b9[Running, pool size = 2, active threads = 2, queued tasks = 0, completed tasks = 0]
16:37:27:345  INFO 19600 --- [SpringApplicationShutdownHook] com.alibaba.nacos.common.remote.client   : Close current connection 1729240008422_192.168.21.1_52863
16:37:27:346  INFO 19600 --- [nacos-grpc-client-executor-150] c.a.n.c.remote.client.grpc.GrpcClient    : [1729240008422_192.168.21.1_52863]Ignore complete event,isRunning:false,isAbandon=false
16:37:27:347  INFO 19600 --- [SpringApplicationShutdownHook] c.a.n.c.remote.client.grpc.GrpcClient    : Shutdown grpc executor java.util.concurrent.ThreadPoolExecutor@7d0b0d26[Running, pool size = 5, active threads = 0, queued tasks = 0, completed tasks = 151]
16:38:14:243  INFO 17100 --- [main] com.hmall.pay.PayApplication             : Starting PayApplication using Java 11.0.23 on LAPTOP-PVVFBTR9 with PID 17100 (D:\IdeaProjects\hmall\pay-service\target\classes started by GHR in D:\IdeaProjects\hmall)
16:38:14:247 DEBUG 17100 --- [main] com.hmall.pay.PayApplication             : Running with Spring Boot v2.7.12, Spring v5.3.27
16:38:14:248  INFO 17100 --- [main] com.hmall.pay.PayApplication             : The following 1 profile is active: "local"
16:38:15:554  INFO 17100 --- [main] o.s.cloud.context.scope.GenericScope     : BeanFactory id=01d8b01a-9dca-395a-8a21-45a8fef661c6
16:38:15:857  INFO 17100 --- [main] o.s.b.w.embedded.tomcat.TomcatWebServer  : Tomcat initialized with port(s): 8086 (http)
16:38:15:859  INFO 17100 --- [main] o.a.catalina.core.AprLifecycleListener   : Loaded Apache Tomcat Native library [1.2.39] using APR version [1.7.4].
16:38:15:859  INFO 17100 --- [main] o.a.catalina.core.AprLifecycleListener   : APR capabilities: IPv6 [true], sendfile [true], accept filters [false], random [true], UDS [true].
16:38:15:859  INFO 17100 --- [main] o.a.catalina.core.AprLifecycleListener   : APR/OpenSSL configuration: useAprConnector [false], useOpenSSL [true]
16:38:15:864  INFO 17100 --- [main] o.a.catalina.core.AprLifecycleListener   : OpenSSL successfully initialized [OpenSSL 3.0.11 19 Sep 2023]
16:38:15:872  INFO 17100 --- [main] o.apache.catalina.core.StandardService   : Starting service [Tomcat]
16:38:15:873  INFO 17100 --- [main] org.apache.catalina.core.StandardEngine  : Starting Servlet engine: [Apache Tomcat/9.0.75]
16:38:16:004  INFO 17100 --- [main] o.a.c.c.C.[Tomcat].[localhost].[/]       : Initializing Spring embedded WebApplicationContext
16:38:16:004  INFO 17100 --- [main] w.s.c.ServletWebServerApplicationContext : Root WebApplicationContext: initialization completed in 1723 ms
16:38:16:188  INFO 17100 --- [main] o.s.c.openfeign.FeignClientFactoryBean   : For 'user-service' URL not provided. Will try picking an instance via load-balancing.
16:38:16:238  INFO 17100 --- [main] o.s.c.openfeign.FeignClientFactoryBean   : For 'trade-service' URL not provided. Will try picking an instance via load-balancing.
16:38:19:727  INFO 17100 --- [main] o.s.cloud.commons.util.InetUtils         : Cannot determine local hostname
16:38:19:752  INFO 17100 --- [main] pertySourcedRequestMappingHandlerMapping : Mapped URL path [/v2/api-docs] onto method [springfox.documentation.swagger2.web.Swagger2ControllerWebMvc#getDocumentation(String, HttpServletRequest)]
16:38:21:616  INFO 17100 --- [main] o.s.cloud.commons.util.InetUtils         : Cannot determine local hostname
16:38:21:732  INFO 17100 --- [main] com.alibaba.nacos.common.remote.client   : [RpcClientFactory] create a new rpc client of 96d44829-fdc7-4e9d-8778-3f286054633d
16:38:21:759  INFO 17100 --- [main] org.reflections.Reflections              : Reflections took 16 ms to scan 1 urls, producing 3 keys and 6 values 
16:38:21:789  INFO 17100 --- [main] org.reflections.Reflections              : Reflections took 9 ms to scan 1 urls, producing 4 keys and 9 values 
16:38:21:791  INFO 17100 --- [main] org.reflections.Reflections              : Reflections took 0 ms to scan 1 urls, producing 3 keys and 10 values 
16:38:21:799  WARN 17100 --- [main] org.reflections.Reflections              : given scan urls are empty. set urls in the configuration
16:38:21:805  INFO 17100 --- [main] org.reflections.Reflections              : Reflections took 6 ms to scan 1 urls, producing 1 keys and 5 values 
16:38:21:815  INFO 17100 --- [main] org.reflections.Reflections              : Reflections took 8 ms to scan 1 urls, producing 1 keys and 7 values 
16:38:21:827  INFO 17100 --- [main] org.reflections.Reflections              : Reflections took 10 ms to scan 1 urls, producing 2 keys and 8 values 
16:38:21:828  WARN 17100 --- [main] org.reflections.Reflections              : given scan urls are empty. set urls in the configuration
16:38:21:830  INFO 17100 --- [main] com.alibaba.nacos.common.remote.client   : [96d44829-fdc7-4e9d-8778-3f286054633d] RpcClient init label, labels = {module=naming, source=sdk}
16:38:21:831  INFO 17100 --- [main] com.alibaba.nacos.common.remote.client   : [96d44829-fdc7-4e9d-8778-3f286054633d] RpcClient init, ServerListFactory = com.alibaba.nacos.client.naming.core.ServerListManager
16:38:21:831  INFO 17100 --- [main] com.alibaba.nacos.common.remote.client   : [96d44829-fdc7-4e9d-8778-3f286054633d] Registry connection listener to current client:com.alibaba.nacos.client.naming.remote.gprc.redo.NamingGrpcRedoService
16:38:21:832  INFO 17100 --- [main] com.alibaba.nacos.common.remote.client   : [96d44829-fdc7-4e9d-8778-3f286054633d] Register server push request handler:com.alibaba.nacos.client.naming.remote.gprc.NamingPushRequestHandler
16:38:21:833  INFO 17100 --- [main] com.alibaba.nacos.common.remote.client   : [96d44829-fdc7-4e9d-8778-3f286054633d] Try to connect to server on start up, server: {serverIp = '192.168.21.135', server main port = 8848}
16:38:23:239  INFO 17100 --- [main] com.alibaba.nacos.common.remote.client   : [96d44829-fdc7-4e9d-8778-3f286054633d] Success to connect to server [192.168.21.135:8848] on start up, connectionId = 1729240703063_192.168.21.1_54476
16:38:23:239  INFO 17100 --- [com.alibaba.nacos.client.remote.worker] com.alibaba.nacos.common.remote.client   : [96d44829-fdc7-4e9d-8778-3f286054633d] Notify connected event to listeners.
16:38:23:240  INFO 17100 --- [main] com.alibaba.nacos.common.remote.client   : [96d44829-fdc7-4e9d-8778-3f286054633d] Register server push request handler:com.alibaba.nacos.common.remote.client.RpcClient$ConnectResetRequestHandler
16:38:23:240  INFO 17100 --- [main] com.alibaba.nacos.common.remote.client   : [96d44829-fdc7-4e9d-8778-3f286054633d] Register server push request handler:com.alibaba.nacos.common.remote.client.RpcClient$$Lambda$978/0x000000080069a040
16:38:23:293  INFO 17100 --- [main] o.s.b.w.embedded.tomcat.TomcatWebServer  : Tomcat started on port(s): 8086 (http) with context path ''
16:38:23:304  INFO 17100 --- [main] c.a.c.n.registry.NacosServiceRegistry    : nacos registry, DEFAULT_GROUP pay-service 192.168.41.1:8086 register finished
16:38:23:776  INFO 17100 --- [nacos-grpc-client-executor-9] com.alibaba.nacos.common.remote.client   : [96d44829-fdc7-4e9d-8778-3f286054633d] Receive server push request, request = NotifySubscriberRequest, requestId = 146
16:38:23:779  INFO 17100 --- [nacos-grpc-client-executor-9] com.alibaba.nacos.common.remote.client   : [96d44829-fdc7-4e9d-8778-3f286054633d] Ack server push request, request = NotifySubscriberRequest, requestId = 146
16:38:24:720  INFO 17100 --- [main] o.s.cloud.commons.util.InetUtils         : Cannot determine local hostname
16:38:24:720  INFO 17100 --- [main] d.s.w.p.DocumentationPluginsBootstrapper : Documentation plugins bootstrapped
16:38:24:720  INFO 17100 --- [main] d.s.w.p.DocumentationPluginsBootstrapper : Found 1 custom documentation plugin(s)
16:38:24:739  INFO 17100 --- [main] s.d.s.w.s.ApiListingReferenceScanner     : Scanning for api listing references
16:38:24:802  INFO 17100 --- [main] com.hmall.pay.PayApplication             : Started PayApplication in 12.489 seconds (JVM running for 13.956)
16:56:19:735  INFO 17100 --- [http-nio-8086-exec-1] o.a.c.c.C.[Tomcat].[localhost].[/]       : Initializing Spring DispatcherServlet 'dispatcherServlet'
16:56:19:735  INFO 17100 --- [http-nio-8086-exec-1] o.s.web.servlet.DispatcherServlet        : Initializing Servlet 'dispatcherServlet'
16:56:19:741  INFO 17100 --- [http-nio-8086-exec-1] o.s.web.servlet.DispatcherServlet        : Completed initialization in 6 ms
16:56:19:844  INFO 17100 --- [http-nio-8086-exec-1] com.zaxxer.hikari.HikariDataSource       : HikariPool-1 - Starting...
16:56:20:046  INFO 17100 --- [http-nio-8086-exec-1] com.zaxxer.hikari.HikariDataSource       : HikariPool-1 - Start completed.
16:56:20:052 DEBUG 17100 --- [http-nio-8086-exec-1] c.h.pay.mapper.PayOrderMapper.selectOne  : ==>  Preparing: SELECT id,biz_order_no,pay_order_no,biz_user_id,pay_channel_code,amount,pay_type,status,expand_json,result_code,result_msg,pay_success_time,pay_over_time,qr_code_url,create_time,update_time,creater,updater,is_delete FROM pay_order WHERE (biz_order_no = ?)
16:56:20:067 DEBUG 17100 --- [http-nio-8086-exec-1] c.h.pay.mapper.PayOrderMapper.selectOne  : ==> Parameters: 1847200022220242946(Long)
16:56:20:117 DEBUG 17100 --- [http-nio-8086-exec-1] c.h.pay.mapper.PayOrderMapper.selectOne  : <==      Total: 0
16:56:20:150 DEBUG 17100 --- [http-nio-8086-exec-1] c.h.pay.mapper.PayOrderMapper.insert     : ==>  Preparing: INSERT INTO pay_order ( id, biz_order_no, pay_order_no, biz_user_id, pay_channel_code, amount, pay_type, status, pay_over_time ) VALUES ( ?, ?, ?, ?, ?, ?, ?, ?, ? )
16:56:20:152 DEBUG 17100 --- [http-nio-8086-exec-1] c.h.pay.mapper.PayOrderMapper.insert     : ==> Parameters: 1847200025894547459(Long), 1847200022220242946(Long), 1847200025894547458(Long), 1(Long), balance(String), 71800(Integer), 5(Integer), 1(Integer), 2024-10-18T18:56:20.146935900(LocalDateTime)
16:56:20:159 DEBUG 17100 --- [http-nio-8086-exec-1] c.h.pay.mapper.PayOrderMapper.insert     : <==    Updates: 1
16:56:23:373 DEBUG 17100 --- [http-nio-8086-exec-3] c.h.p.mapper.PayOrderMapper.selectById   : ==>  Preparing: SELECT id,biz_order_no,pay_order_no,biz_user_id,pay_channel_code,amount,pay_type,status,expand_json,result_code,result_msg,pay_success_time,pay_over_time,qr_code_url,create_time,update_time,creater,updater,is_delete FROM pay_order WHERE id=?
16:56:23:374 DEBUG 17100 --- [http-nio-8086-exec-3] c.h.p.mapper.PayOrderMapper.selectById   : ==> Parameters: 1847200025894547459(Long)
16:56:23:378 DEBUG 17100 --- [http-nio-8086-exec-3] c.h.p.mapper.PayOrderMapper.selectById   : <==      Total: 1
16:56:23:382 DEBUG 17100 --- [http-nio-8086-exec-3] com.hmall.api.client.UserClient          : [UserClient#deductMoney] ---> PUT http://user-service/users/money/deduct?pw&amount=71800 HTTP/1.1
16:56:23:382 DEBUG 17100 --- [http-nio-8086-exec-3] com.hmall.api.client.UserClient          : [UserClient#deductMoney] user-info: 1
16:56:23:382 DEBUG 17100 --- [http-nio-8086-exec-3] com.hmall.api.client.UserClient          : [UserClient#deductMoney] ---> END HTTP (0-byte body)
16:56:23:566 DEBUG 17100 --- [http-nio-8086-exec-3] com.hmall.api.client.UserClient          : [UserClient#deductMoney] <--- HTTP/1.1 500 (183ms)
16:56:23:566 DEBUG 17100 --- [http-nio-8086-exec-3] com.hmall.api.client.UserClient          : [UserClient#deductMoney] connection: close
16:56:23:566 DEBUG 17100 --- [http-nio-8086-exec-3] com.hmall.api.client.UserClient          : [UserClient#deductMoney] content-type: application/json
16:56:23:566 DEBUG 17100 --- [http-nio-8086-exec-3] com.hmall.api.client.UserClient          : [UserClient#deductMoney] date: Fri, 18 Oct 2024 08:56:23 GMT
16:56:23:567 DEBUG 17100 --- [http-nio-8086-exec-3] com.hmall.api.client.UserClient          : [UserClient#deductMoney] transfer-encoding: chunked
16:56:23:567 DEBUG 17100 --- [http-nio-8086-exec-3] com.hmall.api.client.UserClient          : [UserClient#deductMoney] 
16:56:23:567 DEBUG 17100 --- [http-nio-8086-exec-3] com.hmall.api.client.UserClient          : [UserClient#deductMoney] {"timestamp":"2024-10-18T08:56:23.559+00:00","status":500,"error":"Internal Server Error","path":"/users/money/deduct"}
16:56:23:567 DEBUG 17100 --- [http-nio-8086-exec-3] com.hmall.api.client.UserClient          : [UserClient#deductMoney] <--- END HTTP (119-byte body)
16:56:23:578 ERROR 17100 --- [http-nio-8086-exec-3] o.a.c.c.C.[.[.[/].[dispatcherServlet]    : Servlet.service() for servlet [dispatcherServlet] in context with path [] threw exception [Request processing failed; nested exception is feign.FeignException$InternalServerError: [500] during [PUT] to [http://user-service/users/money/deduct?pw&amount=71800] [UserClient#deductMoney(String,Integer)]: [{"timestamp":"2024-10-18T08:56:23.559+00:00","status":500,"error":"Internal Server Error","path":"/users/money/deduct"}]] with root cause

feign.FeignException$InternalServerError: [500] during [PUT] to [http://user-service/users/money/deduct?pw&amount=71800] [UserClient#deductMoney(String,Integer)]: [{"timestamp":"2024-10-18T08:56:23.559+00:00","status":500,"error":"Internal Server Error","path":"/users/money/deduct"}]
	at feign.FeignException.serverErrorStatus(FeignException.java:250) ~[feign-core-11.8.jar:na]
	at feign.FeignException.errorStatus(FeignException.java:197) ~[feign-core-11.8.jar:na]
	at feign.FeignException.errorStatus(FeignException.java:185) ~[feign-core-11.8.jar:na]
	at feign.codec.ErrorDecoder$Default.decode(ErrorDecoder.java:92) ~[feign-core-11.8.jar:na]
	at feign.AsyncResponseHandler.handleResponse(AsyncResponseHandler.java:96) ~[feign-core-11.8.jar:na]
	at feign.SynchronousMethodHandler.executeAndDecode(SynchronousMethodHandler.java:138) ~[feign-core-11.8.jar:na]
	at feign.SynchronousMethodHandler.invoke(SynchronousMethodHandler.java:89) ~[feign-core-11.8.jar:na]
	at feign.ReflectiveFeign$FeignInvocationHandler.invoke(ReflectiveFeign.java:100) ~[feign-core-11.8.jar:na]
	at com.sun.proxy.$Proxy100.deductMoney(Unknown Source) ~[na:na]
	at com.hmall.pay.service.impl.PayOrderServiceImpl.tryPayOrderByBalance(PayOrderServiceImpl.java:56) ~[classes/:na]
	at com.hmall.pay.service.impl.PayOrderServiceImpl$$FastClassBySpringCGLIB$$b2062e7f.invoke(<generated>) ~[classes/:na]
	at org.springframework.cglib.proxy.MethodProxy.invoke(MethodProxy.java:218) ~[spring-core-5.3.27.jar:5.3.27]
	at org.springframework.aop.framework.CglibAopProxy$CglibMethodInvocation.invokeJoinpoint(CglibAopProxy.java:793) ~[spring-aop-5.3.27.jar:5.3.27]
	at org.springframework.aop.framework.ReflectiveMethodInvocation.proceed(ReflectiveMethodInvocation.java:163) ~[spring-aop-5.3.27.jar:5.3.27]
	at org.springframework.aop.framework.CglibAopProxy$CglibMethodInvocation.proceed(CglibAopProxy.java:763) ~[spring-aop-5.3.27.jar:5.3.27]
	at org.springframework.transaction.interceptor.TransactionInterceptor$1.proceedWithInvocation(TransactionInterceptor.java:123) ~[spring-tx-5.3.27.jar:5.3.27]
	at org.springframework.transaction.interceptor.TransactionAspectSupport.invokeWithinTransaction(TransactionAspectSupport.java:388) ~[spring-tx-5.3.27.jar:5.3.27]
	at org.springframework.transaction.interceptor.TransactionInterceptor.invoke(TransactionInterceptor.java:119) ~[spring-tx-5.3.27.jar:5.3.27]
	at org.springframework.aop.framework.ReflectiveMethodInvocation.proceed(ReflectiveMethodInvocation.java:186) ~[spring-aop-5.3.27.jar:5.3.27]
	at org.springframework.aop.framework.CglibAopProxy$CglibMethodInvocation.proceed(CglibAopProxy.java:763) ~[spring-aop-5.3.27.jar:5.3.27]
	at org.springframework.aop.framework.CglibAopProxy$DynamicAdvisedInterceptor.intercept(CglibAopProxy.java:708) ~[spring-aop-5.3.27.jar:5.3.27]
	at com.hmall.pay.service.impl.PayOrderServiceImpl$$EnhancerBySpringCGLIB$$8db86cc3.tryPayOrderByBalance(<generated>) ~[classes/:na]
	at com.hmall.pay.controller.PayController.tryPayOrderByBalance(PayController.java:42) ~[classes/:na]
	at java.base/jdk.internal.reflect.NativeMethodAccessorImpl.invoke0(Native Method) ~[na:na]
	at java.base/jdk.internal.reflect.NativeMethodAccessorImpl.invoke(NativeMethodAccessorImpl.java:62) ~[na:na]
	at java.base/jdk.internal.reflect.DelegatingMethodAccessorImpl.invoke(DelegatingMethodAccessorImpl.java:43) ~[na:na]
	at java.base/java.lang.reflect.Method.invoke(Method.java:566) ~[na:na]
	at org.springframework.web.method.support.InvocableHandlerMethod.doInvoke(InvocableHandlerMethod.java:205) ~[spring-web-5.3.27.jar:5.3.27]
	at org.springframework.web.method.support.InvocableHandlerMethod.invokeForRequest(InvocableHandlerMethod.java:150) ~[spring-web-5.3.27.jar:5.3.27]
	at org.springframework.web.servlet.mvc.method.annotation.ServletInvocableHandlerMethod.invokeAndHandle(ServletInvocableHandlerMethod.java:117) ~[spring-webmvc-5.3.27.jar:5.3.27]
	at org.springframework.web.servlet.mvc.method.annotation.RequestMappingHandlerAdapter.invokeHandlerMethod(RequestMappingHandlerAdapter.java:895) ~[spring-webmvc-5.3.27.jar:5.3.27]
	at org.springframework.web.servlet.mvc.method.annotation.RequestMappingHandlerAdapter.handleInternal(RequestMappingHandlerAdapter.java:808) ~[spring-webmvc-5.3.27.jar:5.3.27]
	at org.springframework.web.servlet.mvc.method.AbstractHandlerMethodAdapter.handle(AbstractHandlerMethodAdapter.java:87) ~[spring-webmvc-5.3.27.jar:5.3.27]
	at org.springframework.web.servlet.DispatcherServlet.doDispatch(DispatcherServlet.java:1072) ~[spring-webmvc-5.3.27.jar:5.3.27]
	at org.springframework.web.servlet.DispatcherServlet.doService(DispatcherServlet.java:965) ~[spring-webmvc-5.3.27.jar:5.3.27]
	at org.springframework.web.servlet.FrameworkServlet.processRequest(FrameworkServlet.java:1006) ~[spring-webmvc-5.3.27.jar:5.3.27]
	at org.springframework.web.servlet.FrameworkServlet.doPost(FrameworkServlet.java:909) ~[spring-webmvc-5.3.27.jar:5.3.27]
	at javax.servlet.http.HttpServlet.service(HttpServlet.java:555) ~[tomcat-embed-core-9.0.75.jar:4.0.FR]
	at org.springframework.web.servlet.FrameworkServlet.service(FrameworkServlet.java:883) ~[spring-webmvc-5.3.27.jar:5.3.27]
	at javax.servlet.http.HttpServlet.service(HttpServlet.java:623) ~[tomcat-embed-core-9.0.75.jar:4.0.FR]
	at org.apache.catalina.core.ApplicationFilterChain.internalDoFilter(ApplicationFilterChain.java:209) ~[tomcat-embed-core-9.0.75.jar:9.0.75]
	at org.apache.catalina.core.ApplicationFilterChain.doFilter(ApplicationFilterChain.java:153) ~[tomcat-embed-core-9.0.75.jar:9.0.75]
	at org.apache.tomcat.websocket.server.WsFilter.doFilter(WsFilter.java:51) ~[tomcat-embed-websocket-9.0.75.jar:9.0.75]
	at org.apache.catalina.core.ApplicationFilterChain.internalDoFilter(ApplicationFilterChain.java:178) ~[tomcat-embed-core-9.0.75.jar:9.0.75]
	at org.apache.catalina.core.ApplicationFilterChain.doFilter(ApplicationFilterChain.java:153) ~[tomcat-embed-core-9.0.75.jar:9.0.75]
	at org.springframework.web.filter.RequestContextFilter.doFilterInternal(RequestContextFilter.java:100) ~[spring-web-5.3.27.jar:5.3.27]
	at org.springframework.web.filter.OncePerRequestFilter.doFilter(OncePerRequestFilter.java:117) ~[spring-web-5.3.27.jar:5.3.27]
	at org.apache.catalina.core.ApplicationFilterChain.internalDoFilter(ApplicationFilterChain.java:178) ~[tomcat-embed-core-9.0.75.jar:9.0.75]
	at org.apache.catalina.core.ApplicationFilterChain.doFilter(ApplicationFilterChain.java:153) ~[tomcat-embed-core-9.0.75.jar:9.0.75]
	at org.springframework.web.filter.FormContentFilter.doFilterInternal(FormContentFilter.java:93) ~[spring-web-5.3.27.jar:5.3.27]
	at org.springframework.web.filter.OncePerRequestFilter.doFilter(OncePerRequestFilter.java:117) ~[spring-web-5.3.27.jar:5.3.27]
	at org.apache.catalina.core.ApplicationFilterChain.internalDoFilter(ApplicationFilterChain.java:178) ~[tomcat-embed-core-9.0.75.jar:9.0.75]
	at org.apache.catalina.core.ApplicationFilterChain.doFilter(ApplicationFilterChain.java:153) ~[tomcat-embed-core-9.0.75.jar:9.0.75]
	at org.springframework.web.filter.CharacterEncodingFilter.doFilterInternal(CharacterEncodingFilter.java:201) ~[spring-web-5.3.27.jar:5.3.27]
	at org.springframework.web.filter.OncePerRequestFilter.doFilter(OncePerRequestFilter.java:117) ~[spring-web-5.3.27.jar:5.3.27]
	at org.apache.catalina.core.ApplicationFilterChain.internalDoFilter(ApplicationFilterChain.java:178) ~[tomcat-embed-core-9.0.75.jar:9.0.75]
	at org.apache.catalina.core.ApplicationFilterChain.doFilter(ApplicationFilterChain.java:153) ~[tomcat-embed-core-9.0.75.jar:9.0.75]
	at org.apache.catalina.core.StandardWrapperValve.invoke(StandardWrapperValve.java:167) ~[tomcat-embed-core-9.0.75.jar:9.0.75]
	at org.apache.catalina.core.StandardContextValve.invoke(StandardContextValve.java:90) ~[tomcat-embed-core-9.0.75.jar:9.0.75]
	at org.apache.catalina.authenticator.AuthenticatorBase.invoke(AuthenticatorBase.java:481) ~[tomcat-embed-core-9.0.75.jar:9.0.75]
	at org.apache.catalina.core.StandardHostValve.invoke(StandardHostValve.java:130) ~[tomcat-embed-core-9.0.75.jar:9.0.75]
	at org.apache.catalina.valves.ErrorReportValve.invoke(ErrorReportValve.java:93) ~[tomcat-embed-core-9.0.75.jar:9.0.75]
	at org.apache.catalina.core.StandardEngineValve.invoke(StandardEngineValve.java:74) ~[tomcat-embed-core-9.0.75.jar:9.0.75]
	at org.apache.catalina.connector.CoyoteAdapter.service(CoyoteAdapter.java:343) ~[tomcat-embed-core-9.0.75.jar:9.0.75]
	at org.apache.coyote.http11.Http11Processor.service(Http11Processor.java:390) ~[tomcat-embed-core-9.0.75.jar:9.0.75]
	at org.apache.coyote.AbstractProcessorLight.process(AbstractProcessorLight.java:63) ~[tomcat-embed-core-9.0.75.jar:9.0.75]
	at org.apache.coyote.AbstractProtocol$ConnectionHandler.process(AbstractProtocol.java:926) ~[tomcat-embed-core-9.0.75.jar:9.0.75]
	at org.apache.tomcat.util.net.NioEndpoint$SocketProcessor.doRun(NioEndpoint.java:1791) ~[tomcat-embed-core-9.0.75.jar:9.0.75]
	at org.apache.tomcat.util.net.SocketProcessorBase.run(SocketProcessorBase.java:52) ~[tomcat-embed-core-9.0.75.jar:9.0.75]
	at org.apache.tomcat.util.threads.ThreadPoolExecutor.runWorker(ThreadPoolExecutor.java:1191) ~[tomcat-embed-core-9.0.75.jar:9.0.75]
	at org.apache.tomcat.util.threads.ThreadPoolExecutor$Worker.run(ThreadPoolExecutor.java:659) ~[tomcat-embed-core-9.0.75.jar:9.0.75]
	at org.apache.tomcat.util.threads.TaskThread$WrappingRunnable.run(TaskThread.java:61) ~[tomcat-embed-core-9.0.75.jar:9.0.75]
	at java.base/java.lang.Thread.run(Thread.java:834) ~[na:na]

16:56:24:005  INFO 17100 --- [nacos-grpc-client-executor-247] com.alibaba.nacos.common.remote.client   : [96d44829-fdc7-4e9d-8778-3f286054633d] Receive server push request, request = NotifySubscriberRequest, requestId = 165
16:56:24:005  INFO 17100 --- [nacos-grpc-client-executor-247] com.alibaba.nacos.common.remote.client   : [96d44829-fdc7-4e9d-8778-3f286054633d] Ack server push request, request = NotifySubscriberRequest, requestId = 165
