15:20:06:523  INFO 7132 --- [main] com.hmall.cart.CartApplication           : Starting CartApplication using Java 11.0.23 on LAPTOP-PVVFBTR9 with PID 7132 (D:\IdeaProjects\hmall\cart-service\target\classes started by GHR in D:\IdeaProjects\hmall)
15:20:06:527 DEBUG 7132 --- [main] com.hmall.cart.CartApplication           : Running with Spring Boot v2.7.12, Spring v5.3.27
15:20:06:527  INFO 7132 --- [main] com.hmall.cart.CartApplication           : The following 1 profile is active: "local"
15:20:07:364  INFO 7132 --- [main] o.s.cloud.context.scope.GenericScope     : BeanFactory id=9d3bb505-173a-3e1e-921a-dcf53f985293
15:20:07:839  INFO 7132 --- [main] o.s.b.w.embedded.tomcat.TomcatWebServer  : Tomcat initialized with port(s): 8082 (http)
15:20:07:840  INFO 7132 --- [main] o.a.catalina.core.AprLifecycleListener   : Loaded Apache Tomcat Native library [1.2.39] using APR version [1.7.4].
15:20:07:842  INFO 7132 --- [main] o.a.catalina.core.AprLifecycleListener   : APR capabilities: IPv6 [true], sendfile [true], accept filters [false], random [true], UDS [true].
15:20:07:842  INFO 7132 --- [main] o.a.catalina.core.AprLifecycleListener   : APR/OpenSSL configuration: useAprConnector [false], useOpenSSL [true]
15:20:07:850  INFO 7132 --- [main] o.a.catalina.core.AprLifecycleListener   : OpenSSL successfully initialized [OpenSSL 3.0.11 19 Sep 2023]
15:20:07:859  INFO 7132 --- [main] o.apache.catalina.core.StandardService   : Starting service [Tomcat]
15:20:07:859  INFO 7132 --- [main] org.apache.catalina.core.StandardEngine  : Starting Servlet engine: [Apache Tomcat/9.0.75]
15:20:08:164  INFO 7132 --- [main] o.a.c.c.C.[Tomcat].[localhost].[/]       : Initializing Spring embedded WebApplicationContext
15:20:08:164  INFO 7132 --- [main] w.s.c.ServletWebServerApplicationContext : Root WebApplicationContext: initialization completed in 1602 ms
15:20:08:370  INFO 7132 --- [main] o.s.c.openfeign.FeignClientFactoryBean   : For 'item-service' URL not provided. Will try picking an instance via load-balancing.
15:20:11:597  INFO 7132 --- [main] o.s.cloud.commons.util.InetUtils         : Cannot determine local hostname
15:20:11:616  INFO 7132 --- [main] pertySourcedRequestMappingHandlerMapping : Mapped URL path [/v2/api-docs] onto method [springfox.documentation.swagger2.web.Swagger2ControllerWebMvc#getDocumentation(String, HttpServletRequest)]
15:20:12:970  INFO 7132 --- [main] o.s.cloud.commons.util.InetUtils         : Cannot determine local hostname
15:20:13:102  INFO 7132 --- [main] com.alibaba.nacos.common.remote.client   : [RpcClientFactory] create a new rpc client of b411cf86-664d-47d6-a922-08ef53a1f5a7
15:20:13:139  INFO 7132 --- [main] org.reflections.Reflections              : Reflections took 23 ms to scan 1 urls, producing 3 keys and 6 values 
15:20:13:161  INFO 7132 --- [main] org.reflections.Reflections              : Reflections took 7 ms to scan 1 urls, producing 4 keys and 9 values 
15:20:13:161  INFO 7132 --- [main] org.reflections.Reflections              : Reflections took 0 ms to scan 1 urls, producing 3 keys and 10 values 
15:20:13:161  WARN 7132 --- [main] org.reflections.Reflections              : given scan urls are empty. set urls in the configuration
15:20:13:175  INFO 7132 --- [main] org.reflections.Reflections              : Reflections took 14 ms to scan 1 urls, producing 1 keys and 5 values 
15:20:13:182  INFO 7132 --- [main] org.reflections.Reflections              : Reflections took 5 ms to scan 1 urls, producing 1 keys and 7 values 
15:20:13:198  INFO 7132 --- [main] org.reflections.Reflections              : Reflections took 16 ms to scan 1 urls, producing 2 keys and 8 values 
15:20:13:201  WARN 7132 --- [main] org.reflections.Reflections              : given scan urls are empty. set urls in the configuration
15:20:13:201  INFO 7132 --- [main] com.alibaba.nacos.common.remote.client   : [b411cf86-664d-47d6-a922-08ef53a1f5a7] RpcClient init label, labels = {module=naming, source=sdk}
15:20:13:202  INFO 7132 --- [main] com.alibaba.nacos.common.remote.client   : [b411cf86-664d-47d6-a922-08ef53a1f5a7] RpcClient init, ServerListFactory = com.alibaba.nacos.client.naming.core.ServerListManager
15:20:13:202  INFO 7132 --- [main] com.alibaba.nacos.common.remote.client   : [b411cf86-664d-47d6-a922-08ef53a1f5a7] Registry connection listener to current client:com.alibaba.nacos.client.naming.remote.gprc.redo.NamingGrpcRedoService
15:20:13:202  INFO 7132 --- [main] com.alibaba.nacos.common.remote.client   : [b411cf86-664d-47d6-a922-08ef53a1f5a7] Register server push request handler:com.alibaba.nacos.client.naming.remote.gprc.NamingPushRequestHandler
15:20:13:202  INFO 7132 --- [main] com.alibaba.nacos.common.remote.client   : [b411cf86-664d-47d6-a922-08ef53a1f5a7] Try to connect to server on start up, server: {serverIp = '192.168.21.135', server main port = 8848}
15:20:14:586  INFO 7132 --- [main] com.alibaba.nacos.common.remote.client   : [b411cf86-664d-47d6-a922-08ef53a1f5a7] Success to connect to server [192.168.21.135:8848] on start up, connectionId = 1728544814374_192.168.21.1_60493
15:20:14:586  INFO 7132 --- [com.alibaba.nacos.client.remote.worker] com.alibaba.nacos.common.remote.client   : [b411cf86-664d-47d6-a922-08ef53a1f5a7] Notify connected event to listeners.
15:20:14:587  INFO 7132 --- [main] com.alibaba.nacos.common.remote.client   : [b411cf86-664d-47d6-a922-08ef53a1f5a7] Register server push request handler:com.alibaba.nacos.common.remote.client.RpcClient$ConnectResetRequestHandler
15:20:14:589  INFO 7132 --- [main] com.alibaba.nacos.common.remote.client   : [b411cf86-664d-47d6-a922-08ef53a1f5a7] Register server push request handler:com.alibaba.nacos.common.remote.client.RpcClient$$Lambda$991/0x000000080071e440
15:20:14:649  INFO 7132 --- [main] o.s.b.w.embedded.tomcat.TomcatWebServer  : Tomcat started on port(s): 8082 (http) with context path ''
15:20:14:670  INFO 7132 --- [main] c.a.c.n.registry.NacosServiceRegistry    : nacos registry, DEFAULT_GROUP cart-service 192.168.41.1:8082 register finished
15:20:15:193  INFO 7132 --- [nacos-grpc-client-executor-11] com.alibaba.nacos.common.remote.client   : [b411cf86-664d-47d6-a922-08ef53a1f5a7] Receive server push request, request = NotifySubscriberRequest, requestId = 1
15:20:15:197  INFO 7132 --- [nacos-grpc-client-executor-11] com.alibaba.nacos.common.remote.client   : [b411cf86-664d-47d6-a922-08ef53a1f5a7] Ack server push request, request = NotifySubscriberRequest, requestId = 1
15:20:15:975  INFO 7132 --- [main] o.s.cloud.commons.util.InetUtils         : Cannot determine local hostname
15:20:15:976  INFO 7132 --- [main] d.s.w.p.DocumentationPluginsBootstrapper : Documentation plugins bootstrapped
15:20:15:977  INFO 7132 --- [main] d.s.w.p.DocumentationPluginsBootstrapper : Found 1 custom documentation plugin(s)
15:20:15:994  INFO 7132 --- [main] s.d.s.w.s.ApiListingReferenceScanner     : Scanning for api listing references
15:20:16:055  INFO 7132 --- [main] com.hmall.cart.CartApplication           : Started CartApplication in 11.371 seconds (JVM running for 12.638)
15:20:19:614  WARN 7132 --- [Thread-7] c.a.n.common.http.HttpClientBeanHolder   : [HttpClientBeanHolder] Start destroying common HttpClient
15:20:19:614  WARN 7132 --- [Thread-4] c.a.nacos.common.notify.NotifyCenter     : [NotifyCenter] Start destroying Publisher
15:20:19:614  WARN 7132 --- [Thread-4] c.a.nacos.common.notify.NotifyCenter     : [NotifyCenter] Destruction of the end
15:20:19:614  WARN 7132 --- [Thread-7] c.a.n.common.http.HttpClientBeanHolder   : [HttpClientBeanHolder] Destruction of the end
15:20:19:852  INFO 7132 --- [SpringApplicationShutdownHook] c.a.c.n.registry.NacosServiceRegistry    : De-registering from Nacos Server now...
15:20:19:859  INFO 7132 --- [SpringApplicationShutdownHook] c.a.c.n.registry.NacosServiceRegistry    : De-registration finished.
15:20:20:397  INFO 7132 --- [nacos-grpc-client-executor-17] com.alibaba.nacos.common.remote.client   : [b411cf86-664d-47d6-a922-08ef53a1f5a7] Receive server push request, request = NotifySubscriberRequest, requestId = 2
15:20:20:397  INFO 7132 --- [nacos-grpc-client-executor-17] com.alibaba.nacos.common.remote.client   : [b411cf86-664d-47d6-a922-08ef53a1f5a7] Ack server push request, request = NotifySubscriberRequest, requestId = 2
15:20:20:517  INFO 7132 --- [SpringApplicationShutdownHook] com.alibaba.nacos.common.remote.client   : Shutdown rpc client, set status to shutdown
15:20:20:517  INFO 7132 --- [SpringApplicationShutdownHook] com.alibaba.nacos.common.remote.client   : Shutdown client event executor java.util.concurrent.ScheduledThreadPoolExecutor@5b7d9571[Running, pool size = 2, active threads = 2, queued tasks = 0, completed tasks = 0]
15:20:20:517  INFO 7132 --- [SpringApplicationShutdownHook] com.alibaba.nacos.common.remote.client   : Close current connection 1728544814374_192.168.21.1_60493
15:20:20:520  INFO 7132 --- [SpringApplicationShutdownHook] c.a.n.c.remote.client.grpc.GrpcClient    : Shutdown grpc executor java.util.concurrent.ThreadPoolExecutor@6a92d47c[Running, pool size = 18, active threads = 0, queued tasks = 0, completed tasks = 18]
