15:31:06:654  INFO 14408 --- [main] com.hmall.trade.TradeApplication         : Starting TradeApplication using Java 11.0.23 on LAPTOP-PVVFBTR9 with PID 14408 (D:\IdeaProjects\hmall\trade-service\target\classes started by GHR in D:\IdeaProjects\hmall)
15:31:06:658 DEBUG 14408 --- [main] com.hmall.trade.TradeApplication         : Running with Spring Boot v2.7.12, Spring v5.3.27
15:31:06:658  INFO 14408 --- [main] com.hmall.trade.TradeApplication         : The following 1 profile is active: "local"
15:31:07:575  INFO 14408 --- [main] o.s.cloud.context.scope.GenericScope     : BeanFactory id=33f68efe-c945-3cfa-bcee-e311426855ca
15:31:07:873  INFO 14408 --- [main] o.s.b.w.embedded.tomcat.TomcatWebServer  : Tomcat initialized with port(s): 8085 (http)
15:31:07:874  INFO 14408 --- [main] o.a.catalina.core.AprLifecycleListener   : Loaded Apache Tomcat Native library [1.2.39] using APR version [1.7.4].
15:31:07:874  INFO 14408 --- [main] o.a.catalina.core.AprLifecycleListener   : APR capabilities: IPv6 [true], sendfile [true], accept filters [false], random [true], UDS [true].
15:31:07:874  INFO 14408 --- [main] o.a.catalina.core.AprLifecycleListener   : APR/OpenSSL configuration: useAprConnector [false], useOpenSSL [true]
15:31:07:877  INFO 14408 --- [main] o.a.catalina.core.AprLifecycleListener   : OpenSSL successfully initialized [OpenSSL 3.0.11 19 Sep 2023]
15:31:07:885  INFO 14408 --- [main] o.apache.catalina.core.StandardService   : Starting service [Tomcat]
15:31:07:885  INFO 14408 --- [main] org.apache.catalina.core.StandardEngine  : Starting Servlet engine: [Apache Tomcat/9.0.75]
15:31:07:993  INFO 14408 --- [main] o.a.c.c.C.[Tomcat].[localhost].[/]       : Initializing Spring embedded WebApplicationContext
15:31:07:993  INFO 14408 --- [main] w.s.c.ServletWebServerApplicationContext : Root WebApplicationContext: initialization completed in 1290 ms
15:31:08:126  INFO 14408 --- [main] o.s.c.openfeign.FeignClientFactoryBean   : For 'item-service' URL not provided. Will try picking an instance via load-balancing.
15:31:09:546  INFO 14408 --- [main] o.s.c.openfeign.FeignClientFactoryBean   : For 'cart-service' URL not provided. Will try picking an instance via load-balancing.
15:31:11:558  INFO 14408 --- [main] o.s.cloud.commons.util.InetUtils         : Cannot determine local hostname
15:31:11:594  INFO 14408 --- [main] pertySourcedRequestMappingHandlerMapping : Mapped URL path [/v2/api-docs] onto method [springfox.documentation.swagger2.web.Swagger2ControllerWebMvc#getDocumentation(String, HttpServletRequest)]
15:31:13:203  INFO 14408 --- [main] o.s.cloud.commons.util.InetUtils         : Cannot determine local hostname
15:31:13:364  INFO 14408 --- [main] com.alibaba.nacos.common.remote.client   : [RpcClientFactory] create a new rpc client of 01373f13-c9f8-4928-aea3-75b9b90b9615
15:31:13:405  INFO 14408 --- [main] org.reflections.Reflections              : Reflections took 23 ms to scan 1 urls, producing 3 keys and 6 values 
15:31:13:437  INFO 14408 --- [main] org.reflections.Reflections              : Reflections took 7 ms to scan 1 urls, producing 4 keys and 9 values 
15:31:13:447  INFO 14408 --- [main] org.reflections.Reflections              : Reflections took 7 ms to scan 1 urls, producing 3 keys and 10 values 
15:31:13:447  WARN 14408 --- [main] org.reflections.Reflections              : given scan urls are empty. set urls in the configuration
15:31:13:467  INFO 14408 --- [main] org.reflections.Reflections              : Reflections took 20 ms to scan 1 urls, producing 1 keys and 5 values 
15:31:13:472  INFO 14408 --- [main] org.reflections.Reflections              : Reflections took 4 ms to scan 1 urls, producing 1 keys and 7 values 
15:31:13:481  INFO 14408 --- [main] org.reflections.Reflections              : Reflections took 9 ms to scan 1 urls, producing 2 keys and 8 values 
15:31:13:487  WARN 14408 --- [main] org.reflections.Reflections              : given scan urls are empty. set urls in the configuration
15:31:13:487  INFO 14408 --- [main] com.alibaba.nacos.common.remote.client   : [01373f13-c9f8-4928-aea3-75b9b90b9615] RpcClient init label, labels = {module=naming, source=sdk}
15:31:13:490  INFO 14408 --- [main] com.alibaba.nacos.common.remote.client   : [01373f13-c9f8-4928-aea3-75b9b90b9615] RpcClient init, ServerListFactory = com.alibaba.nacos.client.naming.core.ServerListManager
15:31:13:490  INFO 14408 --- [main] com.alibaba.nacos.common.remote.client   : [01373f13-c9f8-4928-aea3-75b9b90b9615] Registry connection listener to current client:com.alibaba.nacos.client.naming.remote.gprc.redo.NamingGrpcRedoService
15:31:13:490  INFO 14408 --- [main] com.alibaba.nacos.common.remote.client   : [01373f13-c9f8-4928-aea3-75b9b90b9615] Register server push request handler:com.alibaba.nacos.client.naming.remote.gprc.NamingPushRequestHandler
15:31:13:491  INFO 14408 --- [main] com.alibaba.nacos.common.remote.client   : [01373f13-c9f8-4928-aea3-75b9b90b9615] Try to connect to server on start up, server: {serverIp = '192.168.21.135', server main port = 8848}
15:31:16:020  INFO 14408 --- [main] com.alibaba.nacos.common.remote.client   : [01373f13-c9f8-4928-aea3-75b9b90b9615] Success to connect to server [192.168.21.135:8848] on start up, connectionId = 1728545475772_192.168.21.1_52996
15:31:16:022  INFO 14408 --- [com.alibaba.nacos.client.remote.worker] com.alibaba.nacos.common.remote.client   : [01373f13-c9f8-4928-aea3-75b9b90b9615] Notify connected event to listeners.
15:31:16:022  INFO 14408 --- [main] com.alibaba.nacos.common.remote.client   : [01373f13-c9f8-4928-aea3-75b9b90b9615] Register server push request handler:com.alibaba.nacos.common.remote.client.RpcClient$ConnectResetRequestHandler
15:31:16:023  INFO 14408 --- [main] com.alibaba.nacos.common.remote.client   : [01373f13-c9f8-4928-aea3-75b9b90b9615] Register server push request handler:com.alibaba.nacos.common.remote.client.RpcClient$$Lambda$976/0x000000080069ac40
15:31:16:101  INFO 14408 --- [main] o.s.b.w.embedded.tomcat.TomcatWebServer  : Tomcat started on port(s): 8085 (http) with context path ''
15:31:16:704  INFO 14408 --- [main] c.a.c.n.registry.NacosServiceRegistry    : nacos registry, DEFAULT_GROUP trade-service 192.168.41.1:8085 register finished
15:31:16:722  INFO 14408 --- [nacos-grpc-client-executor-10] com.alibaba.nacos.common.remote.client   : [01373f13-c9f8-4928-aea3-75b9b90b9615] Receive server push request, request = NotifySubscriberRequest, requestId = 6
15:31:16:726  INFO 14408 --- [nacos-grpc-client-executor-10] com.alibaba.nacos.common.remote.client   : [01373f13-c9f8-4928-aea3-75b9b90b9615] Ack server push request, request = NotifySubscriberRequest, requestId = 6
15:31:17:314  INFO 14408 --- [nacos-grpc-client-executor-14] com.alibaba.nacos.common.remote.client   : [01373f13-c9f8-4928-aea3-75b9b90b9615] Receive server push request, request = NotifySubscriberRequest, requestId = 7
15:31:17:315  INFO 14408 --- [nacos-grpc-client-executor-14] com.alibaba.nacos.common.remote.client   : [01373f13-c9f8-4928-aea3-75b9b90b9615] Ack server push request, request = NotifySubscriberRequest, requestId = 7
15:31:18:170  INFO 14408 --- [main] o.s.cloud.commons.util.InetUtils         : Cannot determine local hostname
15:31:18:170  INFO 14408 --- [main] d.s.w.p.DocumentationPluginsBootstrapper : Documentation plugins bootstrapped
15:31:18:172  INFO 14408 --- [main] d.s.w.p.DocumentationPluginsBootstrapper : Found 1 custom documentation plugin(s)
15:31:18:186  INFO 14408 --- [main] s.d.s.w.s.ApiListingReferenceScanner     : Scanning for api listing references
15:31:18:244  INFO 14408 --- [main] com.hmall.trade.TradeApplication         : Started TradeApplication in 13.403 seconds (JVM running for 14.36)
15:38:11:988  WARN 14408 --- [Thread-7] c.a.n.common.http.HttpClientBeanHolder   : [HttpClientBeanHolder] Start destroying common HttpClient
15:38:11:988  WARN 14408 --- [Thread-4] c.a.nacos.common.notify.NotifyCenter     : [NotifyCenter] Start destroying Publisher
15:38:11:988  WARN 14408 --- [Thread-4] c.a.nacos.common.notify.NotifyCenter     : [NotifyCenter] Destruction of the end
15:38:11:988  WARN 14408 --- [Thread-7] c.a.n.common.http.HttpClientBeanHolder   : [HttpClientBeanHolder] Destruction of the end
15:38:12:364  INFO 14408 --- [SpringApplicationShutdownHook] c.a.c.n.registry.NacosServiceRegistry    : De-registering from Nacos Server now...
15:38:12:369  INFO 14408 --- [SpringApplicationShutdownHook] c.a.c.n.registry.NacosServiceRegistry    : De-registration finished.
15:38:12:695  INFO 14408 --- [SpringApplicationShutdownHook] com.alibaba.nacos.common.remote.client   : Shutdown rpc client, set status to shutdown
15:38:12:695  INFO 14408 --- [SpringApplicationShutdownHook] com.alibaba.nacos.common.remote.client   : Shutdown client event executor java.util.concurrent.ScheduledThreadPoolExecutor@7da56571[Running, pool size = 2, active threads = 2, queued tasks = 0, completed tasks = 0]
15:38:12:695  INFO 14408 --- [SpringApplicationShutdownHook] com.alibaba.nacos.common.remote.client   : Close current connection 1728545475772_192.168.21.1_52996
15:38:12:698  INFO 14408 --- [nacos-grpc-client-executor-112] c.a.n.c.remote.client.grpc.GrpcClient    : [1728545475772_192.168.21.1_52996]Ignore complete event,isRunning:false,isAbandon=false
15:38:12:700  INFO 14408 --- [SpringApplicationShutdownHook] c.a.n.c.remote.client.grpc.GrpcClient    : Shutdown grpc executor java.util.concurrent.ThreadPoolExecutor@1bc0416[Running, pool size = 5, active threads = 0, queued tasks = 0, completed tasks = 113]
16:13:59:954  INFO 17372 --- [main] com.hmall.trade.TradeApplication         : Starting TradeApplication using Java 11.0.23 on LAPTOP-PVVFBTR9 with PID 17372 (D:\IdeaProjects\hmall\trade-service\target\classes started by GHR in D:\IdeaProjects\hmall)
16:13:59:954 DEBUG 17372 --- [main] com.hmall.trade.TradeApplication         : Running with Spring Boot v2.7.12, Spring v5.3.27
16:13:59:954  INFO 17372 --- [main] com.hmall.trade.TradeApplication         : The following 1 profile is active: "local"
16:14:00:918  INFO 17372 --- [main] o.s.cloud.context.scope.GenericScope     : BeanFactory id=33f68efe-c945-3cfa-bcee-e311426855ca
16:14:01:221  INFO 17372 --- [main] o.s.b.w.embedded.tomcat.TomcatWebServer  : Tomcat initialized with port(s): 8085 (http)
16:14:01:223  INFO 17372 --- [main] o.a.catalina.core.AprLifecycleListener   : Loaded Apache Tomcat Native library [1.2.39] using APR version [1.7.4].
16:14:01:224  INFO 17372 --- [main] o.a.catalina.core.AprLifecycleListener   : APR capabilities: IPv6 [true], sendfile [true], accept filters [false], random [true], UDS [true].
16:14:01:224  INFO 17372 --- [main] o.a.catalina.core.AprLifecycleListener   : APR/OpenSSL configuration: useAprConnector [false], useOpenSSL [true]
16:14:01:226  INFO 17372 --- [main] o.a.catalina.core.AprLifecycleListener   : OpenSSL successfully initialized [OpenSSL 3.0.11 19 Sep 2023]
16:14:01:234  INFO 17372 --- [main] o.apache.catalina.core.StandardService   : Starting service [Tomcat]
16:14:01:234  INFO 17372 --- [main] org.apache.catalina.core.StandardEngine  : Starting Servlet engine: [Apache Tomcat/9.0.75]
16:14:01:349  INFO 17372 --- [main] o.a.c.c.C.[Tomcat].[localhost].[/]       : Initializing Spring embedded WebApplicationContext
16:14:01:349  INFO 17372 --- [main] w.s.c.ServletWebServerApplicationContext : Root WebApplicationContext: initialization completed in 1340 ms
16:14:01:485  INFO 17372 --- [main] o.s.c.openfeign.FeignClientFactoryBean   : For 'item-service' URL not provided. Will try picking an instance via load-balancing.
16:14:02:918  INFO 17372 --- [main] o.s.c.openfeign.FeignClientFactoryBean   : For 'cart-service' URL not provided. Will try picking an instance via load-balancing.
16:14:04:889  INFO 17372 --- [main] o.s.cloud.commons.util.InetUtils         : Cannot determine local hostname
16:14:04:925  INFO 17372 --- [main] pertySourcedRequestMappingHandlerMapping : Mapped URL path [/v2/api-docs] onto method [springfox.documentation.swagger2.web.Swagger2ControllerWebMvc#getDocumentation(String, HttpServletRequest)]
16:14:06:547  INFO 17372 --- [main] o.s.cloud.commons.util.InetUtils         : Cannot determine local hostname
16:14:06:714  INFO 17372 --- [main] com.alibaba.nacos.common.remote.client   : [RpcClientFactory] create a new rpc client of 135322de-47e2-4002-b189-8764e44b6ec3
16:14:06:758  INFO 17372 --- [main] org.reflections.Reflections              : Reflections took 19 ms to scan 1 urls, producing 3 keys and 6 values 
16:14:06:780  INFO 17372 --- [main] org.reflections.Reflections              : Reflections took 8 ms to scan 1 urls, producing 4 keys and 9 values 
16:14:06:803  INFO 17372 --- [main] org.reflections.Reflections              : Reflections took 20 ms to scan 1 urls, producing 3 keys and 10 values 
16:14:06:809  WARN 17372 --- [main] org.reflections.Reflections              : given scan urls are empty. set urls in the configuration
16:14:06:819  INFO 17372 --- [main] org.reflections.Reflections              : Reflections took 10 ms to scan 1 urls, producing 1 keys and 5 values 
16:14:06:828  INFO 17372 --- [main] org.reflections.Reflections              : Reflections took 6 ms to scan 1 urls, producing 1 keys and 7 values 
16:14:06:839  INFO 17372 --- [main] org.reflections.Reflections              : Reflections took 6 ms to scan 1 urls, producing 2 keys and 8 values 
16:14:06:839  WARN 17372 --- [main] org.reflections.Reflections              : given scan urls are empty. set urls in the configuration
16:14:06:844  INFO 17372 --- [main] com.alibaba.nacos.common.remote.client   : [135322de-47e2-4002-b189-8764e44b6ec3] RpcClient init label, labels = {module=naming, source=sdk}
16:14:06:846  INFO 17372 --- [main] com.alibaba.nacos.common.remote.client   : [135322de-47e2-4002-b189-8764e44b6ec3] RpcClient init, ServerListFactory = com.alibaba.nacos.client.naming.core.ServerListManager
16:14:06:846  INFO 17372 --- [main] com.alibaba.nacos.common.remote.client   : [135322de-47e2-4002-b189-8764e44b6ec3] Registry connection listener to current client:com.alibaba.nacos.client.naming.remote.gprc.redo.NamingGrpcRedoService
16:14:06:846  INFO 17372 --- [main] com.alibaba.nacos.common.remote.client   : [135322de-47e2-4002-b189-8764e44b6ec3] Register server push request handler:com.alibaba.nacos.client.naming.remote.gprc.NamingPushRequestHandler
16:14:06:847  INFO 17372 --- [main] com.alibaba.nacos.common.remote.client   : [135322de-47e2-4002-b189-8764e44b6ec3] Try to connect to server on start up, server: {serverIp = '192.168.21.135', server main port = 8848}
16:14:08:483  INFO 17372 --- [main] com.alibaba.nacos.common.remote.client   : [135322de-47e2-4002-b189-8764e44b6ec3] Success to connect to server [192.168.21.135:8848] on start up, connectionId = 1728548048305_192.168.21.1_55630
16:14:08:483  INFO 17372 --- [com.alibaba.nacos.client.remote.worker] com.alibaba.nacos.common.remote.client   : [135322de-47e2-4002-b189-8764e44b6ec3] Notify connected event to listeners.
16:14:08:484  INFO 17372 --- [main] com.alibaba.nacos.common.remote.client   : [135322de-47e2-4002-b189-8764e44b6ec3] Register server push request handler:com.alibaba.nacos.common.remote.client.RpcClient$ConnectResetRequestHandler
16:14:08:484  INFO 17372 --- [main] com.alibaba.nacos.common.remote.client   : [135322de-47e2-4002-b189-8764e44b6ec3] Register server push request handler:com.alibaba.nacos.common.remote.client.RpcClient$$Lambda$976/0x000000080069ac40
16:14:08:538  INFO 17372 --- [main] o.s.b.w.embedded.tomcat.TomcatWebServer  : Tomcat started on port(s): 8085 (http) with context path ''
16:14:08:549  INFO 17372 --- [main] c.a.c.n.registry.NacosServiceRegistry    : nacos registry, DEFAULT_GROUP trade-service 192.168.41.1:8085 register finished
16:14:09:085  INFO 17372 --- [nacos-grpc-client-executor-9] com.alibaba.nacos.common.remote.client   : [135322de-47e2-4002-b189-8764e44b6ec3] Receive server push request, request = NotifySubscriberRequest, requestId = 24
16:14:09:088  INFO 17372 --- [nacos-grpc-client-executor-9] com.alibaba.nacos.common.remote.client   : [135322de-47e2-4002-b189-8764e44b6ec3] Ack server push request, request = NotifySubscriberRequest, requestId = 24
16:14:09:878  INFO 17372 --- [main] o.s.cloud.commons.util.InetUtils         : Cannot determine local hostname
16:14:09:878  INFO 17372 --- [main] d.s.w.p.DocumentationPluginsBootstrapper : Documentation plugins bootstrapped
16:14:09:880  INFO 17372 --- [main] d.s.w.p.DocumentationPluginsBootstrapper : Found 1 custom documentation plugin(s)
16:14:09:894  INFO 17372 --- [main] s.d.s.w.s.ApiListingReferenceScanner     : Scanning for api listing references
16:14:09:959  INFO 17372 --- [main] com.hmall.trade.TradeApplication         : Started TradeApplication in 11.916 seconds (JVM running for 12.949)
16:58:31:965  WARN 17372 --- [Thread-7] c.a.n.common.http.HttpClientBeanHolder   : [HttpClientBeanHolder] Start destroying common HttpClient
16:58:31:965  WARN 17372 --- [Thread-4] c.a.nacos.common.notify.NotifyCenter     : [NotifyCenter] Start destroying Publisher
16:58:31:969  WARN 17372 --- [Thread-4] c.a.nacos.common.notify.NotifyCenter     : [NotifyCenter] Destruction of the end
16:58:31:969  WARN 17372 --- [Thread-7] c.a.n.common.http.HttpClientBeanHolder   : [HttpClientBeanHolder] Destruction of the end
16:58:32:399  INFO 17372 --- [SpringApplicationShutdownHook] c.a.c.n.registry.NacosServiceRegistry    : De-registering from Nacos Server now...
16:58:32:403  INFO 17372 --- [SpringApplicationShutdownHook] c.a.c.n.registry.NacosServiceRegistry    : De-registration finished.
16:58:32:735  INFO 17372 --- [SpringApplicationShutdownHook] com.alibaba.nacos.common.remote.client   : Shutdown rpc client, set status to shutdown
16:58:32:735  INFO 17372 --- [SpringApplicationShutdownHook] com.alibaba.nacos.common.remote.client   : Shutdown client event executor java.util.concurrent.ScheduledThreadPoolExecutor@6c39156e[Running, pool size = 2, active threads = 2, queued tasks = 0, completed tasks = 0]
16:58:32:735  INFO 17372 --- [SpringApplicationShutdownHook] com.alibaba.nacos.common.remote.client   : Close current connection 1728548048305_192.168.21.1_55630
16:58:32:738  INFO 17372 --- [nacos-grpc-client-executor-594] c.a.n.c.remote.client.grpc.GrpcClient    : [1728548048305_192.168.21.1_55630]Ignore complete event,isRunning:false,isAbandon=false
16:58:32:740  INFO 17372 --- [SpringApplicationShutdownHook] c.a.n.c.remote.client.grpc.GrpcClient    : Shutdown grpc executor java.util.concurrent.ThreadPoolExecutor@2265ba0c[Running, pool size = 5, active threads = 0, queued tasks = 0, completed tasks = 595]
17:02:23:482  INFO 5984 --- [main] com.hmall.trade.TradeApplication         : Starting TradeApplication using Java 11.0.23 on LAPTOP-PVVFBTR9 with PID 5984 (D:\IdeaProjects\hmall\trade-service\target\classes started by GHR in D:\IdeaProjects\hmall)
17:02:23:482 DEBUG 5984 --- [main] com.hmall.trade.TradeApplication         : Running with Spring Boot v2.7.12, Spring v5.3.27
17:02:23:482  INFO 5984 --- [main] com.hmall.trade.TradeApplication         : The following 1 profile is active: "local"
17:02:24:442  INFO 5984 --- [main] o.s.cloud.context.scope.GenericScope     : BeanFactory id=083f2a09-9ea1-3dd6-8ad5-a2f1fcd328f7
17:02:24:751  INFO 5984 --- [main] o.s.b.w.embedded.tomcat.TomcatWebServer  : Tomcat initialized with port(s): 8085 (http)
17:02:24:751  INFO 5984 --- [main] o.a.catalina.core.AprLifecycleListener   : Loaded Apache Tomcat Native library [1.2.39] using APR version [1.7.4].
17:02:24:751  INFO 5984 --- [main] o.a.catalina.core.AprLifecycleListener   : APR capabilities: IPv6 [true], sendfile [true], accept filters [false], random [true], UDS [true].
17:02:24:758  INFO 5984 --- [main] o.a.catalina.core.AprLifecycleListener   : APR/OpenSSL configuration: useAprConnector [false], useOpenSSL [true]
17:02:24:760  INFO 5984 --- [main] o.a.catalina.core.AprLifecycleListener   : OpenSSL successfully initialized [OpenSSL 3.0.11 19 Sep 2023]
17:02:24:767  INFO 5984 --- [main] o.apache.catalina.core.StandardService   : Starting service [Tomcat]
17:02:24:768  INFO 5984 --- [main] org.apache.catalina.core.StandardEngine  : Starting Servlet engine: [Apache Tomcat/9.0.75]
17:02:24:879  INFO 5984 --- [main] o.a.c.c.C.[Tomcat].[localhost].[/]       : Initializing Spring embedded WebApplicationContext
17:02:24:879  INFO 5984 --- [main] w.s.c.ServletWebServerApplicationContext : Root WebApplicationContext: initialization completed in 1355 ms
17:02:25:025  INFO 5984 --- [main] o.s.c.openfeign.FeignClientFactoryBean   : For 'item-service' URL not provided. Will try picking an instance via load-balancing.
17:02:26:419  INFO 5984 --- [main] o.s.c.openfeign.FeignClientFactoryBean   : For 'cart-service' URL not provided. Will try picking an instance via load-balancing.
17:02:28:685  INFO 5984 --- [main] o.s.cloud.commons.util.InetUtils         : Cannot determine local hostname
17:02:28:717  INFO 5984 --- [main] pertySourcedRequestMappingHandlerMapping : Mapped URL path [/v2/api-docs] onto method [springfox.documentation.swagger2.web.Swagger2ControllerWebMvc#getDocumentation(String, HttpServletRequest)]
17:02:30:510  INFO 5984 --- [main] o.s.cloud.commons.util.InetUtils         : Cannot determine local hostname
17:02:30:691  INFO 5984 --- [main] com.alibaba.nacos.common.remote.client   : [RpcClientFactory] create a new rpc client of 4be38c4d-7001-4b2d-bad1-c050666e8f54
17:02:30:737  INFO 5984 --- [main] org.reflections.Reflections              : Reflections took 27 ms to scan 1 urls, producing 3 keys and 6 values 
17:02:30:756  INFO 5984 --- [main] org.reflections.Reflections              : Reflections took 8 ms to scan 1 urls, producing 4 keys and 9 values 
17:02:30:771  INFO 5984 --- [main] org.reflections.Reflections              : Reflections took 9 ms to scan 1 urls, producing 3 keys and 10 values 
17:02:30:774  WARN 5984 --- [main] org.reflections.Reflections              : given scan urls are empty. set urls in the configuration
17:02:30:784  INFO 5984 --- [main] org.reflections.Reflections              : Reflections took 10 ms to scan 1 urls, producing 1 keys and 5 values 
17:02:30:795  INFO 5984 --- [main] org.reflections.Reflections              : Reflections took 7 ms to scan 1 urls, producing 1 keys and 7 values 
17:02:30:808  INFO 5984 --- [main] org.reflections.Reflections              : Reflections took 13 ms to scan 1 urls, producing 2 keys and 8 values 
17:02:30:808  WARN 5984 --- [main] org.reflections.Reflections              : given scan urls are empty. set urls in the configuration
17:02:30:808  INFO 5984 --- [main] com.alibaba.nacos.common.remote.client   : [4be38c4d-7001-4b2d-bad1-c050666e8f54] RpcClient init label, labels = {module=naming, source=sdk}
17:02:30:814  INFO 5984 --- [main] com.alibaba.nacos.common.remote.client   : [4be38c4d-7001-4b2d-bad1-c050666e8f54] RpcClient init, ServerListFactory = com.alibaba.nacos.client.naming.core.ServerListManager
17:02:30:815  INFO 5984 --- [main] com.alibaba.nacos.common.remote.client   : [4be38c4d-7001-4b2d-bad1-c050666e8f54] Registry connection listener to current client:com.alibaba.nacos.client.naming.remote.gprc.redo.NamingGrpcRedoService
17:02:30:815  INFO 5984 --- [main] com.alibaba.nacos.common.remote.client   : [4be38c4d-7001-4b2d-bad1-c050666e8f54] Register server push request handler:com.alibaba.nacos.client.naming.remote.gprc.NamingPushRequestHandler
17:02:30:815  INFO 5984 --- [main] com.alibaba.nacos.common.remote.client   : [4be38c4d-7001-4b2d-bad1-c050666e8f54] Try to connect to server on start up, server: {serverIp = '192.168.21.135', server main port = 8848}
17:02:32:697  INFO 5984 --- [main] com.alibaba.nacos.common.remote.client   : [4be38c4d-7001-4b2d-bad1-c050666e8f54] Success to connect to server [192.168.21.135:8848] on start up, connectionId = 1728550952501_192.168.21.1_59121
17:02:32:697  INFO 5984 --- [com.alibaba.nacos.client.remote.worker] com.alibaba.nacos.common.remote.client   : [4be38c4d-7001-4b2d-bad1-c050666e8f54] Notify connected event to listeners.
17:02:32:697  INFO 5984 --- [main] com.alibaba.nacos.common.remote.client   : [4be38c4d-7001-4b2d-bad1-c050666e8f54] Register server push request handler:com.alibaba.nacos.common.remote.client.RpcClient$ConnectResetRequestHandler
17:02:32:700  INFO 5984 --- [main] com.alibaba.nacos.common.remote.client   : [4be38c4d-7001-4b2d-bad1-c050666e8f54] Register server push request handler:com.alibaba.nacos.common.remote.client.RpcClient$$Lambda$976/0x0000000800698840
17:02:32:747  INFO 5984 --- [main] o.s.b.w.embedded.tomcat.TomcatWebServer  : Tomcat started on port(s): 8085 (http) with context path ''
17:02:32:756  INFO 5984 --- [main] c.a.c.n.registry.NacosServiceRegistry    : nacos registry, DEFAULT_GROUP trade-service 192.168.41.1:8085 register finished
17:02:33:229  INFO 5984 --- [nacos-grpc-client-executor-9] com.alibaba.nacos.common.remote.client   : [4be38c4d-7001-4b2d-bad1-c050666e8f54] Receive server push request, request = NotifySubscriberRequest, requestId = 37
17:02:33:233  INFO 5984 --- [nacos-grpc-client-executor-9] com.alibaba.nacos.common.remote.client   : [4be38c4d-7001-4b2d-bad1-c050666e8f54] Ack server push request, request = NotifySubscriberRequest, requestId = 37
17:02:34:173  INFO 5984 --- [main] o.s.cloud.commons.util.InetUtils         : Cannot determine local hostname
17:02:34:173  INFO 5984 --- [main] d.s.w.p.DocumentationPluginsBootstrapper : Documentation plugins bootstrapped
17:02:34:174  INFO 5984 --- [main] d.s.w.p.DocumentationPluginsBootstrapper : Found 1 custom documentation plugin(s)
17:02:34:192  INFO 5984 --- [main] s.d.s.w.s.ApiListingReferenceScanner     : Scanning for api listing references
17:02:34:253  INFO 5984 --- [main] com.hmall.trade.TradeApplication         : Started TradeApplication in 12.607 seconds (JVM running for 13.835)
17:04:33:976  WARN 5984 --- [Thread-4] c.a.nacos.common.notify.NotifyCenter     : [NotifyCenter] Start destroying Publisher
17:04:33:976  WARN 5984 --- [Thread-7] c.a.n.common.http.HttpClientBeanHolder   : [HttpClientBeanHolder] Start destroying common HttpClient
17:04:33:976  WARN 5984 --- [Thread-4] c.a.nacos.common.notify.NotifyCenter     : [NotifyCenter] Destruction of the end
17:04:33:976  WARN 5984 --- [Thread-7] c.a.n.common.http.HttpClientBeanHolder   : [HttpClientBeanHolder] Destruction of the end
17:04:34:347  INFO 5984 --- [SpringApplicationShutdownHook] c.a.c.n.registry.NacosServiceRegistry    : De-registering from Nacos Server now...
17:04:34:351  INFO 5984 --- [SpringApplicationShutdownHook] c.a.c.n.registry.NacosServiceRegistry    : De-registration finished.
17:04:34:679  INFO 5984 --- [SpringApplicationShutdownHook] com.alibaba.nacos.common.remote.client   : Shutdown rpc client, set status to shutdown
17:04:34:679  INFO 5984 --- [SpringApplicationShutdownHook] com.alibaba.nacos.common.remote.client   : Shutdown client event executor java.util.concurrent.ScheduledThreadPoolExecutor@477bf806[Running, pool size = 2, active threads = 2, queued tasks = 0, completed tasks = 0]
17:04:34:679  INFO 5984 --- [SpringApplicationShutdownHook] com.alibaba.nacos.common.remote.client   : Close current connection 1728550952501_192.168.21.1_59121
17:04:34:683  INFO 5984 --- [nacos-grpc-client-executor-43] c.a.n.c.remote.client.grpc.GrpcClient    : [1728550952501_192.168.21.1_59121]Ignore complete event,isRunning:false,isAbandon=false
17:04:34:684  INFO 5984 --- [SpringApplicationShutdownHook] c.a.n.c.remote.client.grpc.GrpcClient    : Shutdown grpc executor java.util.concurrent.ThreadPoolExecutor@383e7e1f[Running, pool size = 7, active threads = 0, queued tasks = 0, completed tasks = 44]
17:04:46:573  INFO 2352 --- [main] com.hmall.trade.TradeApplication         : Starting TradeApplication using Java 11.0.23 on LAPTOP-PVVFBTR9 with PID 2352 (D:\IdeaProjects\hmall\trade-service\target\classes started by GHR in D:\IdeaProjects\hmall)
17:04:46:577 DEBUG 2352 --- [main] com.hmall.trade.TradeApplication         : Running with Spring Boot v2.7.12, Spring v5.3.27
17:04:46:577  INFO 2352 --- [main] com.hmall.trade.TradeApplication         : The following 1 profile is active: "local"
17:04:47:452  INFO 2352 --- [main] o.s.cloud.context.scope.GenericScope     : BeanFactory id=083f2a09-9ea1-3dd6-8ad5-a2f1fcd328f7
17:04:47:714  INFO 2352 --- [main] o.s.b.w.embedded.tomcat.TomcatWebServer  : Tomcat initialized with port(s): 8085 (http)
17:04:47:715  INFO 2352 --- [main] o.a.catalina.core.AprLifecycleListener   : Loaded Apache Tomcat Native library [1.2.39] using APR version [1.7.4].
17:04:47:715  INFO 2352 --- [main] o.a.catalina.core.AprLifecycleListener   : APR capabilities: IPv6 [true], sendfile [true], accept filters [false], random [true], UDS [true].
17:04:47:715  INFO 2352 --- [main] o.a.catalina.core.AprLifecycleListener   : APR/OpenSSL configuration: useAprConnector [false], useOpenSSL [true]
17:04:47:719  INFO 2352 --- [main] o.a.catalina.core.AprLifecycleListener   : OpenSSL successfully initialized [OpenSSL 3.0.11 19 Sep 2023]
17:04:47:725  INFO 2352 --- [main] o.apache.catalina.core.StandardService   : Starting service [Tomcat]
17:04:47:725  INFO 2352 --- [main] org.apache.catalina.core.StandardEngine  : Starting Servlet engine: [Apache Tomcat/9.0.75]
17:04:47:832  INFO 2352 --- [main] o.a.c.c.C.[Tomcat].[localhost].[/]       : Initializing Spring embedded WebApplicationContext
17:04:47:832  INFO 2352 --- [main] w.s.c.ServletWebServerApplicationContext : Root WebApplicationContext: initialization completed in 1206 ms
17:04:47:979  INFO 2352 --- [main] o.s.c.openfeign.FeignClientFactoryBean   : For 'item-service' URL not provided. Will try picking an instance via load-balancing.
17:04:49:343  INFO 2352 --- [main] o.s.c.openfeign.FeignClientFactoryBean   : For 'cart-service' URL not provided. Will try picking an instance via load-balancing.
17:04:51:342  INFO 2352 --- [main] o.s.cloud.commons.util.InetUtils         : Cannot determine local hostname
17:04:51:373  INFO 2352 --- [main] pertySourcedRequestMappingHandlerMapping : Mapped URL path [/v2/api-docs] onto method [springfox.documentation.swagger2.web.Swagger2ControllerWebMvc#getDocumentation(String, HttpServletRequest)]
17:04:52:807  INFO 2352 --- [main] o.s.cloud.commons.util.InetUtils         : Cannot determine local hostname
17:04:52:960  INFO 2352 --- [main] com.alibaba.nacos.common.remote.client   : [RpcClientFactory] create a new rpc client of a3367cdf-1e06-4950-83df-1b20674f6a62
17:04:53:017  INFO 2352 --- [main] org.reflections.Reflections              : Reflections took 41 ms to scan 1 urls, producing 3 keys and 6 values 
17:04:53:045  INFO 2352 --- [main] org.reflections.Reflections              : Reflections took 8 ms to scan 1 urls, producing 4 keys and 9 values 
17:04:53:050  INFO 2352 --- [main] org.reflections.Reflections              : Reflections took 4 ms to scan 1 urls, producing 3 keys and 10 values 
17:04:53:055  WARN 2352 --- [main] org.reflections.Reflections              : given scan urls are empty. set urls in the configuration
17:04:53:061  INFO 2352 --- [main] org.reflections.Reflections              : Reflections took 6 ms to scan 1 urls, producing 1 keys and 5 values 
17:04:53:069  INFO 2352 --- [main] org.reflections.Reflections              : Reflections took 8 ms to scan 1 urls, producing 1 keys and 7 values 
17:04:53:076  INFO 2352 --- [main] org.reflections.Reflections              : Reflections took 4 ms to scan 1 urls, producing 2 keys and 8 values 
17:04:53:080  WARN 2352 --- [main] org.reflections.Reflections              : given scan urls are empty. set urls in the configuration
17:04:53:080  INFO 2352 --- [main] com.alibaba.nacos.common.remote.client   : [a3367cdf-1e06-4950-83df-1b20674f6a62] RpcClient init label, labels = {module=naming, source=sdk}
17:04:53:082  INFO 2352 --- [main] com.alibaba.nacos.common.remote.client   : [a3367cdf-1e06-4950-83df-1b20674f6a62] RpcClient init, ServerListFactory = com.alibaba.nacos.client.naming.core.ServerListManager
17:04:53:083  INFO 2352 --- [main] com.alibaba.nacos.common.remote.client   : [a3367cdf-1e06-4950-83df-1b20674f6a62] Registry connection listener to current client:com.alibaba.nacos.client.naming.remote.gprc.redo.NamingGrpcRedoService
17:04:53:084  INFO 2352 --- [main] com.alibaba.nacos.common.remote.client   : [a3367cdf-1e06-4950-83df-1b20674f6a62] Register server push request handler:com.alibaba.nacos.client.naming.remote.gprc.NamingPushRequestHandler
17:04:53:084  INFO 2352 --- [main] com.alibaba.nacos.common.remote.client   : [a3367cdf-1e06-4950-83df-1b20674f6a62] Try to connect to server on start up, server: {serverIp = '192.168.21.135', server main port = 8848}
17:04:54:956  INFO 2352 --- [main] com.alibaba.nacos.common.remote.client   : [a3367cdf-1e06-4950-83df-1b20674f6a62] Success to connect to server [192.168.21.135:8848] on start up, connectionId = 1728551094773_192.168.21.1_59848
17:04:54:956  INFO 2352 --- [com.alibaba.nacos.client.remote.worker] com.alibaba.nacos.common.remote.client   : [a3367cdf-1e06-4950-83df-1b20674f6a62] Notify connected event to listeners.
17:04:54:957  INFO 2352 --- [main] com.alibaba.nacos.common.remote.client   : [a3367cdf-1e06-4950-83df-1b20674f6a62] Register server push request handler:com.alibaba.nacos.common.remote.client.RpcClient$ConnectResetRequestHandler
17:04:54:957  INFO 2352 --- [main] com.alibaba.nacos.common.remote.client   : [a3367cdf-1e06-4950-83df-1b20674f6a62] Register server push request handler:com.alibaba.nacos.common.remote.client.RpcClient$$Lambda$976/0x00000008006a4440
17:04:55:002  INFO 2352 --- [main] o.s.b.w.embedded.tomcat.TomcatWebServer  : Tomcat started on port(s): 8085 (http) with context path ''
17:04:55:011  INFO 2352 --- [main] c.a.c.n.registry.NacosServiceRegistry    : nacos registry, DEFAULT_GROUP trade-service 192.168.41.1:8085 register finished
17:04:55:530  INFO 2352 --- [nacos-grpc-client-executor-10] com.alibaba.nacos.common.remote.client   : [a3367cdf-1e06-4950-83df-1b20674f6a62] Receive server push request, request = NotifySubscriberRequest, requestId = 44
17:04:55:536  INFO 2352 --- [nacos-grpc-client-executor-10] com.alibaba.nacos.common.remote.client   : [a3367cdf-1e06-4950-83df-1b20674f6a62] Ack server push request, request = NotifySubscriberRequest, requestId = 44
17:04:56:371  INFO 2352 --- [main] o.s.cloud.commons.util.InetUtils         : Cannot determine local hostname
17:04:56:372  INFO 2352 --- [main] d.s.w.p.DocumentationPluginsBootstrapper : Documentation plugins bootstrapped
17:04:56:374  INFO 2352 --- [main] d.s.w.p.DocumentationPluginsBootstrapper : Found 1 custom documentation plugin(s)
17:04:56:391  INFO 2352 --- [main] s.d.s.w.s.ApiListingReferenceScanner     : Scanning for api listing references
17:04:56:458  INFO 2352 --- [main] com.hmall.trade.TradeApplication         : Started TradeApplication in 11.867 seconds (JVM running for 13.012)
17:05:11:346  WARN 2352 --- [Thread-4] c.a.nacos.common.notify.NotifyCenter     : [NotifyCenter] Start destroying Publisher
17:05:11:346  WARN 2352 --- [Thread-7] c.a.n.common.http.HttpClientBeanHolder   : [HttpClientBeanHolder] Start destroying common HttpClient
17:05:11:346  WARN 2352 --- [Thread-4] c.a.nacos.common.notify.NotifyCenter     : [NotifyCenter] Destruction of the end
17:05:11:346  WARN 2352 --- [Thread-7] c.a.n.common.http.HttpClientBeanHolder   : [HttpClientBeanHolder] Destruction of the end
17:05:11:665  INFO 2352 --- [SpringApplicationShutdownHook] c.a.c.n.registry.NacosServiceRegistry    : De-registering from Nacos Server now...
17:05:11:670  INFO 2352 --- [SpringApplicationShutdownHook] c.a.c.n.registry.NacosServiceRegistry    : De-registration finished.
17:05:12:006  INFO 2352 --- [SpringApplicationShutdownHook] com.alibaba.nacos.common.remote.client   : Shutdown rpc client, set status to shutdown
17:05:12:008  INFO 2352 --- [SpringApplicationShutdownHook] com.alibaba.nacos.common.remote.client   : Shutdown client event executor java.util.concurrent.ScheduledThreadPoolExecutor@613c334c[Running, pool size = 2, active threads = 2, queued tasks = 0, completed tasks = 0]
17:05:12:008  INFO 2352 --- [SpringApplicationShutdownHook] com.alibaba.nacos.common.remote.client   : Close current connection 1728551094773_192.168.21.1_59848
17:05:12:010  INFO 2352 --- [nacos-grpc-client-executor-16] c.a.n.c.remote.client.grpc.GrpcClient    : [1728551094773_192.168.21.1_59848]Ignore complete event,isRunning:false,isAbandon=false
17:05:12:010  INFO 2352 --- [SpringApplicationShutdownHook] c.a.n.c.remote.client.grpc.GrpcClient    : Shutdown grpc executor java.util.concurrent.ThreadPoolExecutor@47c77b6c[Running, pool size = 5, active threads = 0, queued tasks = 0, completed tasks = 17]
17:05:27:147  INFO 18656 --- [main] com.hmall.trade.TradeApplication         : Starting TradeApplication using Java 11.0.23 on LAPTOP-PVVFBTR9 with PID 18656 (D:\IdeaProjects\hmall\trade-service\target\classes started by GHR in D:\IdeaProjects\hmall)
17:05:27:151 DEBUG 18656 --- [main] com.hmall.trade.TradeApplication         : Running with Spring Boot v2.7.12, Spring v5.3.27
17:05:27:152  INFO 18656 --- [main] com.hmall.trade.TradeApplication         : The following 1 profile is active: "local"
17:05:28:138  INFO 18656 --- [main] o.s.cloud.context.scope.GenericScope     : BeanFactory id=083f2a09-9ea1-3dd6-8ad5-a2f1fcd328f7
17:05:28:445  INFO 18656 --- [main] o.s.b.w.embedded.tomcat.TomcatWebServer  : Tomcat initialized with port(s): 8085 (http)
17:05:28:447  INFO 18656 --- [main] o.a.catalina.core.AprLifecycleListener   : Loaded Apache Tomcat Native library [1.2.39] using APR version [1.7.4].
17:05:28:447  INFO 18656 --- [main] o.a.catalina.core.AprLifecycleListener   : APR capabilities: IPv6 [true], sendfile [true], accept filters [false], random [true], UDS [true].
17:05:28:447  INFO 18656 --- [main] o.a.catalina.core.AprLifecycleListener   : APR/OpenSSL configuration: useAprConnector [false], useOpenSSL [true]
17:05:28:450  INFO 18656 --- [main] o.a.catalina.core.AprLifecycleListener   : OpenSSL successfully initialized [OpenSSL 3.0.11 19 Sep 2023]
17:05:28:454  INFO 18656 --- [main] o.apache.catalina.core.StandardService   : Starting service [Tomcat]
17:05:28:454  INFO 18656 --- [main] org.apache.catalina.core.StandardEngine  : Starting Servlet engine: [Apache Tomcat/9.0.75]
17:05:28:574  INFO 18656 --- [main] o.a.c.c.C.[Tomcat].[localhost].[/]       : Initializing Spring embedded WebApplicationContext
17:05:28:574  INFO 18656 --- [main] w.s.c.ServletWebServerApplicationContext : Root WebApplicationContext: initialization completed in 1380 ms
17:05:28:732  INFO 18656 --- [main] o.s.c.openfeign.FeignClientFactoryBean   : For 'item-service' URL not provided. Will try picking an instance via load-balancing.
17:05:30:233  INFO 18656 --- [main] o.s.c.openfeign.FeignClientFactoryBean   : For 'cart-service' URL not provided. Will try picking an instance via load-balancing.
17:05:32:223  INFO 18656 --- [main] o.s.cloud.commons.util.InetUtils         : Cannot determine local hostname
17:05:32:266  INFO 18656 --- [main] pertySourcedRequestMappingHandlerMapping : Mapped URL path [/v2/api-docs] onto method [springfox.documentation.swagger2.web.Swagger2ControllerWebMvc#getDocumentation(String, HttpServletRequest)]
17:05:33:968  INFO 18656 --- [main] o.s.cloud.commons.util.InetUtils         : Cannot determine local hostname
17:05:34:074  INFO 18656 --- [main] com.alibaba.nacos.common.remote.client   : [RpcClientFactory] create a new rpc client of 344e07ef-b6eb-4e93-8f78-37ebd4592eff
17:05:34:103  INFO 18656 --- [main] org.reflections.Reflections              : Reflections took 21 ms to scan 1 urls, producing 3 keys and 6 values 
17:05:34:135  INFO 18656 --- [main] org.reflections.Reflections              : Reflections took 9 ms to scan 1 urls, producing 4 keys and 9 values 
17:05:34:142  INFO 18656 --- [main] org.reflections.Reflections              : Reflections took 7 ms to scan 1 urls, producing 3 keys and 10 values 
17:05:34:142  WARN 18656 --- [main] org.reflections.Reflections              : given scan urls are empty. set urls in the configuration
17:05:34:148  INFO 18656 --- [main] org.reflections.Reflections              : Reflections took 6 ms to scan 1 urls, producing 1 keys and 5 values 
17:05:34:157  INFO 18656 --- [main] org.reflections.Reflections              : Reflections took 6 ms to scan 1 urls, producing 1 keys and 7 values 
17:05:34:164  INFO 18656 --- [main] org.reflections.Reflections              : Reflections took 5 ms to scan 1 urls, producing 2 keys and 8 values 
17:05:34:166  WARN 18656 --- [main] org.reflections.Reflections              : given scan urls are empty. set urls in the configuration
17:05:34:166  INFO 18656 --- [main] com.alibaba.nacos.common.remote.client   : [344e07ef-b6eb-4e93-8f78-37ebd4592eff] RpcClient init label, labels = {module=naming, source=sdk}
17:05:34:168  INFO 18656 --- [main] com.alibaba.nacos.common.remote.client   : [344e07ef-b6eb-4e93-8f78-37ebd4592eff] RpcClient init, ServerListFactory = com.alibaba.nacos.client.naming.core.ServerListManager
17:05:34:168  INFO 18656 --- [main] com.alibaba.nacos.common.remote.client   : [344e07ef-b6eb-4e93-8f78-37ebd4592eff] Registry connection listener to current client:com.alibaba.nacos.client.naming.remote.gprc.redo.NamingGrpcRedoService
17:05:34:169  INFO 18656 --- [main] com.alibaba.nacos.common.remote.client   : [344e07ef-b6eb-4e93-8f78-37ebd4592eff] Register server push request handler:com.alibaba.nacos.client.naming.remote.gprc.NamingPushRequestHandler
17:05:34:170  INFO 18656 --- [main] com.alibaba.nacos.common.remote.client   : [344e07ef-b6eb-4e93-8f78-37ebd4592eff] Try to connect to server on start up, server: {serverIp = '192.168.21.135', server main port = 8848}
17:05:35:679  INFO 18656 --- [main] com.alibaba.nacos.common.remote.client   : [344e07ef-b6eb-4e93-8f78-37ebd4592eff] Success to connect to server [192.168.21.135:8848] on start up, connectionId = 1728551135487_192.168.21.1_60538
17:05:35:680  INFO 18656 --- [com.alibaba.nacos.client.remote.worker] com.alibaba.nacos.common.remote.client   : [344e07ef-b6eb-4e93-8f78-37ebd4592eff] Notify connected event to listeners.
17:05:35:680  INFO 18656 --- [main] com.alibaba.nacos.common.remote.client   : [344e07ef-b6eb-4e93-8f78-37ebd4592eff] Register server push request handler:com.alibaba.nacos.common.remote.client.RpcClient$ConnectResetRequestHandler
17:05:35:680  INFO 18656 --- [main] com.alibaba.nacos.common.remote.client   : [344e07ef-b6eb-4e93-8f78-37ebd4592eff] Register server push request handler:com.alibaba.nacos.common.remote.client.RpcClient$$Lambda$976/0x000000080069ac40
17:05:35:728  INFO 18656 --- [main] o.s.b.w.embedded.tomcat.TomcatWebServer  : Tomcat started on port(s): 8085 (http) with context path ''
17:05:35:745  INFO 18656 --- [main] c.a.c.n.registry.NacosServiceRegistry    : nacos registry, DEFAULT_GROUP trade-service 192.168.41.1:8085 register finished
17:05:36:235  INFO 18656 --- [nacos-grpc-client-executor-10] com.alibaba.nacos.common.remote.client   : [344e07ef-b6eb-4e93-8f78-37ebd4592eff] Receive server push request, request = NotifySubscriberRequest, requestId = 53
17:05:36:237  INFO 18656 --- [nacos-grpc-client-executor-10] com.alibaba.nacos.common.remote.client   : [344e07ef-b6eb-4e93-8f78-37ebd4592eff] Ack server push request, request = NotifySubscriberRequest, requestId = 53
17:05:37:155  INFO 18656 --- [main] o.s.cloud.commons.util.InetUtils         : Cannot determine local hostname
17:05:37:155  INFO 18656 --- [main] d.s.w.p.DocumentationPluginsBootstrapper : Documentation plugins bootstrapped
17:05:37:157  INFO 18656 --- [main] d.s.w.p.DocumentationPluginsBootstrapper : Found 1 custom documentation plugin(s)
17:05:37:170  INFO 18656 --- [main] s.d.s.w.s.ApiListingReferenceScanner     : Scanning for api listing references
17:05:37:229  INFO 18656 --- [main] com.hmall.trade.TradeApplication         : Started TradeApplication in 11.877 seconds (JVM running for 12.853)
17:14:05:301  WARN 18656 --- [Thread-7] c.a.n.common.http.HttpClientBeanHolder   : [HttpClientBeanHolder] Start destroying common HttpClient
17:14:05:301  WARN 18656 --- [Thread-4] c.a.nacos.common.notify.NotifyCenter     : [NotifyCenter] Start destroying Publisher
17:14:05:301  WARN 18656 --- [Thread-4] c.a.nacos.common.notify.NotifyCenter     : [NotifyCenter] Destruction of the end
17:14:05:301  WARN 18656 --- [Thread-7] c.a.n.common.http.HttpClientBeanHolder   : [HttpClientBeanHolder] Destruction of the end
17:14:05:717  INFO 18656 --- [SpringApplicationShutdownHook] c.a.c.n.registry.NacosServiceRegistry    : De-registering from Nacos Server now...
17:14:05:725  INFO 18656 --- [SpringApplicationShutdownHook] c.a.c.n.registry.NacosServiceRegistry    : De-registration finished.
17:14:06:052  INFO 18656 --- [SpringApplicationShutdownHook] com.alibaba.nacos.common.remote.client   : Shutdown rpc client, set status to shutdown
17:14:06:052  INFO 18656 --- [SpringApplicationShutdownHook] com.alibaba.nacos.common.remote.client   : Shutdown client event executor java.util.concurrent.ScheduledThreadPoolExecutor@243df02c[Running, pool size = 2, active threads = 2, queued tasks = 0, completed tasks = 0]
17:14:06:052  INFO 18656 --- [SpringApplicationShutdownHook] com.alibaba.nacos.common.remote.client   : Close current connection 1728551135487_192.168.21.1_60538
17:14:06:054  INFO 18656 --- [nacos-grpc-client-executor-129] c.a.n.c.remote.client.grpc.GrpcClient    : [1728551135487_192.168.21.1_60538]Ignore complete event,isRunning:false,isAbandon=false
17:14:06:056  INFO 18656 --- [SpringApplicationShutdownHook] c.a.n.c.remote.client.grpc.GrpcClient    : Shutdown grpc executor java.util.concurrent.ThreadPoolExecutor@34849024[Running, pool size = 5, active threads = 0, queued tasks = 0, completed tasks = 130]
17:14:26:815  INFO 20256 --- [main] com.hmall.trade.TradeApplication         : Starting TradeApplication using Java 11.0.23 on LAPTOP-PVVFBTR9 with PID 20256 (D:\IdeaProjects\hmall\trade-service\target\classes started by GHR in D:\IdeaProjects\hmall)
17:14:26:824 DEBUG 20256 --- [main] com.hmall.trade.TradeApplication         : Running with Spring Boot v2.7.12, Spring v5.3.27
17:14:26:825  INFO 20256 --- [main] com.hmall.trade.TradeApplication         : The following 1 profile is active: "local"
17:14:27:881  INFO 20256 --- [main] o.s.cloud.context.scope.GenericScope     : BeanFactory id=083f2a09-9ea1-3dd6-8ad5-a2f1fcd328f7
17:14:28:193  INFO 20256 --- [main] o.s.b.w.embedded.tomcat.TomcatWebServer  : Tomcat initialized with port(s): 8085 (http)
17:14:28:194  INFO 20256 --- [main] o.a.catalina.core.AprLifecycleListener   : Loaded Apache Tomcat Native library [1.2.39] using APR version [1.7.4].
17:14:28:194  INFO 20256 --- [main] o.a.catalina.core.AprLifecycleListener   : APR capabilities: IPv6 [true], sendfile [true], accept filters [false], random [true], UDS [true].
17:14:28:194  INFO 20256 --- [main] o.a.catalina.core.AprLifecycleListener   : APR/OpenSSL configuration: useAprConnector [false], useOpenSSL [true]
17:14:28:196  INFO 20256 --- [main] o.a.catalina.core.AprLifecycleListener   : OpenSSL successfully initialized [OpenSSL 3.0.11 19 Sep 2023]
17:14:28:200  INFO 20256 --- [main] o.apache.catalina.core.StandardService   : Starting service [Tomcat]
17:14:28:200  INFO 20256 --- [main] org.apache.catalina.core.StandardEngine  : Starting Servlet engine: [Apache Tomcat/9.0.75]
17:14:28:321  INFO 20256 --- [main] o.a.c.c.C.[Tomcat].[localhost].[/]       : Initializing Spring embedded WebApplicationContext
17:14:28:322  INFO 20256 --- [main] w.s.c.ServletWebServerApplicationContext : Root WebApplicationContext: initialization completed in 1461 ms
17:14:28:481  INFO 20256 --- [main] o.s.c.openfeign.FeignClientFactoryBean   : For 'item-service' URL not provided. Will try picking an instance via load-balancing.
17:14:30:010  INFO 20256 --- [main] o.s.c.openfeign.FeignClientFactoryBean   : For 'cart-service' URL not provided. Will try picking an instance via load-balancing.
17:14:32:062  INFO 20256 --- [main] o.s.cloud.commons.util.InetUtils         : Cannot determine local hostname
17:14:32:089  INFO 20256 --- [main] pertySourcedRequestMappingHandlerMapping : Mapped URL path [/v2/api-docs] onto method [springfox.documentation.swagger2.web.Swagger2ControllerWebMvc#getDocumentation(String, HttpServletRequest)]
17:14:33:814  INFO 20256 --- [main] o.s.cloud.commons.util.InetUtils         : Cannot determine local hostname
17:14:33:917  INFO 20256 --- [main] com.alibaba.nacos.common.remote.client   : [RpcClientFactory] create a new rpc client of 45bc6642-c84e-4e80-ba95-29beefb00b82
17:14:33:943  INFO 20256 --- [main] org.reflections.Reflections              : Reflections took 17 ms to scan 1 urls, producing 3 keys and 6 values 
17:14:33:958  INFO 20256 --- [main] org.reflections.Reflections              : Reflections took 5 ms to scan 1 urls, producing 4 keys and 9 values 
17:14:33:968  INFO 20256 --- [main] org.reflections.Reflections              : Reflections took 10 ms to scan 1 urls, producing 3 keys and 10 values 
17:14:33:969  WARN 20256 --- [main] org.reflections.Reflections              : given scan urls are empty. set urls in the configuration
17:14:33:972  INFO 20256 --- [main] org.reflections.Reflections              : Reflections took 3 ms to scan 1 urls, producing 1 keys and 5 values 
17:14:33:990  INFO 20256 --- [main] org.reflections.Reflections              : Reflections took 17 ms to scan 1 urls, producing 1 keys and 7 values 
17:14:33:995  INFO 20256 --- [main] org.reflections.Reflections              : Reflections took 5 ms to scan 1 urls, producing 2 keys and 8 values 
17:14:33:998  WARN 20256 --- [main] org.reflections.Reflections              : given scan urls are empty. set urls in the configuration
17:14:33:999  INFO 20256 --- [main] com.alibaba.nacos.common.remote.client   : [45bc6642-c84e-4e80-ba95-29beefb00b82] RpcClient init label, labels = {module=naming, source=sdk}
17:14:34:000  INFO 20256 --- [main] com.alibaba.nacos.common.remote.client   : [45bc6642-c84e-4e80-ba95-29beefb00b82] RpcClient init, ServerListFactory = com.alibaba.nacos.client.naming.core.ServerListManager
17:14:34:000  INFO 20256 --- [main] com.alibaba.nacos.common.remote.client   : [45bc6642-c84e-4e80-ba95-29beefb00b82] Registry connection listener to current client:com.alibaba.nacos.client.naming.remote.gprc.redo.NamingGrpcRedoService
17:14:34:000  INFO 20256 --- [main] com.alibaba.nacos.common.remote.client   : [45bc6642-c84e-4e80-ba95-29beefb00b82] Register server push request handler:com.alibaba.nacos.client.naming.remote.gprc.NamingPushRequestHandler
17:14:34:002  INFO 20256 --- [main] com.alibaba.nacos.common.remote.client   : [45bc6642-c84e-4e80-ba95-29beefb00b82] Try to connect to server on start up, server: {serverIp = '192.168.21.135', server main port = 8848}
17:14:35:472  INFO 20256 --- [main] com.alibaba.nacos.common.remote.client   : [45bc6642-c84e-4e80-ba95-29beefb00b82] Success to connect to server [192.168.21.135:8848] on start up, connectionId = 1728551675302_192.168.21.1_57201
17:14:35:472  INFO 20256 --- [com.alibaba.nacos.client.remote.worker] com.alibaba.nacos.common.remote.client   : [45bc6642-c84e-4e80-ba95-29beefb00b82] Notify connected event to listeners.
17:14:35:474  INFO 20256 --- [main] com.alibaba.nacos.common.remote.client   : [45bc6642-c84e-4e80-ba95-29beefb00b82] Register server push request handler:com.alibaba.nacos.common.remote.client.RpcClient$ConnectResetRequestHandler
17:14:35:475  INFO 20256 --- [main] com.alibaba.nacos.common.remote.client   : [45bc6642-c84e-4e80-ba95-29beefb00b82] Register server push request handler:com.alibaba.nacos.common.remote.client.RpcClient$$Lambda$976/0x0000000800699440
17:14:35:526  INFO 20256 --- [main] o.s.b.w.embedded.tomcat.TomcatWebServer  : Tomcat started on port(s): 8085 (http) with context path ''
17:14:35:534  INFO 20256 --- [main] c.a.c.n.registry.NacosServiceRegistry    : nacos registry, DEFAULT_GROUP trade-service 192.168.41.1:8085 register finished
17:14:36:022  INFO 20256 --- [nacos-grpc-client-executor-10] com.alibaba.nacos.common.remote.client   : [45bc6642-c84e-4e80-ba95-29beefb00b82] Receive server push request, request = NotifySubscriberRequest, requestId = 63
17:14:36:024  INFO 20256 --- [nacos-grpc-client-executor-10] com.alibaba.nacos.common.remote.client   : [45bc6642-c84e-4e80-ba95-29beefb00b82] Ack server push request, request = NotifySubscriberRequest, requestId = 63
17:14:36:911  INFO 20256 --- [main] o.s.cloud.commons.util.InetUtils         : Cannot determine local hostname
17:14:36:911  INFO 20256 --- [main] d.s.w.p.DocumentationPluginsBootstrapper : Documentation plugins bootstrapped
17:14:36:912  INFO 20256 --- [main] d.s.w.p.DocumentationPluginsBootstrapper : Found 1 custom documentation plugin(s)
17:14:36:927  INFO 20256 --- [main] s.d.s.w.s.ApiListingReferenceScanner     : Scanning for api listing references
17:14:36:982  INFO 20256 --- [main] com.hmall.trade.TradeApplication         : Started TradeApplication in 12.36 seconds (JVM running for 13.334)
17:20:30:977  WARN 20256 --- [Thread-4] c.a.nacos.common.notify.NotifyCenter     : [NotifyCenter] Start destroying Publisher
17:20:30:977  WARN 20256 --- [Thread-7] c.a.n.common.http.HttpClientBeanHolder   : [HttpClientBeanHolder] Start destroying common HttpClient
17:20:30:981  WARN 20256 --- [Thread-4] c.a.nacos.common.notify.NotifyCenter     : [NotifyCenter] Destruction of the end
17:20:30:981  WARN 20256 --- [Thread-7] c.a.n.common.http.HttpClientBeanHolder   : [HttpClientBeanHolder] Destruction of the end
17:20:31:312  INFO 20256 --- [SpringApplicationShutdownHook] c.a.c.n.registry.NacosServiceRegistry    : De-registering from Nacos Server now...
17:20:31:317  INFO 20256 --- [SpringApplicationShutdownHook] c.a.c.n.registry.NacosServiceRegistry    : De-registration finished.
17:20:31:643  INFO 20256 --- [SpringApplicationShutdownHook] com.alibaba.nacos.common.remote.client   : Shutdown rpc client, set status to shutdown
17:20:31:643  INFO 20256 --- [SpringApplicationShutdownHook] com.alibaba.nacos.common.remote.client   : Shutdown client event executor java.util.concurrent.ScheduledThreadPoolExecutor@7b51b247[Running, pool size = 2, active threads = 2, queued tasks = 0, completed tasks = 0]
17:20:31:643  INFO 20256 --- [SpringApplicationShutdownHook] com.alibaba.nacos.common.remote.client   : Close current connection 1728551675302_192.168.21.1_57201
17:20:31:644  INFO 20256 --- [nacos-grpc-client-executor-93] c.a.n.c.remote.client.grpc.GrpcClient    : [1728551675302_192.168.21.1_57201]Ignore complete event,isRunning:false,isAbandon=false
17:20:31:646  INFO 20256 --- [SpringApplicationShutdownHook] c.a.n.c.remote.client.grpc.GrpcClient    : Shutdown grpc executor java.util.concurrent.ThreadPoolExecutor@76898054[Running, pool size = 5, active threads = 0, queued tasks = 0, completed tasks = 94]
