15:31:11:758  INFO 1512 --- [main] com.hmall.user.UserApplication           : Starting UserApplication using Java 11.0.23 on LAPTOP-PVVFBTR9 with PID 1512 (D:\IdeaProjects\hmall\user-service\target\classes started by GHR in D:\IdeaProjects\hmall)
15:31:11:763 DEBUG 1512 --- [main] com.hmall.user.UserApplication           : Running with Spring Boot v2.7.12, Spring v5.3.27
15:31:11:764  INFO 1512 --- [main] com.hmall.user.UserApplication           : The following 1 profile is active: "local"
15:31:12:795  INFO 1512 --- [main] o.s.cloud.context.scope.GenericScope     : BeanFactory id=02147321-14d9-35b0-8e22-3c566b6ad7e0
15:31:13:178  INFO 1512 --- [main] o.s.b.w.embedded.tomcat.TomcatWebServer  : Tomcat initialized with port(s): 8084 (http)
15:31:13:178  INFO 1512 --- [main] o.a.catalina.core.AprLifecycleListener   : Loaded Apache Tomcat Native library [1.2.39] using APR version [1.7.4].
15:31:13:178  INFO 1512 --- [main] o.a.catalina.core.AprLifecycleListener   : APR capabilities: IPv6 [true], sendfile [true], accept filters [false], random [true], UDS [true].
15:31:13:178  INFO 1512 --- [main] o.a.catalina.core.AprLifecycleListener   : APR/OpenSSL configuration: useAprConnector [false], useOpenSSL [true]
15:31:13:184  INFO 1512 --- [main] o.a.catalina.core.AprLifecycleListener   : OpenSSL successfully initialized [OpenSSL 3.0.11 19 Sep 2023]
15:31:13:194  INFO 1512 --- [main] o.apache.catalina.core.StandardService   : Starting service [Tomcat]
15:31:13:194  INFO 1512 --- [main] org.apache.catalina.core.StandardEngine  : Starting Servlet engine: [Apache Tomcat/9.0.75]
15:31:13:334  INFO 1512 --- [main] o.a.c.c.C.[Tomcat].[localhost].[/]       : Initializing Spring embedded WebApplicationContext
15:31:13:337  INFO 1512 --- [main] w.s.c.ServletWebServerApplicationContext : Root WebApplicationContext: initialization completed in 1533 ms
15:31:17:828  INFO 1512 --- [main] o.s.cloud.commons.util.InetUtils         : Cannot determine local hostname
15:31:17:847  INFO 1512 --- [main] pertySourcedRequestMappingHandlerMapping : Mapped URL path [/v2/api-docs] onto method [springfox.documentation.swagger2.web.Swagger2ControllerWebMvc#getDocumentation(String, HttpServletRequest)]
15:31:19:235  INFO 1512 --- [main] o.s.cloud.commons.util.InetUtils         : Cannot determine local hostname
15:31:19:379  INFO 1512 --- [main] com.alibaba.nacos.common.remote.client   : [RpcClientFactory] create a new rpc client of 95d8938f-6644-4be9-86f7-89d1e4543de7
15:31:19:409  INFO 1512 --- [main] org.reflections.Reflections              : Reflections took 13 ms to scan 1 urls, producing 3 keys and 6 values 
15:31:19:426  INFO 1512 --- [main] org.reflections.Reflections              : Reflections took 8 ms to scan 1 urls, producing 4 keys and 9 values 
15:31:19:443  INFO 1512 --- [main] org.reflections.Reflections              : Reflections took 17 ms to scan 1 urls, producing 3 keys and 10 values 
15:31:19:446  WARN 1512 --- [main] org.reflections.Reflections              : given scan urls are empty. set urls in the configuration
15:31:19:452  INFO 1512 --- [main] org.reflections.Reflections              : Reflections took 6 ms to scan 1 urls, producing 1 keys and 5 values 
15:31:19:460  INFO 1512 --- [main] org.reflections.Reflections              : Reflections took 5 ms to scan 1 urls, producing 1 keys and 7 values 
15:31:19:463  INFO 1512 --- [main] org.reflections.Reflections              : Reflections took 0 ms to scan 1 urls, producing 2 keys and 8 values 
15:31:19:463  WARN 1512 --- [main] org.reflections.Reflections              : given scan urls are empty. set urls in the configuration
15:31:19:471  INFO 1512 --- [main] com.alibaba.nacos.common.remote.client   : [95d8938f-6644-4be9-86f7-89d1e4543de7] RpcClient init label, labels = {module=naming, source=sdk}
15:31:19:473  INFO 1512 --- [main] com.alibaba.nacos.common.remote.client   : [95d8938f-6644-4be9-86f7-89d1e4543de7] RpcClient init, ServerListFactory = com.alibaba.nacos.client.naming.core.ServerListManager
15:31:19:473  INFO 1512 --- [main] com.alibaba.nacos.common.remote.client   : [95d8938f-6644-4be9-86f7-89d1e4543de7] Registry connection listener to current client:com.alibaba.nacos.client.naming.remote.gprc.redo.NamingGrpcRedoService
15:31:19:474  INFO 1512 --- [main] com.alibaba.nacos.common.remote.client   : [95d8938f-6644-4be9-86f7-89d1e4543de7] Register server push request handler:com.alibaba.nacos.client.naming.remote.gprc.NamingPushRequestHandler
15:31:19:476  INFO 1512 --- [main] com.alibaba.nacos.common.remote.client   : [95d8938f-6644-4be9-86f7-89d1e4543de7] Try to connect to server on start up, server: {serverIp = '192.168.21.135', server main port = 8848}
15:31:20:910  INFO 1512 --- [main] com.alibaba.nacos.common.remote.client   : [95d8938f-6644-4be9-86f7-89d1e4543de7] Success to connect to server [192.168.21.135:8848] on start up, connectionId = 1728545480726_192.168.21.1_53172
15:31:20:910  INFO 1512 --- [com.alibaba.nacos.client.remote.worker] com.alibaba.nacos.common.remote.client   : [95d8938f-6644-4be9-86f7-89d1e4543de7] Notify connected event to listeners.
15:31:20:912  INFO 1512 --- [main] com.alibaba.nacos.common.remote.client   : [95d8938f-6644-4be9-86f7-89d1e4543de7] Register server push request handler:com.alibaba.nacos.common.remote.client.RpcClient$ConnectResetRequestHandler
15:31:20:913  INFO 1512 --- [main] com.alibaba.nacos.common.remote.client   : [95d8938f-6644-4be9-86f7-89d1e4543de7] Register server push request handler:com.alibaba.nacos.common.remote.client.RpcClient$$Lambda$956/0x00000008006ed040
15:31:20:960  INFO 1512 --- [main] o.s.b.w.embedded.tomcat.TomcatWebServer  : Tomcat started on port(s): 8084 (http) with context path ''
15:31:20:972  INFO 1512 --- [main] c.a.c.n.registry.NacosServiceRegistry    : nacos registry, DEFAULT_GROUP user-service 192.168.41.1:8084 register finished
15:31:21:432  INFO 1512 --- [nacos-grpc-client-executor-9] com.alibaba.nacos.common.remote.client   : [95d8938f-6644-4be9-86f7-89d1e4543de7] Receive server push request, request = NotifySubscriberRequest, requestId = 9
15:31:21:440  INFO 1512 --- [nacos-grpc-client-executor-9] com.alibaba.nacos.common.remote.client   : [95d8938f-6644-4be9-86f7-89d1e4543de7] Ack server push request, request = NotifySubscriberRequest, requestId = 9
15:31:22:299  INFO 1512 --- [main] o.s.cloud.commons.util.InetUtils         : Cannot determine local hostname
15:31:22:300  INFO 1512 --- [main] d.s.w.p.DocumentationPluginsBootstrapper : Documentation plugins bootstrapped
15:31:22:303  INFO 1512 --- [main] d.s.w.p.DocumentationPluginsBootstrapper : Found 1 custom documentation plugin(s)
15:31:22:318  INFO 1512 --- [main] s.d.s.w.s.ApiListingReferenceScanner     : Scanning for api listing references
15:31:22:401  INFO 1512 --- [main] com.hmall.user.UserApplication           : Started UserApplication in 12.671 seconds (JVM running for 13.631)
15:38:12:051  WARN 1512 --- [Thread-4] c.a.nacos.common.notify.NotifyCenter     : [NotifyCenter] Start destroying Publisher
15:38:12:051  WARN 1512 --- [Thread-7] c.a.n.common.http.HttpClientBeanHolder   : [HttpClientBeanHolder] Start destroying common HttpClient
15:38:12:051  WARN 1512 --- [Thread-4] c.a.nacos.common.notify.NotifyCenter     : [NotifyCenter] Destruction of the end
15:38:12:054  WARN 1512 --- [Thread-7] c.a.n.common.http.HttpClientBeanHolder   : [HttpClientBeanHolder] Destruction of the end
15:38:12:400  INFO 1512 --- [SpringApplicationShutdownHook] c.a.c.n.registry.NacosServiceRegistry    : De-registering from Nacos Server now...
15:38:12:406  INFO 1512 --- [SpringApplicationShutdownHook] c.a.c.n.registry.NacosServiceRegistry    : De-registration finished.
15:38:12:743  INFO 1512 --- [SpringApplicationShutdownHook] com.alibaba.nacos.common.remote.client   : Shutdown rpc client, set status to shutdown
15:38:12:744  INFO 1512 --- [SpringApplicationShutdownHook] com.alibaba.nacos.common.remote.client   : Shutdown client event executor java.util.concurrent.ScheduledThreadPoolExecutor@359e59ad[Running, pool size = 2, active threads = 2, queued tasks = 0, completed tasks = 0]
15:38:12:744  INFO 1512 --- [SpringApplicationShutdownHook] com.alibaba.nacos.common.remote.client   : Close current connection 1728545480726_192.168.21.1_53172
15:38:12:746  INFO 1512 --- [nacos-grpc-client-executor-112] c.a.n.c.remote.client.grpc.GrpcClient    : [1728545480726_192.168.21.1_53172]Ignore complete event,isRunning:false,isAbandon=false
15:38:12:747  INFO 1512 --- [SpringApplicationShutdownHook] c.a.n.c.remote.client.grpc.GrpcClient    : Shutdown grpc executor java.util.concurrent.ThreadPoolExecutor@5c9af52[Running, pool size = 5, active threads = 0, queued tasks = 0, completed tasks = 113]
16:14:05:108  INFO 9252 --- [main] com.hmall.user.UserApplication           : Starting UserApplication using Java 11.0.23 on LAPTOP-PVVFBTR9 with PID 9252 (D:\IdeaProjects\hmall\user-service\target\classes started by GHR in D:\IdeaProjects\hmall)
16:14:05:116 DEBUG 9252 --- [main] com.hmall.user.UserApplication           : Running with Spring Boot v2.7.12, Spring v5.3.27
16:14:05:117  INFO 9252 --- [main] com.hmall.user.UserApplication           : The following 1 profile is active: "local"
16:14:06:169  INFO 9252 --- [main] o.s.cloud.context.scope.GenericScope     : BeanFactory id=02147321-14d9-35b0-8e22-3c566b6ad7e0
16:14:06:493  INFO 9252 --- [main] o.s.b.w.embedded.tomcat.TomcatWebServer  : Tomcat initialized with port(s): 8084 (http)
16:14:06:495  INFO 9252 --- [main] o.a.catalina.core.AprLifecycleListener   : Loaded Apache Tomcat Native library [1.2.39] using APR version [1.7.4].
16:14:06:495  INFO 9252 --- [main] o.a.catalina.core.AprLifecycleListener   : APR capabilities: IPv6 [true], sendfile [true], accept filters [false], random [true], UDS [true].
16:14:06:495  INFO 9252 --- [main] o.a.catalina.core.AprLifecycleListener   : APR/OpenSSL configuration: useAprConnector [false], useOpenSSL [true]
16:14:06:499  INFO 9252 --- [main] o.a.catalina.core.AprLifecycleListener   : OpenSSL successfully initialized [OpenSSL 3.0.11 19 Sep 2023]
16:14:06:509  INFO 9252 --- [main] o.apache.catalina.core.StandardService   : Starting service [Tomcat]
16:14:06:509  INFO 9252 --- [main] org.apache.catalina.core.StandardEngine  : Starting Servlet engine: [Apache Tomcat/9.0.75]
16:14:06:641  INFO 9252 --- [main] o.a.c.c.C.[Tomcat].[localhost].[/]       : Initializing Spring embedded WebApplicationContext
16:14:06:641  INFO 9252 --- [main] w.s.c.ServletWebServerApplicationContext : Root WebApplicationContext: initialization completed in 1484 ms
16:14:10:136  INFO 9252 --- [main] o.s.cloud.commons.util.InetUtils         : Cannot determine local hostname
16:14:10:153  INFO 9252 --- [main] pertySourcedRequestMappingHandlerMapping : Mapped URL path [/v2/api-docs] onto method [springfox.documentation.swagger2.web.Swagger2ControllerWebMvc#getDocumentation(String, HttpServletRequest)]
16:14:11:589  INFO 9252 --- [main] o.s.cloud.commons.util.InetUtils         : Cannot determine local hostname
16:14:11:703  INFO 9252 --- [main] com.alibaba.nacos.common.remote.client   : [RpcClientFactory] create a new rpc client of 6a1f3779-a013-4570-926a-53caeb96c670
16:14:11:724  INFO 9252 --- [main] org.reflections.Reflections              : Reflections took 10 ms to scan 1 urls, producing 3 keys and 6 values 
16:14:11:743  INFO 9252 --- [main] org.reflections.Reflections              : Reflections took 6 ms to scan 1 urls, producing 4 keys and 9 values 
16:14:11:759  INFO 9252 --- [main] org.reflections.Reflections              : Reflections took 13 ms to scan 1 urls, producing 3 keys and 10 values 
16:14:11:762  WARN 9252 --- [main] org.reflections.Reflections              : given scan urls are empty. set urls in the configuration
16:14:11:768  INFO 9252 --- [main] org.reflections.Reflections              : Reflections took 6 ms to scan 1 urls, producing 1 keys and 5 values 
16:14:11:773  INFO 9252 --- [main] org.reflections.Reflections              : Reflections took 4 ms to scan 1 urls, producing 1 keys and 7 values 
16:14:11:777  INFO 9252 --- [main] org.reflections.Reflections              : Reflections took 4 ms to scan 1 urls, producing 2 keys and 8 values 
16:14:11:783  WARN 9252 --- [main] org.reflections.Reflections              : given scan urls are empty. set urls in the configuration
16:14:11:784  INFO 9252 --- [main] com.alibaba.nacos.common.remote.client   : [6a1f3779-a013-4570-926a-53caeb96c670] RpcClient init label, labels = {module=naming, source=sdk}
16:14:11:785  INFO 9252 --- [main] com.alibaba.nacos.common.remote.client   : [6a1f3779-a013-4570-926a-53caeb96c670] RpcClient init, ServerListFactory = com.alibaba.nacos.client.naming.core.ServerListManager
16:14:11:785  INFO 9252 --- [main] com.alibaba.nacos.common.remote.client   : [6a1f3779-a013-4570-926a-53caeb96c670] Registry connection listener to current client:com.alibaba.nacos.client.naming.remote.gprc.redo.NamingGrpcRedoService
16:14:11:785  INFO 9252 --- [main] com.alibaba.nacos.common.remote.client   : [6a1f3779-a013-4570-926a-53caeb96c670] Register server push request handler:com.alibaba.nacos.client.naming.remote.gprc.NamingPushRequestHandler
16:14:11:787  INFO 9252 --- [main] com.alibaba.nacos.common.remote.client   : [6a1f3779-a013-4570-926a-53caeb96c670] Try to connect to server on start up, server: {serverIp = '192.168.21.135', server main port = 8848}
16:14:13:147  INFO 9252 --- [main] com.alibaba.nacos.common.remote.client   : [6a1f3779-a013-4570-926a-53caeb96c670] Success to connect to server [192.168.21.135:8848] on start up, connectionId = 1728548052962_192.168.21.1_55776
16:14:13:148  INFO 9252 --- [com.alibaba.nacos.client.remote.worker] com.alibaba.nacos.common.remote.client   : [6a1f3779-a013-4570-926a-53caeb96c670] Notify connected event to listeners.
16:14:13:148  INFO 9252 --- [main] com.alibaba.nacos.common.remote.client   : [6a1f3779-a013-4570-926a-53caeb96c670] Register server push request handler:com.alibaba.nacos.common.remote.client.RpcClient$ConnectResetRequestHandler
16:14:13:149  INFO 9252 --- [main] com.alibaba.nacos.common.remote.client   : [6a1f3779-a013-4570-926a-53caeb96c670] Register server push request handler:com.alibaba.nacos.common.remote.client.RpcClient$$Lambda$956/0x00000008006ed040
16:14:13:193  INFO 9252 --- [main] o.s.b.w.embedded.tomcat.TomcatWebServer  : Tomcat started on port(s): 8084 (http) with context path ''
16:14:13:203  INFO 9252 --- [main] c.a.c.n.registry.NacosServiceRegistry    : nacos registry, DEFAULT_GROUP user-service 192.168.41.1:8084 register finished
16:14:13:713  INFO 9252 --- [nacos-grpc-client-executor-11] com.alibaba.nacos.common.remote.client   : [6a1f3779-a013-4570-926a-53caeb96c670] Receive server push request, request = NotifySubscriberRequest, requestId = 26
16:14:13:717  INFO 9252 --- [nacos-grpc-client-executor-11] com.alibaba.nacos.common.remote.client   : [6a1f3779-a013-4570-926a-53caeb96c670] Ack server push request, request = NotifySubscriberRequest, requestId = 26
16:14:14:567  INFO 9252 --- [main] o.s.cloud.commons.util.InetUtils         : Cannot determine local hostname
16:14:14:568  INFO 9252 --- [main] d.s.w.p.DocumentationPluginsBootstrapper : Documentation plugins bootstrapped
16:14:14:569  INFO 9252 --- [main] d.s.w.p.DocumentationPluginsBootstrapper : Found 1 custom documentation plugin(s)
16:14:14:585  INFO 9252 --- [main] s.d.s.w.s.ApiListingReferenceScanner     : Scanning for api listing references
16:14:14:647  INFO 9252 --- [main] com.hmall.user.UserApplication           : Started UserApplication in 11.513 seconds (JVM running for 12.523)
16:58:32:027  WARN 9252 --- [Thread-4] c.a.nacos.common.notify.NotifyCenter     : [NotifyCenter] Start destroying Publisher
16:58:32:027  WARN 9252 --- [Thread-7] c.a.n.common.http.HttpClientBeanHolder   : [HttpClientBeanHolder] Start destroying common HttpClient
16:58:32:027  WARN 9252 --- [Thread-4] c.a.nacos.common.notify.NotifyCenter     : [NotifyCenter] Destruction of the end
16:58:32:027  WARN 9252 --- [Thread-7] c.a.n.common.http.HttpClientBeanHolder   : [HttpClientBeanHolder] Destruction of the end
16:58:32:452  INFO 9252 --- [SpringApplicationShutdownHook] c.a.c.n.registry.NacosServiceRegistry    : De-registering from Nacos Server now...
16:58:32:457  INFO 9252 --- [SpringApplicationShutdownHook] c.a.c.n.registry.NacosServiceRegistry    : De-registration finished.
16:58:32:781  INFO 9252 --- [SpringApplicationShutdownHook] com.alibaba.nacos.common.remote.client   : Shutdown rpc client, set status to shutdown
16:58:32:781  INFO 9252 --- [SpringApplicationShutdownHook] com.alibaba.nacos.common.remote.client   : Shutdown client event executor java.util.concurrent.ScheduledThreadPoolExecutor@236067d0[Running, pool size = 2, active threads = 2, queued tasks = 0, completed tasks = 0]
16:58:32:782  INFO 9252 --- [SpringApplicationShutdownHook] com.alibaba.nacos.common.remote.client   : Close current connection 1728548052962_192.168.21.1_55776
16:58:32:782  INFO 9252 --- [nacos-grpc-client-executor-595] c.a.n.c.remote.client.grpc.GrpcClient    : [1728548052962_192.168.21.1_55776]Ignore complete event,isRunning:false,isAbandon=false
16:58:32:787  INFO 9252 --- [SpringApplicationShutdownHook] c.a.n.c.remote.client.grpc.GrpcClient    : Shutdown grpc executor java.util.concurrent.ThreadPoolExecutor@4c1842b3[Running, pool size = 5, active threads = 0, queued tasks = 0, completed tasks = 596]
17:02:28:887  INFO 13520 --- [main] com.hmall.user.UserApplication           : Starting UserApplication using Java 11.0.23 on LAPTOP-PVVFBTR9 with PID 13520 (D:\IdeaProjects\hmall\user-service\target\classes started by GHR in D:\IdeaProjects\hmall)
17:02:28:891 DEBUG 13520 --- [main] com.hmall.user.UserApplication           : Running with Spring Boot v2.7.12, Spring v5.3.27
17:02:28:891  INFO 13520 --- [main] com.hmall.user.UserApplication           : The following 1 profile is active: "local"
17:02:30:111  INFO 13520 --- [main] o.s.cloud.context.scope.GenericScope     : BeanFactory id=c84af717-a19d-34c5-ba5a-cf2bbbf28a33
17:02:30:498  INFO 13520 --- [main] o.s.b.w.embedded.tomcat.TomcatWebServer  : Tomcat initialized with port(s): 8084 (http)
17:02:30:498  INFO 13520 --- [main] o.a.catalina.core.AprLifecycleListener   : Loaded Apache Tomcat Native library [1.2.39] using APR version [1.7.4].
17:02:30:498  INFO 13520 --- [main] o.a.catalina.core.AprLifecycleListener   : APR capabilities: IPv6 [true], sendfile [true], accept filters [false], random [true], UDS [true].
17:02:30:498  INFO 13520 --- [main] o.a.catalina.core.AprLifecycleListener   : APR/OpenSSL configuration: useAprConnector [false], useOpenSSL [true]
17:02:30:505  INFO 13520 --- [main] o.a.catalina.core.AprLifecycleListener   : OpenSSL successfully initialized [OpenSSL 3.0.11 19 Sep 2023]
17:02:30:510  INFO 13520 --- [main] o.apache.catalina.core.StandardService   : Starting service [Tomcat]
17:02:30:514  INFO 13520 --- [main] org.apache.catalina.core.StandardEngine  : Starting Servlet engine: [Apache Tomcat/9.0.75]
17:02:30:662  INFO 13520 --- [main] o.a.c.c.C.[Tomcat].[localhost].[/]       : Initializing Spring embedded WebApplicationContext
17:02:30:662  INFO 13520 --- [main] w.s.c.ServletWebServerApplicationContext : Root WebApplicationContext: initialization completed in 1723 ms
17:02:34:475  INFO 13520 --- [main] o.s.cloud.commons.util.InetUtils         : Cannot determine local hostname
17:02:34:496  INFO 13520 --- [main] pertySourcedRequestMappingHandlerMapping : Mapped URL path [/v2/api-docs] onto method [springfox.documentation.swagger2.web.Swagger2ControllerWebMvc#getDocumentation(String, HttpServletRequest)]
17:02:36:046  INFO 13520 --- [main] o.s.cloud.commons.util.InetUtils         : Cannot determine local hostname
17:02:36:166  INFO 13520 --- [main] com.alibaba.nacos.common.remote.client   : [RpcClientFactory] create a new rpc client of 8b54fc67-94ed-4ffd-9fdd-312f3aac476d
17:02:36:193  INFO 13520 --- [main] org.reflections.Reflections              : Reflections took 14 ms to scan 1 urls, producing 3 keys and 6 values 
17:02:36:218  INFO 13520 --- [main] org.reflections.Reflections              : Reflections took 19 ms to scan 1 urls, producing 4 keys and 9 values 
17:02:36:225  INFO 13520 --- [main] org.reflections.Reflections              : Reflections took 5 ms to scan 1 urls, producing 3 keys and 10 values 
17:02:36:225  WARN 13520 --- [main] org.reflections.Reflections              : given scan urls are empty. set urls in the configuration
17:02:36:232  INFO 13520 --- [main] org.reflections.Reflections              : Reflections took 7 ms to scan 1 urls, producing 1 keys and 5 values 
17:02:36:241  INFO 13520 --- [main] org.reflections.Reflections              : Reflections took 7 ms to scan 1 urls, producing 1 keys and 7 values 
17:02:36:248  INFO 13520 --- [main] org.reflections.Reflections              : Reflections took 6 ms to scan 1 urls, producing 2 keys and 8 values 
17:02:36:248  WARN 13520 --- [main] org.reflections.Reflections              : given scan urls are empty. set urls in the configuration
17:02:36:250  INFO 13520 --- [main] com.alibaba.nacos.common.remote.client   : [8b54fc67-94ed-4ffd-9fdd-312f3aac476d] RpcClient init label, labels = {module=naming, source=sdk}
17:02:36:251  INFO 13520 --- [main] com.alibaba.nacos.common.remote.client   : [8b54fc67-94ed-4ffd-9fdd-312f3aac476d] RpcClient init, ServerListFactory = com.alibaba.nacos.client.naming.core.ServerListManager
17:02:36:251  INFO 13520 --- [main] com.alibaba.nacos.common.remote.client   : [8b54fc67-94ed-4ffd-9fdd-312f3aac476d] Registry connection listener to current client:com.alibaba.nacos.client.naming.remote.gprc.redo.NamingGrpcRedoService
17:02:36:252  INFO 13520 --- [main] com.alibaba.nacos.common.remote.client   : [8b54fc67-94ed-4ffd-9fdd-312f3aac476d] Register server push request handler:com.alibaba.nacos.client.naming.remote.gprc.NamingPushRequestHandler
17:02:36:253  INFO 13520 --- [main] com.alibaba.nacos.common.remote.client   : [8b54fc67-94ed-4ffd-9fdd-312f3aac476d] Try to connect to server on start up, server: {serverIp = '192.168.21.135', server main port = 8848}
17:02:37:576  INFO 13520 --- [main] com.alibaba.nacos.common.remote.client   : [8b54fc67-94ed-4ffd-9fdd-312f3aac476d] Success to connect to server [192.168.21.135:8848] on start up, connectionId = 1728550957386_192.168.21.1_59267
17:02:37:576  INFO 13520 --- [com.alibaba.nacos.client.remote.worker] com.alibaba.nacos.common.remote.client   : [8b54fc67-94ed-4ffd-9fdd-312f3aac476d] Notify connected event to listeners.
17:02:37:577  INFO 13520 --- [main] com.alibaba.nacos.common.remote.client   : [8b54fc67-94ed-4ffd-9fdd-312f3aac476d] Register server push request handler:com.alibaba.nacos.common.remote.client.RpcClient$ConnectResetRequestHandler
17:02:37:578  INFO 13520 --- [main] com.alibaba.nacos.common.remote.client   : [8b54fc67-94ed-4ffd-9fdd-312f3aac476d] Register server push request handler:com.alibaba.nacos.common.remote.client.RpcClient$$Lambda$956/0x000000080070c840
17:02:37:618  INFO 13520 --- [main] o.s.b.w.embedded.tomcat.TomcatWebServer  : Tomcat started on port(s): 8084 (http) with context path ''
17:02:37:625  INFO 13520 --- [main] c.a.c.n.registry.NacosServiceRegistry    : nacos registry, DEFAULT_GROUP user-service 192.168.41.1:8084 register finished
17:02:38:156  INFO 13520 --- [nacos-grpc-client-executor-9] com.alibaba.nacos.common.remote.client   : [8b54fc67-94ed-4ffd-9fdd-312f3aac476d] Receive server push request, request = NotifySubscriberRequest, requestId = 39
17:02:38:159  INFO 13520 --- [nacos-grpc-client-executor-9] com.alibaba.nacos.common.remote.client   : [8b54fc67-94ed-4ffd-9fdd-312f3aac476d] Ack server push request, request = NotifySubscriberRequest, requestId = 39
17:02:38:990  INFO 13520 --- [main] o.s.cloud.commons.util.InetUtils         : Cannot determine local hostname
17:02:38:990  INFO 13520 --- [main] d.s.w.p.DocumentationPluginsBootstrapper : Documentation plugins bootstrapped
17:02:38:993  INFO 13520 --- [main] d.s.w.p.DocumentationPluginsBootstrapper : Found 1 custom documentation plugin(s)
17:02:39:007  INFO 13520 --- [main] s.d.s.w.s.ApiListingReferenceScanner     : Scanning for api listing references
17:02:39:068  INFO 13520 --- [main] com.hmall.user.UserApplication           : Started UserApplication in 12.331 seconds (JVM running for 13.386)
17:04:34:042  WARN 13520 --- [Thread-4] c.a.nacos.common.notify.NotifyCenter     : [NotifyCenter] Start destroying Publisher
17:04:34:042  WARN 13520 --- [Thread-7] c.a.n.common.http.HttpClientBeanHolder   : [HttpClientBeanHolder] Start destroying common HttpClient
17:04:34:042  WARN 13520 --- [Thread-4] c.a.nacos.common.notify.NotifyCenter     : [NotifyCenter] Destruction of the end
17:04:34:042  WARN 13520 --- [Thread-7] c.a.n.common.http.HttpClientBeanHolder   : [HttpClientBeanHolder] Destruction of the end
17:04:34:387  INFO 13520 --- [SpringApplicationShutdownHook] c.a.c.n.registry.NacosServiceRegistry    : De-registering from Nacos Server now...
17:04:34:392  INFO 13520 --- [SpringApplicationShutdownHook] c.a.c.n.registry.NacosServiceRegistry    : De-registration finished.
17:04:34:727  INFO 13520 --- [SpringApplicationShutdownHook] com.alibaba.nacos.common.remote.client   : Shutdown rpc client, set status to shutdown
17:04:34:727  INFO 13520 --- [SpringApplicationShutdownHook] com.alibaba.nacos.common.remote.client   : Shutdown client event executor java.util.concurrent.ScheduledThreadPoolExecutor@507a9181[Running, pool size = 2, active threads = 2, queued tasks = 0, completed tasks = 0]
17:04:34:727  INFO 13520 --- [SpringApplicationShutdownHook] com.alibaba.nacos.common.remote.client   : Close current connection 1728550957386_192.168.21.1_59267
17:04:34:730  INFO 13520 --- [nacos-grpc-client-executor-41] c.a.n.c.remote.client.grpc.GrpcClient    : [1728550957386_192.168.21.1_59267]Ignore complete event,isRunning:false,isAbandon=false
17:04:34:733  INFO 13520 --- [SpringApplicationShutdownHook] c.a.n.c.remote.client.grpc.GrpcClient    : Shutdown grpc executor java.util.concurrent.ThreadPoolExecutor@2c17a96[Running, pool size = 5, active threads = 0, queued tasks = 0, completed tasks = 42]
17:04:52:342  INFO 8008 --- [main] com.hmall.user.UserApplication           : Starting UserApplication using Java 11.0.23 on LAPTOP-PVVFBTR9 with PID 8008 (D:\IdeaProjects\hmall\user-service\target\classes started by GHR in D:\IdeaProjects\hmall)
17:04:52:343 DEBUG 8008 --- [main] com.hmall.user.UserApplication           : Running with Spring Boot v2.7.12, Spring v5.3.27
17:04:52:345  INFO 8008 --- [main] com.hmall.user.UserApplication           : The following 1 profile is active: "local"
17:04:53:274  INFO 8008 --- [main] o.s.cloud.context.scope.GenericScope     : BeanFactory id=c84af717-a19d-34c5-ba5a-cf2bbbf28a33
17:04:53:671  INFO 8008 --- [main] o.s.b.w.embedded.tomcat.TomcatWebServer  : Tomcat initialized with port(s): 8084 (http)
17:04:53:672  INFO 8008 --- [main] o.a.catalina.core.AprLifecycleListener   : Loaded Apache Tomcat Native library [1.2.39] using APR version [1.7.4].
17:04:53:672  INFO 8008 --- [main] o.a.catalina.core.AprLifecycleListener   : APR capabilities: IPv6 [true], sendfile [true], accept filters [false], random [true], UDS [true].
17:04:53:672  INFO 8008 --- [main] o.a.catalina.core.AprLifecycleListener   : APR/OpenSSL configuration: useAprConnector [false], useOpenSSL [true]
17:04:53:677  INFO 8008 --- [main] o.a.catalina.core.AprLifecycleListener   : OpenSSL successfully initialized [OpenSSL 3.0.11 19 Sep 2023]
17:04:53:683  INFO 8008 --- [main] o.apache.catalina.core.StandardService   : Starting service [Tomcat]
17:04:53:683  INFO 8008 --- [main] org.apache.catalina.core.StandardEngine  : Starting Servlet engine: [Apache Tomcat/9.0.75]
17:04:53:806  INFO 8008 --- [main] o.a.c.c.C.[Tomcat].[localhost].[/]       : Initializing Spring embedded WebApplicationContext
17:04:53:806  INFO 8008 --- [main] w.s.c.ServletWebServerApplicationContext : Root WebApplicationContext: initialization completed in 1433 ms
17:04:57:271  INFO 8008 --- [main] o.s.cloud.commons.util.InetUtils         : Cannot determine local hostname
17:04:57:292  INFO 8008 --- [main] pertySourcedRequestMappingHandlerMapping : Mapped URL path [/v2/api-docs] onto method [springfox.documentation.swagger2.web.Swagger2ControllerWebMvc#getDocumentation(String, HttpServletRequest)]
17:04:58:633  INFO 8008 --- [main] o.s.cloud.commons.util.InetUtils         : Cannot determine local hostname
17:04:58:760  INFO 8008 --- [main] com.alibaba.nacos.common.remote.client   : [RpcClientFactory] create a new rpc client of ddd302a0-23e5-4167-91d1-dab3922194f7
17:04:58:807  INFO 8008 --- [main] org.reflections.Reflections              : Reflections took 27 ms to scan 1 urls, producing 3 keys and 6 values 
17:04:58:823  INFO 8008 --- [main] org.reflections.Reflections              : Reflections took 8 ms to scan 1 urls, producing 4 keys and 9 values 
17:04:58:834  INFO 8008 --- [main] org.reflections.Reflections              : Reflections took 6 ms to scan 1 urls, producing 3 keys and 10 values 
17:04:58:835  WARN 8008 --- [main] org.reflections.Reflections              : given scan urls are empty. set urls in the configuration
17:04:58:838  INFO 8008 --- [main] org.reflections.Reflections              : Reflections took 3 ms to scan 1 urls, producing 1 keys and 5 values 
17:04:58:844  INFO 8008 --- [main] org.reflections.Reflections              : Reflections took 1 ms to scan 1 urls, producing 1 keys and 7 values 
17:04:58:854  INFO 8008 --- [main] org.reflections.Reflections              : Reflections took 4 ms to scan 1 urls, producing 2 keys and 8 values 
17:04:58:857  WARN 8008 --- [main] org.reflections.Reflections              : given scan urls are empty. set urls in the configuration
17:04:58:858  INFO 8008 --- [main] com.alibaba.nacos.common.remote.client   : [ddd302a0-23e5-4167-91d1-dab3922194f7] RpcClient init label, labels = {module=naming, source=sdk}
17:04:58:858  INFO 8008 --- [main] com.alibaba.nacos.common.remote.client   : [ddd302a0-23e5-4167-91d1-dab3922194f7] RpcClient init, ServerListFactory = com.alibaba.nacos.client.naming.core.ServerListManager
17:04:58:858  INFO 8008 --- [main] com.alibaba.nacos.common.remote.client   : [ddd302a0-23e5-4167-91d1-dab3922194f7] Registry connection listener to current client:com.alibaba.nacos.client.naming.remote.gprc.redo.NamingGrpcRedoService
17:04:58:860  INFO 8008 --- [main] com.alibaba.nacos.common.remote.client   : [ddd302a0-23e5-4167-91d1-dab3922194f7] Register server push request handler:com.alibaba.nacos.client.naming.remote.gprc.NamingPushRequestHandler
17:04:58:861  INFO 8008 --- [main] com.alibaba.nacos.common.remote.client   : [ddd302a0-23e5-4167-91d1-dab3922194f7] Try to connect to server on start up, server: {serverIp = '192.168.21.135', server main port = 8848}
17:05:00:209  INFO 8008 --- [main] com.alibaba.nacos.common.remote.client   : [ddd302a0-23e5-4167-91d1-dab3922194f7] Success to connect to server [192.168.21.135:8848] on start up, connectionId = 1728551100045_192.168.21.1_60093
17:05:00:210  INFO 8008 --- [main] com.alibaba.nacos.common.remote.client   : [ddd302a0-23e5-4167-91d1-dab3922194f7] Register server push request handler:com.alibaba.nacos.common.remote.client.RpcClient$ConnectResetRequestHandler
17:05:00:210  INFO 8008 --- [com.alibaba.nacos.client.remote.worker] com.alibaba.nacos.common.remote.client   : [ddd302a0-23e5-4167-91d1-dab3922194f7] Notify connected event to listeners.
17:05:00:212  INFO 8008 --- [main] com.alibaba.nacos.common.remote.client   : [ddd302a0-23e5-4167-91d1-dab3922194f7] Register server push request handler:com.alibaba.nacos.common.remote.client.RpcClient$$Lambda$956/0x0000000800714840
17:05:00:252  INFO 8008 --- [main] o.s.b.w.embedded.tomcat.TomcatWebServer  : Tomcat started on port(s): 8084 (http) with context path ''
17:05:00:262  INFO 8008 --- [main] c.a.c.n.registry.NacosServiceRegistry    : nacos registry, DEFAULT_GROUP user-service 192.168.41.1:8084 register finished
17:05:00:754  INFO 8008 --- [nacos-grpc-client-executor-10] com.alibaba.nacos.common.remote.client   : [ddd302a0-23e5-4167-91d1-dab3922194f7] Receive server push request, request = NotifySubscriberRequest, requestId = 46
17:05:00:760  INFO 8008 --- [nacos-grpc-client-executor-10] com.alibaba.nacos.common.remote.client   : [ddd302a0-23e5-4167-91d1-dab3922194f7] Ack server push request, request = NotifySubscriberRequest, requestId = 46
17:05:01:580  INFO 8008 --- [main] o.s.cloud.commons.util.InetUtils         : Cannot determine local hostname
17:05:01:580  INFO 8008 --- [main] d.s.w.p.DocumentationPluginsBootstrapper : Documentation plugins bootstrapped
17:05:01:583  INFO 8008 --- [main] d.s.w.p.DocumentationPluginsBootstrapper : Found 1 custom documentation plugin(s)
17:05:01:604  INFO 8008 --- [main] s.d.s.w.s.ApiListingReferenceScanner     : Scanning for api listing references
17:05:01:682  INFO 8008 --- [main] com.hmall.user.UserApplication           : Started UserApplication in 11.19 seconds (JVM running for 12.283)
17:05:11:415  WARN 8008 --- [Thread-7] c.a.n.common.http.HttpClientBeanHolder   : [HttpClientBeanHolder] Start destroying common HttpClient
17:05:11:415  WARN 8008 --- [Thread-4] c.a.nacos.common.notify.NotifyCenter     : [NotifyCenter] Start destroying Publisher
17:05:11:415  WARN 8008 --- [Thread-4] c.a.nacos.common.notify.NotifyCenter     : [NotifyCenter] Destruction of the end
17:05:11:415  WARN 8008 --- [Thread-7] c.a.n.common.http.HttpClientBeanHolder   : [HttpClientBeanHolder] Destruction of the end
17:05:11:721  INFO 8008 --- [SpringApplicationShutdownHook] c.a.c.n.registry.NacosServiceRegistry    : De-registering from Nacos Server now...
17:05:11:728  INFO 8008 --- [SpringApplicationShutdownHook] c.a.c.n.registry.NacosServiceRegistry    : De-registration finished.
17:05:12:054  INFO 8008 --- [SpringApplicationShutdownHook] com.alibaba.nacos.common.remote.client   : Shutdown rpc client, set status to shutdown
17:05:12:054  INFO 8008 --- [SpringApplicationShutdownHook] com.alibaba.nacos.common.remote.client   : Shutdown client event executor java.util.concurrent.ScheduledThreadPoolExecutor@7aaf3dee[Running, pool size = 2, active threads = 2, queued tasks = 0, completed tasks = 0]
17:05:12:054  INFO 8008 --- [SpringApplicationShutdownHook] com.alibaba.nacos.common.remote.client   : Close current connection 1728551100045_192.168.21.1_60093
17:05:12:055  INFO 8008 --- [nacos-grpc-client-executor-16] c.a.n.c.remote.client.grpc.GrpcClient    : [1728551100045_192.168.21.1_60093]Ignore complete event,isRunning:false,isAbandon=false
17:05:12:057  INFO 8008 --- [SpringApplicationShutdownHook] c.a.n.c.remote.client.grpc.GrpcClient    : Shutdown grpc executor java.util.concurrent.ThreadPoolExecutor@63d1816d[Running, pool size = 4, active threads = 0, queued tasks = 0, completed tasks = 17]
17:05:32:318  INFO 10116 --- [main] com.hmall.user.UserApplication           : Starting UserApplication using Java 11.0.23 on LAPTOP-PVVFBTR9 with PID 10116 (D:\IdeaProjects\hmall\user-service\target\classes started by GHR in D:\IdeaProjects\hmall)
17:05:32:320 DEBUG 10116 --- [main] com.hmall.user.UserApplication           : Running with Spring Boot v2.7.12, Spring v5.3.27
17:05:32:320  INFO 10116 --- [main] com.hmall.user.UserApplication           : The following 1 profile is active: "local"
17:05:33:348  INFO 10116 --- [main] o.s.cloud.context.scope.GenericScope     : BeanFactory id=c84af717-a19d-34c5-ba5a-cf2bbbf28a33
17:05:33:591  INFO 10116 --- [main] o.s.b.w.embedded.tomcat.TomcatWebServer  : Tomcat initialized with port(s): 8084 (http)
17:05:33:592  INFO 10116 --- [main] o.a.catalina.core.AprLifecycleListener   : Loaded Apache Tomcat Native library [1.2.39] using APR version [1.7.4].
17:05:33:592  INFO 10116 --- [main] o.a.catalina.core.AprLifecycleListener   : APR capabilities: IPv6 [true], sendfile [true], accept filters [false], random [true], UDS [true].
17:05:33:592  INFO 10116 --- [main] o.a.catalina.core.AprLifecycleListener   : APR/OpenSSL configuration: useAprConnector [false], useOpenSSL [true]
17:05:33:593  INFO 10116 --- [main] o.a.catalina.core.AprLifecycleListener   : OpenSSL successfully initialized [OpenSSL 3.0.11 19 Sep 2023]
17:05:33:599  INFO 10116 --- [main] o.apache.catalina.core.StandardService   : Starting service [Tomcat]
17:05:33:602  INFO 10116 --- [main] org.apache.catalina.core.StandardEngine  : Starting Servlet engine: [Apache Tomcat/9.0.75]
17:05:33:701  INFO 10116 --- [main] o.a.c.c.C.[Tomcat].[localhost].[/]       : Initializing Spring embedded WebApplicationContext
17:05:33:701  INFO 10116 --- [main] w.s.c.ServletWebServerApplicationContext : Root WebApplicationContext: initialization completed in 1347 ms
17:05:36:809  INFO 10116 --- [main] o.s.cloud.commons.util.InetUtils         : Cannot determine local hostname
17:05:36:825  INFO 10116 --- [main] pertySourcedRequestMappingHandlerMapping : Mapped URL path [/v2/api-docs] onto method [springfox.documentation.swagger2.web.Swagger2ControllerWebMvc#getDocumentation(String, HttpServletRequest)]
17:05:38:243  INFO 10116 --- [main] o.s.cloud.commons.util.InetUtils         : Cannot determine local hostname
17:05:38:366  INFO 10116 --- [main] com.alibaba.nacos.common.remote.client   : [RpcClientFactory] create a new rpc client of 1768a0be-c015-4240-9ee0-a6adc2f71348
17:05:38:390  INFO 10116 --- [main] org.reflections.Reflections              : Reflections took 12 ms to scan 1 urls, producing 3 keys and 6 values 
17:05:38:415  INFO 10116 --- [main] org.reflections.Reflections              : Reflections took 9 ms to scan 1 urls, producing 4 keys and 9 values 
17:05:38:430  INFO 10116 --- [main] org.reflections.Reflections              : Reflections took 14 ms to scan 1 urls, producing 3 keys and 10 values 
17:05:38:430  WARN 10116 --- [main] org.reflections.Reflections              : given scan urls are empty. set urls in the configuration
17:05:38:436  INFO 10116 --- [main] org.reflections.Reflections              : Reflections took 6 ms to scan 1 urls, producing 1 keys and 5 values 
17:05:38:440  INFO 10116 --- [main] org.reflections.Reflections              : Reflections took 1 ms to scan 1 urls, producing 1 keys and 7 values 
17:05:38:452  INFO 10116 --- [main] org.reflections.Reflections              : Reflections took 5 ms to scan 1 urls, producing 2 keys and 8 values 
17:05:38:454  WARN 10116 --- [main] org.reflections.Reflections              : given scan urls are empty. set urls in the configuration
17:05:38:454  INFO 10116 --- [main] com.alibaba.nacos.common.remote.client   : [1768a0be-c015-4240-9ee0-a6adc2f71348] RpcClient init label, labels = {module=naming, source=sdk}
17:05:38:454  INFO 10116 --- [main] com.alibaba.nacos.common.remote.client   : [1768a0be-c015-4240-9ee0-a6adc2f71348] RpcClient init, ServerListFactory = com.alibaba.nacos.client.naming.core.ServerListManager
17:05:38:454  INFO 10116 --- [main] com.alibaba.nacos.common.remote.client   : [1768a0be-c015-4240-9ee0-a6adc2f71348] Registry connection listener to current client:com.alibaba.nacos.client.naming.remote.gprc.redo.NamingGrpcRedoService
17:05:38:454  INFO 10116 --- [main] com.alibaba.nacos.common.remote.client   : [1768a0be-c015-4240-9ee0-a6adc2f71348] Register server push request handler:com.alibaba.nacos.client.naming.remote.gprc.NamingPushRequestHandler
17:05:38:458  INFO 10116 --- [main] com.alibaba.nacos.common.remote.client   : [1768a0be-c015-4240-9ee0-a6adc2f71348] Try to connect to server on start up, server: {serverIp = '192.168.21.135', server main port = 8848}
17:05:39:977  INFO 10116 --- [main] com.alibaba.nacos.common.remote.client   : [1768a0be-c015-4240-9ee0-a6adc2f71348] Success to connect to server [192.168.21.135:8848] on start up, connectionId = 1728551139804_192.168.21.1_60691
17:05:39:977  INFO 10116 --- [com.alibaba.nacos.client.remote.worker] com.alibaba.nacos.common.remote.client   : [1768a0be-c015-4240-9ee0-a6adc2f71348] Notify connected event to listeners.
17:05:39:978  INFO 10116 --- [main] com.alibaba.nacos.common.remote.client   : [1768a0be-c015-4240-9ee0-a6adc2f71348] Register server push request handler:com.alibaba.nacos.common.remote.client.RpcClient$ConnectResetRequestHandler
17:05:39:979  INFO 10116 --- [main] com.alibaba.nacos.common.remote.client   : [1768a0be-c015-4240-9ee0-a6adc2f71348] Register server push request handler:com.alibaba.nacos.common.remote.client.RpcClient$$Lambda$956/0x000000080019f040
17:05:40:017  INFO 10116 --- [main] o.s.b.w.embedded.tomcat.TomcatWebServer  : Tomcat started on port(s): 8084 (http) with context path ''
17:05:40:026  INFO 10116 --- [main] c.a.c.n.registry.NacosServiceRegistry    : nacos registry, DEFAULT_GROUP user-service 192.168.41.1:8084 register finished
17:05:40:559  INFO 10116 --- [nacos-grpc-client-executor-11] com.alibaba.nacos.common.remote.client   : [1768a0be-c015-4240-9ee0-a6adc2f71348] Receive server push request, request = NotifySubscriberRequest, requestId = 55
17:05:40:562  INFO 10116 --- [nacos-grpc-client-executor-11] com.alibaba.nacos.common.remote.client   : [1768a0be-c015-4240-9ee0-a6adc2f71348] Ack server push request, request = NotifySubscriberRequest, requestId = 55
17:05:41:408  INFO 10116 --- [main] o.s.cloud.commons.util.InetUtils         : Cannot determine local hostname
17:05:41:408  INFO 10116 --- [main] d.s.w.p.DocumentationPluginsBootstrapper : Documentation plugins bootstrapped
17:05:41:410  INFO 10116 --- [main] d.s.w.p.DocumentationPluginsBootstrapper : Found 1 custom documentation plugin(s)
17:05:41:424  INFO 10116 --- [main] s.d.s.w.s.ApiListingReferenceScanner     : Scanning for api listing references
17:05:41:492  INFO 10116 --- [main] com.hmall.user.UserApplication           : Started UserApplication in 11.195 seconds (JVM running for 12.252)
17:14:05:366  WARN 10116 --- [Thread-4] c.a.nacos.common.notify.NotifyCenter     : [NotifyCenter] Start destroying Publisher
17:14:05:366  WARN 10116 --- [Thread-7] c.a.n.common.http.HttpClientBeanHolder   : [HttpClientBeanHolder] Start destroying common HttpClient
17:14:05:366  WARN 10116 --- [Thread-4] c.a.nacos.common.notify.NotifyCenter     : [NotifyCenter] Destruction of the end
17:14:05:367  WARN 10116 --- [Thread-7] c.a.n.common.http.HttpClientBeanHolder   : [HttpClientBeanHolder] Destruction of the end
17:14:05:757  INFO 10116 --- [SpringApplicationShutdownHook] c.a.c.n.registry.NacosServiceRegistry    : De-registering from Nacos Server now...
17:14:05:762  INFO 10116 --- [SpringApplicationShutdownHook] c.a.c.n.registry.NacosServiceRegistry    : De-registration finished.
17:14:06:098  INFO 10116 --- [SpringApplicationShutdownHook] com.alibaba.nacos.common.remote.client   : Shutdown rpc client, set status to shutdown
17:14:06:098  INFO 10116 --- [SpringApplicationShutdownHook] com.alibaba.nacos.common.remote.client   : Shutdown client event executor java.util.concurrent.ScheduledThreadPoolExecutor@482b9af1[Running, pool size = 2, active threads = 2, queued tasks = 0, completed tasks = 0]
17:14:06:098  INFO 10116 --- [SpringApplicationShutdownHook] com.alibaba.nacos.common.remote.client   : Close current connection 1728551139804_192.168.21.1_60691
17:14:06:100  INFO 10116 --- [nacos-grpc-client-executor-132] c.a.n.c.remote.client.grpc.GrpcClient    : [1728551139804_192.168.21.1_60691]Ignore complete event,isRunning:false,isAbandon=false
17:14:06:101  INFO 10116 --- [SpringApplicationShutdownHook] c.a.n.c.remote.client.grpc.GrpcClient    : Shutdown grpc executor java.util.concurrent.ThreadPoolExecutor@79cc4300[Running, pool size = 6, active threads = 0, queued tasks = 0, completed tasks = 133]
17:14:32:148  INFO 17084 --- [main] com.hmall.user.UserApplication           : Starting UserApplication using Java 11.0.23 on LAPTOP-PVVFBTR9 with PID 17084 (D:\IdeaProjects\hmall\user-service\target\classes started by GHR in D:\IdeaProjects\hmall)
17:14:32:149 DEBUG 17084 --- [main] com.hmall.user.UserApplication           : Running with Spring Boot v2.7.12, Spring v5.3.27
17:14:32:149  INFO 17084 --- [main] com.hmall.user.UserApplication           : The following 1 profile is active: "local"
17:14:33:164  INFO 17084 --- [main] o.s.cloud.context.scope.GenericScope     : BeanFactory id=c84af717-a19d-34c5-ba5a-cf2bbbf28a33
17:14:33:403  INFO 17084 --- [main] o.s.b.w.embedded.tomcat.TomcatWebServer  : Tomcat initialized with port(s): 8084 (http)
17:14:33:404  INFO 17084 --- [main] o.a.catalina.core.AprLifecycleListener   : Loaded Apache Tomcat Native library [1.2.39] using APR version [1.7.4].
17:14:33:404  INFO 17084 --- [main] o.a.catalina.core.AprLifecycleListener   : APR capabilities: IPv6 [true], sendfile [true], accept filters [false], random [true], UDS [true].
17:14:33:405  INFO 17084 --- [main] o.a.catalina.core.AprLifecycleListener   : APR/OpenSSL configuration: useAprConnector [false], useOpenSSL [true]
17:14:33:407  INFO 17084 --- [main] o.a.catalina.core.AprLifecycleListener   : OpenSSL successfully initialized [OpenSSL 3.0.11 19 Sep 2023]
17:14:33:414  INFO 17084 --- [main] o.apache.catalina.core.StandardService   : Starting service [Tomcat]
17:14:33:414  INFO 17084 --- [main] org.apache.catalina.core.StandardEngine  : Starting Servlet engine: [Apache Tomcat/9.0.75]
17:14:33:523  INFO 17084 --- [main] o.a.c.c.C.[Tomcat].[localhost].[/]       : Initializing Spring embedded WebApplicationContext
17:14:33:523  INFO 17084 --- [main] w.s.c.ServletWebServerApplicationContext : Root WebApplicationContext: initialization completed in 1343 ms
17:14:36:628  INFO 17084 --- [main] o.s.cloud.commons.util.InetUtils         : Cannot determine local hostname
17:14:36:645  INFO 17084 --- [main] pertySourcedRequestMappingHandlerMapping : Mapped URL path [/v2/api-docs] onto method [springfox.documentation.swagger2.web.Swagger2ControllerWebMvc#getDocumentation(String, HttpServletRequest)]
17:14:38:058  INFO 17084 --- [main] o.s.cloud.commons.util.InetUtils         : Cannot determine local hostname
17:14:38:171  INFO 17084 --- [main] com.alibaba.nacos.common.remote.client   : [RpcClientFactory] create a new rpc client of bdc6e98f-4e91-4625-9735-cdebc945d887
17:14:38:203  INFO 17084 --- [main] org.reflections.Reflections              : Reflections took 19 ms to scan 1 urls, producing 3 keys and 6 values 
17:14:38:220  INFO 17084 --- [main] org.reflections.Reflections              : Reflections took 7 ms to scan 1 urls, producing 4 keys and 9 values 
17:14:38:227  INFO 17084 --- [main] org.reflections.Reflections              : Reflections took 5 ms to scan 1 urls, producing 3 keys and 10 values 
17:14:38:229  WARN 17084 --- [main] org.reflections.Reflections              : given scan urls are empty. set urls in the configuration
17:14:38:234  INFO 17084 --- [main] org.reflections.Reflections              : Reflections took 5 ms to scan 1 urls, producing 1 keys and 5 values 
17:14:38:242  INFO 17084 --- [main] org.reflections.Reflections              : Reflections took 6 ms to scan 1 urls, producing 1 keys and 7 values 
17:14:38:249  INFO 17084 --- [main] org.reflections.Reflections              : Reflections took 4 ms to scan 1 urls, producing 2 keys and 8 values 
17:14:38:251  WARN 17084 --- [main] org.reflections.Reflections              : given scan urls are empty. set urls in the configuration
17:14:38:252  INFO 17084 --- [main] com.alibaba.nacos.common.remote.client   : [bdc6e98f-4e91-4625-9735-cdebc945d887] RpcClient init label, labels = {module=naming, source=sdk}
17:14:38:253  INFO 17084 --- [main] com.alibaba.nacos.common.remote.client   : [bdc6e98f-4e91-4625-9735-cdebc945d887] RpcClient init, ServerListFactory = com.alibaba.nacos.client.naming.core.ServerListManager
17:14:38:254  INFO 17084 --- [main] com.alibaba.nacos.common.remote.client   : [bdc6e98f-4e91-4625-9735-cdebc945d887] Registry connection listener to current client:com.alibaba.nacos.client.naming.remote.gprc.redo.NamingGrpcRedoService
17:14:38:255  INFO 17084 --- [main] com.alibaba.nacos.common.remote.client   : [bdc6e98f-4e91-4625-9735-cdebc945d887] Register server push request handler:com.alibaba.nacos.client.naming.remote.gprc.NamingPushRequestHandler
17:14:38:255  INFO 17084 --- [main] com.alibaba.nacos.common.remote.client   : [bdc6e98f-4e91-4625-9735-cdebc945d887] Try to connect to server on start up, server: {serverIp = '192.168.21.135', server main port = 8848}
17:14:39:776  INFO 17084 --- [main] com.alibaba.nacos.common.remote.client   : [bdc6e98f-4e91-4625-9735-cdebc945d887] Success to connect to server [192.168.21.135:8848] on start up, connectionId = 1728551679609_192.168.21.1_57339
17:14:39:778  INFO 17084 --- [main] com.alibaba.nacos.common.remote.client   : [bdc6e98f-4e91-4625-9735-cdebc945d887] Register server push request handler:com.alibaba.nacos.common.remote.client.RpcClient$ConnectResetRequestHandler
17:14:39:777  INFO 17084 --- [com.alibaba.nacos.client.remote.worker] com.alibaba.nacos.common.remote.client   : [bdc6e98f-4e91-4625-9735-cdebc945d887] Notify connected event to listeners.
17:14:39:778  INFO 17084 --- [main] com.alibaba.nacos.common.remote.client   : [bdc6e98f-4e91-4625-9735-cdebc945d887] Register server push request handler:com.alibaba.nacos.common.remote.client.RpcClient$$Lambda$956/0x000000080070c840
17:14:39:815  INFO 17084 --- [main] o.s.b.w.embedded.tomcat.TomcatWebServer  : Tomcat started on port(s): 8084 (http) with context path ''
17:14:39:825  INFO 17084 --- [main] c.a.c.n.registry.NacosServiceRegistry    : nacos registry, DEFAULT_GROUP user-service 192.168.41.1:8084 register finished
17:14:40:315  INFO 17084 --- [nacos-grpc-client-executor-9] com.alibaba.nacos.common.remote.client   : [bdc6e98f-4e91-4625-9735-cdebc945d887] Receive server push request, request = NotifySubscriberRequest, requestId = 65
17:14:40:315  INFO 17084 --- [nacos-grpc-client-executor-9] com.alibaba.nacos.common.remote.client   : [bdc6e98f-4e91-4625-9735-cdebc945d887] Ack server push request, request = NotifySubscriberRequest, requestId = 65
17:14:41:125  INFO 17084 --- [main] o.s.cloud.commons.util.InetUtils         : Cannot determine local hostname
17:14:41:125  INFO 17084 --- [main] d.s.w.p.DocumentationPluginsBootstrapper : Documentation plugins bootstrapped
17:14:41:125  INFO 17084 --- [main] d.s.w.p.DocumentationPluginsBootstrapper : Found 1 custom documentation plugin(s)
17:14:41:141  INFO 17084 --- [main] s.d.s.w.s.ApiListingReferenceScanner     : Scanning for api listing references
17:14:41:204  INFO 17084 --- [main] com.hmall.user.UserApplication           : Started UserApplication in 11.093 seconds (JVM running for 12.138)
17:18:03:394  INFO 17084 --- [http-nio-8084-exec-1] o.a.c.c.C.[Tomcat].[localhost].[/]       : Initializing Spring DispatcherServlet 'dispatcherServlet'
17:18:03:394  INFO 17084 --- [http-nio-8084-exec-1] o.s.web.servlet.DispatcherServlet        : Initializing Servlet 'dispatcherServlet'
17:18:03:396  INFO 17084 --- [http-nio-8084-exec-1] o.s.web.servlet.DispatcherServlet        : Completed initialization in 2 ms
17:18:03:515  INFO 17084 --- [http-nio-8084-exec-1] com.zaxxer.hikari.HikariDataSource       : HikariPool-1 - Starting...
17:18:03:766  INFO 17084 --- [http-nio-8084-exec-1] com.zaxxer.hikari.HikariDataSource       : HikariPool-1 - Start completed.
17:18:03:773 DEBUG 17084 --- [http-nio-8084-exec-1] c.h.user.mapper.UserMapper.selectOne     : ==>  Preparing: SELECT id,username,password,phone,create_time,update_time,status,balance FROM user WHERE (username = ?)
17:18:03:788 DEBUG 17084 --- [http-nio-8084-exec-1] c.h.user.mapper.UserMapper.selectOne     : ==> Parameters: jack(String)
17:18:03:819 DEBUG 17084 --- [http-nio-8084-exec-1] c.h.user.mapper.UserMapper.selectOne     : <==      Total: 1
17:18:42:051 DEBUG 17084 --- [http-nio-8084-exec-2] c.h.user.mapper.UserMapper.selectOne     : ==>  Preparing: SELECT id,username,password,phone,create_time,update_time,status,balance FROM user WHERE (username = ?)
17:18:42:051 DEBUG 17084 --- [http-nio-8084-exec-2] c.h.user.mapper.UserMapper.selectOne     : ==> Parameters: rose(String)
17:18:42:051 DEBUG 17084 --- [http-nio-8084-exec-2] c.h.user.mapper.UserMapper.selectOne     : <==      Total: 1
17:20:31:046  WARN 17084 --- [Thread-7] c.a.n.common.http.HttpClientBeanHolder   : [HttpClientBeanHolder] Start destroying common HttpClient
17:20:31:046  WARN 17084 --- [Thread-4] c.a.nacos.common.notify.NotifyCenter     : [NotifyCenter] Start destroying Publisher
17:20:31:046  WARN 17084 --- [Thread-4] c.a.nacos.common.notify.NotifyCenter     : [NotifyCenter] Destruction of the end
17:20:31:046  WARN 17084 --- [Thread-7] c.a.n.common.http.HttpClientBeanHolder   : [HttpClientBeanHolder] Destruction of the end
17:20:31:373  INFO 17084 --- [SpringApplicationShutdownHook] c.a.c.n.registry.NacosServiceRegistry    : De-registering from Nacos Server now...
17:20:31:378  INFO 17084 --- [SpringApplicationShutdownHook] c.a.c.n.registry.NacosServiceRegistry    : De-registration finished.
17:20:31:704  INFO 17084 --- [SpringApplicationShutdownHook] com.alibaba.nacos.common.remote.client   : Shutdown rpc client, set status to shutdown
17:20:31:704  INFO 17084 --- [SpringApplicationShutdownHook] com.alibaba.nacos.common.remote.client   : Shutdown client event executor java.util.concurrent.ScheduledThreadPoolExecutor@490cfc1e[Running, pool size = 2, active threads = 2, queued tasks = 0, completed tasks = 0]
17:20:31:704  INFO 17084 --- [SpringApplicationShutdownHook] com.alibaba.nacos.common.remote.client   : Close current connection 1728551679609_192.168.21.1_57339
17:20:31:706  INFO 17084 --- [nacos-grpc-client-executor-91] c.a.n.c.remote.client.grpc.GrpcClient    : [1728551679609_192.168.21.1_57339]Ignore complete event,isRunning:false,isAbandon=false
17:20:31:709  INFO 17084 --- [SpringApplicationShutdownHook] c.a.n.c.remote.client.grpc.GrpcClient    : Shutdown grpc executor java.util.concurrent.ThreadPoolExecutor@dd2ff83[Running, pool size = 5, active threads = 0, queued tasks = 0, completed tasks = 92]
17:20:31:713  INFO 17084 --- [SpringApplicationShutdownHook] com.zaxxer.hikari.HikariDataSource       : HikariPool-1 - Shutdown initiated...
17:20:31:726  INFO 17084 --- [SpringApplicationShutdownHook] com.zaxxer.hikari.HikariDataSource       : HikariPool-1 - Shutdown completed.
